[2026-07-16T02:50:35.683+0000] {local_task_job_runner.py:120} INFO - ::group::Pre task execution logs
[2026-07-16T02:50:35.697+0000] {taskinstance.py:2076} INFO - Dependencies all met for dep_context=non-requeueable deps ti=<TaskInstance: minio_to_snowflake.load_snowflake scheduled__2026-07-16T02:42:00+00:00 [queued]>
[2026-07-16T02:50:35.701+0000] {taskinstance.py:2076} INFO - Dependencies all met for dep_context=requeueable deps ti=<TaskInstance: minio_to_snowflake.load_snowflake scheduled__2026-07-16T02:42:00+00:00 [queued]>
[2026-07-16T02:50:35.701+0000] {taskinstance.py:2306} INFO - Starting attempt 1 of 2
[2026-07-16T02:50:35.708+0000] {taskinstance.py:2330} INFO - Executing <Task(PythonOperator): load_snowflake> on 2026-07-16 02:42:00+00:00
[2026-07-16T02:50:35.713+0000] {logging_mixin.py:188} WARNING - /home/***/.local/lib/python3.12/site-packages/***/task/task_runner/standard_task_runner.py:62 DeprecationWarning: This process (pid=95179) is multi-threaded, use of fork() may lead to deadlocks in the child.
[2026-07-16T02:50:35.712+0000] {standard_task_runner.py:90} INFO - Running: ['***', 'tasks', 'run', 'minio_to_snowflake', 'load_snowflake', 'scheduled__2026-07-16T02:42:00+00:00', '--job-id', '328', '--raw', '--subdir', 'DAGS_FOLDER/minio_to_snowflake.py', '--cfg-path', '/tmp/tmp841vuhu8']
[2026-07-16T02:50:35.714+0000] {standard_task_runner.py:91} INFO - Job 328: Subtask load_snowflake
[2026-07-16T02:50:35.714+0000] {standard_task_runner.py:64} INFO - Started process 95193 to run task
[2026-07-16T02:50:35.740+0000] {task_command.py:426} INFO - Running <TaskInstance: minio_to_snowflake.load_snowflake scheduled__2026-07-16T02:42:00+00:00 [running]> on host 1b3af0dde868
[2026-07-16T02:50:35.784+0000] {taskinstance.py:2648} INFO - Exporting env vars: AIRFLOW_CTX_DAG_OWNER='***' AIRFLOW_CTX_DAG_ID='minio_to_snowflake' AIRFLOW_CTX_TASK_ID='load_snowflake' AIRFLOW_CTX_EXECUTION_DATE='2026-07-16T02:42:00+00:00' AIRFLOW_CTX_TRY_NUMBER='1' AIRFLOW_CTX_DAG_RUN_ID='scheduled__2026-07-16T02:42:00+00:00'
[2026-07-16T02:50:35.785+0000] {taskinstance.py:430} INFO - ::endgroup::
[2026-07-16T02:50:35.834+0000] {connection.py:408} INFO - Snowflake Connector for Python Version: 3.11.0, Python Version: 3.12.4, Platform: Linux-6.12.76-linuxkit-aarch64-with-glibc2.36
[2026-07-16T02:50:35.835+0000] {connection.py:1258} INFO - This connection is in OCSP Fail Open Mode. TLS Certificates would be checked for validity and revocation status. Any other Certificate Revocation related exceptions or OCSP Responder failures would be disregarded in favor of connectivity.
[2026-07-16T02:50:37.874+0000] {logging_mixin.py:188} INFO - Uploaded /tmp/minio_downloads/1783903075.json to Snowflake stage
[2026-07-16T02:50:38.296+0000] {logging_mixin.py:188} INFO - Uploaded /tmp/minio_downloads/1783903082.json to Snowflake stage
[2026-07-16T02:50:38.686+0000] {logging_mixin.py:188} INFO - Uploaded /tmp/minio_downloads/1784067253.json to Snowflake stage
[2026-07-16T02:50:39.110+0000] {logging_mixin.py:188} INFO - Uploaded /tmp/minio_downloads/1784067260.json to Snowflake stage
[2026-07-16T02:50:39.554+0000] {logging_mixin.py:188} INFO - Uploaded /tmp/minio_downloads/1784067267.json to Snowflake stage
[2026-07-16T02:50:39.945+0000] {logging_mixin.py:188} INFO - Uploaded /tmp/minio_downloads/1784067274.json to Snowflake stage
[2026-07-16T02:50:40.275+0000] {logging_mixin.py:188} INFO - Uploaded /tmp/minio_downloads/1784067281.json to Snowflake stage
[2026-07-16T02:50:40.652+0000] {logging_mixin.py:188} INFO - Uploaded /tmp/minio_downloads/1784067287.json to Snowflake stage
[2026-07-16T02:50:41.042+0000] {logging_mixin.py:188} INFO - Uploaded /tmp/minio_downloads/1784067294.json to Snowflake stage
[2026-07-16T02:50:41.476+0000] {logging_mixin.py:188} INFO - Uploaded /tmp/minio_downloads/1784067301.json to Snowflake stage
[2026-07-16T02:50:41.823+0000] {logging_mixin.py:188} INFO - Uploaded /tmp/minio_downloads/1784067308.json to Snowflake stage
[2026-07-16T02:50:42.224+0000] {logging_mixin.py:188} INFO - Uploaded /tmp/minio_downloads/1784067316.json to Snowflake stage
[2026-07-16T02:50:42.559+0000] {logging_mixin.py:188} INFO - Uploaded /tmp/minio_downloads/1784067323.json to Snowflake stage
[2026-07-16T02:50:43.008+0000] {logging_mixin.py:188} INFO - Uploaded /tmp/minio_downloads/1784067330.json to Snowflake stage
[2026-07-16T02:50:43.349+0000] {logging_mixin.py:188} INFO - Uploaded /tmp/minio_downloads/1784067336.json to Snowflake stage
[2026-07-16T02:50:43.714+0000] {logging_mixin.py:188} INFO - Uploaded /tmp/minio_downloads/1784067343.json to Snowflake stage
[2026-07-16T02:50:44.069+0000] {logging_mixin.py:188} INFO - Uploaded /tmp/minio_downloads/1784067350.json to Snowflake stage
[2026-07-16T02:50:44.466+0000] {logging_mixin.py:188} INFO - Uploaded /tmp/minio_downloads/1784067952.json to Snowflake stage
[2026-07-16T02:50:44.830+0000] {logging_mixin.py:188} INFO - Uploaded /tmp/minio_downloads/1784067959.json to Snowflake stage
[2026-07-16T02:50:45.180+0000] {logging_mixin.py:188} INFO - Uploaded /tmp/minio_downloads/1784067966.json to Snowflake stage
[2026-07-16T02:50:45.523+0000] {logging_mixin.py:188} INFO - Uploaded /tmp/minio_downloads/1784067972.json to Snowflake stage
[2026-07-16T02:50:45.879+0000] {logging_mixin.py:188} INFO - Uploaded /tmp/minio_downloads/1784067979.json to Snowflake stage
[2026-07-16T02:50:46.228+0000] {logging_mixin.py:188} INFO - Uploaded /tmp/minio_downloads/1784067986.json to Snowflake stage
[2026-07-16T02:50:46.556+0000] {logging_mixin.py:188} INFO - Uploaded /tmp/minio_downloads/1784067993.json to Snowflake stage
[2026-07-16T02:50:46.913+0000] {logging_mixin.py:188} INFO - Uploaded /tmp/minio_downloads/1784068000.json to Snowflake stage
[2026-07-16T02:50:47.301+0000] {logging_mixin.py:188} INFO - Uploaded /tmp/minio_downloads/1784068007.json to Snowflake stage
[2026-07-16T02:50:47.648+0000] {logging_mixin.py:188} INFO - Uploaded /tmp/minio_downloads/1784068014.json to Snowflake stage
[2026-07-16T02:50:48.014+0000] {logging_mixin.py:188} INFO - Uploaded /tmp/minio_downloads/1784068021.json to Snowflake stage
[2026-07-16T02:50:48.354+0000] {logging_mixin.py:188} INFO - Uploaded /tmp/minio_downloads/1784068028.json to Snowflake stage
[2026-07-16T02:50:48.745+0000] {logging_mixin.py:188} INFO - Uploaded /tmp/minio_downloads/1784068035.json to Snowflake stage
[2026-07-16T02:50:49.071+0000] {logging_mixin.py:188} INFO - Uploaded /tmp/minio_downloads/1784068041.json to Snowflake stage
[2026-07-16T02:50:49.379+0000] {logging_mixin.py:188} INFO - Uploaded /tmp/minio_downloads/1784068048.json to Snowflake stage
[2026-07-16T02:50:49.721+0000] {logging_mixin.py:188} INFO - Uploaded /tmp/minio_downloads/1784068055.json to Snowflake stage
[2026-07-16T02:50:50.405+0000] {logging_mixin.py:188} INFO - Uploaded /tmp/minio_downloads/1784068062.json to Snowflake stage
[2026-07-16T02:50:50.731+0000] {logging_mixin.py:188} INFO - Uploaded /tmp/minio_downloads/1784068069.json to Snowflake stage
[2026-07-16T02:50:51.065+0000] {logging_mixin.py:188} INFO - Uploaded /tmp/minio_downloads/1784068076.json to Snowflake stage
[2026-07-16T02:50:51.422+0000] {logging_mixin.py:188} INFO - Uploaded /tmp/minio_downloads/1784068083.json to Snowflake stage
[2026-07-16T02:50:51.755+0000] {logging_mixin.py:188} INFO - Uploaded /tmp/minio_downloads/1784068090.json to Snowflake stage
[2026-07-16T02:50:52.098+0000] {logging_mixin.py:188} INFO - Uploaded /tmp/minio_downloads/1784068097.json to Snowflake stage
[2026-07-16T02:50:52.449+0000] {logging_mixin.py:188} INFO - Uploaded /tmp/minio_downloads/1784068104.json to Snowflake stage
[2026-07-16T02:50:52.826+0000] {logging_mixin.py:188} INFO - Uploaded /tmp/minio_downloads/1784068111.json to Snowflake stage
[2026-07-16T02:50:53.224+0000] {logging_mixin.py:188} INFO - Uploaded /tmp/minio_downloads/1784068118.json to Snowflake stage
[2026-07-16T02:50:53.545+0000] {logging_mixin.py:188} INFO - Uploaded /tmp/minio_downloads/1784068124.json to Snowflake stage
[2026-07-16T02:50:53.869+0000] {logging_mixin.py:188} INFO - Uploaded /tmp/minio_downloads/1784068131.json to Snowflake stage
[2026-07-16T02:50:54.186+0000] {logging_mixin.py:188} INFO - Uploaded /tmp/minio_downloads/1784068138.json to Snowflake stage
[2026-07-16T02:50:54.520+0000] {logging_mixin.py:188} INFO - Uploaded /tmp/minio_downloads/1784068145.json to Snowflake stage
[2026-07-16T02:50:54.839+0000] {logging_mixin.py:188} INFO - Uploaded /tmp/minio_downloads/1784068152.json to Snowflake stage
[2026-07-16T02:50:55.179+0000] {logging_mixin.py:188} INFO - Uploaded /tmp/minio_downloads/1784068159.json to Snowflake stage
[2026-07-16T02:50:55.541+0000] {logging_mixin.py:188} INFO - Uploaded /tmp/minio_downloads/1784068166.json to Snowflake stage
[2026-07-16T02:50:55.856+0000] {logging_mixin.py:188} INFO - Uploaded /tmp/minio_downloads/1784068173.json to Snowflake stage
[2026-07-16T02:50:56.363+0000] {logging_mixin.py:188} INFO - Uploaded /tmp/minio_downloads/1784068180.json to Snowflake stage
[2026-07-16T02:50:56.698+0000] {logging_mixin.py:188} INFO - Uploaded /tmp/minio_downloads/1784068187.json to Snowflake stage
[2026-07-16T02:50:57.029+0000] {logging_mixin.py:188} INFO - Uploaded /tmp/minio_downloads/1784068194.json to Snowflake stage
[2026-07-16T02:50:57.365+0000] {logging_mixin.py:188} INFO - Uploaded /tmp/minio_downloads/1784068200.json to Snowflake stage
[2026-07-16T02:50:57.682+0000] {logging_mixin.py:188} INFO - Uploaded /tmp/minio_downloads/1784068207.json to Snowflake stage
[2026-07-16T02:50:58.007+0000] {logging_mixin.py:188} INFO - Uploaded /tmp/minio_downloads/1784068214.json to Snowflake stage
[2026-07-16T02:50:58.344+0000] {logging_mixin.py:188} INFO - Uploaded /tmp/minio_downloads/1784068221.json to Snowflake stage
[2026-07-16T02:50:58.672+0000] {logging_mixin.py:188} INFO - Uploaded /tmp/minio_downloads/1784068228.json to Snowflake stage
[2026-07-16T02:50:58.991+0000] {logging_mixin.py:188} INFO - Uploaded /tmp/minio_downloads/1784068235.json to Snowflake stage
[2026-07-16T02:50:59.333+0000] {logging_mixin.py:188} INFO - Uploaded /tmp/minio_downloads/1784068242.json to Snowflake stage
[2026-07-16T02:50:59.650+0000] {logging_mixin.py:188} INFO - Uploaded /tmp/minio_downloads/1784068249.json to Snowflake stage
[2026-07-16T02:50:59.984+0000] {logging_mixin.py:188} INFO - Uploaded /tmp/minio_downloads/1784068256.json to Snowflake stage
[2026-07-16T02:51:00.320+0000] {logging_mixin.py:188} INFO - Uploaded /tmp/minio_downloads/1784068263.json to Snowflake stage
[2026-07-16T02:51:00.634+0000] {logging_mixin.py:188} INFO - Uploaded /tmp/minio_downloads/1784068270.json to Snowflake stage
[2026-07-16T02:51:00.951+0000] {logging_mixin.py:188} INFO - Uploaded /tmp/minio_downloads/1784068276.json to Snowflake stage
[2026-07-16T02:51:01.274+0000] {logging_mixin.py:188} INFO - Uploaded /tmp/minio_downloads/1784068283.json to Snowflake stage
[2026-07-16T02:51:01.590+0000] {logging_mixin.py:188} INFO - Uploaded /tmp/minio_downloads/1784068290.json to Snowflake stage
[2026-07-16T02:51:01.912+0000] {logging_mixin.py:188} INFO - Uploaded /tmp/minio_downloads/1784068297.json to Snowflake stage
[2026-07-16T02:51:02.231+0000] {logging_mixin.py:188} INFO - Uploaded /tmp/minio_downloads/1784068304.json to Snowflake stage
[2026-07-16T02:51:02.560+0000] {logging_mixin.py:188} INFO - Uploaded /tmp/minio_downloads/1784068311.json to Snowflake stage
[2026-07-16T02:51:02.909+0000] {logging_mixin.py:188} INFO - Uploaded /tmp/minio_downloads/1784068318.json to Snowflake stage
[2026-07-16T02:51:03.236+0000] {logging_mixin.py:188} INFO - Uploaded /tmp/minio_downloads/1784068325.json to Snowflake stage
[2026-07-16T02:51:03.579+0000] {logging_mixin.py:188} INFO - Uploaded /tmp/minio_downloads/1784068332.json to Snowflake stage
[2026-07-16T02:51:03.937+0000] {logging_mixin.py:188} INFO - Uploaded /tmp/minio_downloads/1784068339.json to Snowflake stage
[2026-07-16T02:51:04.280+0000] {logging_mixin.py:188} INFO - Uploaded /tmp/minio_downloads/1784068346.json to Snowflake stage
[2026-07-16T02:51:04.616+0000] {logging_mixin.py:188} INFO - Uploaded /tmp/minio_downloads/1784068353.json to Snowflake stage
[2026-07-16T02:51:04.956+0000] {logging_mixin.py:188} INFO - Uploaded /tmp/minio_downloads/1784068359.json to Snowflake stage
[2026-07-16T02:51:05.281+0000] {logging_mixin.py:188} INFO - Uploaded /tmp/minio_downloads/1784068366.json to Snowflake stage
[2026-07-16T02:51:05.647+0000] {logging_mixin.py:188} INFO - Uploaded /tmp/minio_downloads/1784068373.json to Snowflake stage
[2026-07-16T02:51:05.981+0000] {logging_mixin.py:188} INFO - Uploaded /tmp/minio_downloads/1784068380.json to Snowflake stage
[2026-07-16T02:51:06.343+0000] {logging_mixin.py:188} INFO - Uploaded /tmp/minio_downloads/1784068387.json to Snowflake stage
[2026-07-16T02:51:06.675+0000] {logging_mixin.py:188} INFO - Uploaded /tmp/minio_downloads/1784068394.json to Snowflake stage
[2026-07-16T02:51:07.027+0000] {logging_mixin.py:188} INFO - Uploaded /tmp/minio_downloads/1784068401.json to Snowflake stage
[2026-07-16T02:51:07.350+0000] {logging_mixin.py:188} INFO - Uploaded /tmp/minio_downloads/1784068408.json to Snowflake stage
[2026-07-16T02:51:07.714+0000] {logging_mixin.py:188} INFO - Uploaded /tmp/minio_downloads/1784068415.json to Snowflake stage
[2026-07-16T02:51:08.128+0000] {logging_mixin.py:188} INFO - Uploaded /tmp/minio_downloads/1784068422.json to Snowflake stage
[2026-07-16T02:51:08.481+0000] {logging_mixin.py:188} INFO - Uploaded /tmp/minio_downloads/1784068429.json to Snowflake stage
[2026-07-16T02:51:08.839+0000] {logging_mixin.py:188} INFO - Uploaded /tmp/minio_downloads/1784068436.json to Snowflake stage
[2026-07-16T02:51:09.172+0000] {logging_mixin.py:188} INFO - Uploaded /tmp/minio_downloads/1784068443.json to Snowflake stage
[2026-07-16T02:51:09.530+0000] {logging_mixin.py:188} INFO - Uploaded /tmp/minio_downloads/1784068450.json to Snowflake stage
[2026-07-16T02:51:09.873+0000] {logging_mixin.py:188} INFO - Uploaded /tmp/minio_downloads/1784068457.json to Snowflake stage
[2026-07-16T02:51:10.242+0000] {logging_mixin.py:188} INFO - Uploaded /tmp/minio_downloads/1784068464.json to Snowflake stage
[2026-07-16T02:51:10.553+0000] {logging_mixin.py:188} INFO - Uploaded /tmp/minio_downloads/1784068471.json to Snowflake stage
[2026-07-16T02:51:10.904+0000] {logging_mixin.py:188} INFO - Uploaded /tmp/minio_downloads/1784068478.json to Snowflake stage
[2026-07-16T02:51:11.222+0000] {logging_mixin.py:188} INFO - Uploaded /tmp/minio_downloads/1784068484.json to Snowflake stage
[2026-07-16T02:51:11.609+0000] {logging_mixin.py:188} INFO - Uploaded /tmp/minio_downloads/1784068491.json to Snowflake stage
[2026-07-16T02:51:11.959+0000] {logging_mixin.py:188} INFO - Uploaded /tmp/minio_downloads/1784068498.json to Snowflake stage
[2026-07-16T02:51:12.298+0000] {logging_mixin.py:188} INFO - Uploaded /tmp/minio_downloads/1784068505.json to Snowflake stage
[2026-07-16T02:51:12.638+0000] {logging_mixin.py:188} INFO - Uploaded /tmp/minio_downloads/1784068512.json to Snowflake stage
[2026-07-16T02:51:12.977+0000] {logging_mixin.py:188} INFO - Uploaded /tmp/minio_downloads/1784068519.json to Snowflake stage
[2026-07-16T02:51:13.551+0000] {logging_mixin.py:188} INFO - Uploaded /tmp/minio_downloads/1784068526.json to Snowflake stage
[2026-07-16T02:51:13.886+0000] {logging_mixin.py:188} INFO - Uploaded /tmp/minio_downloads/1784068533.json to Snowflake stage
[2026-07-16T02:51:14.224+0000] {logging_mixin.py:188} INFO - Uploaded /tmp/minio_downloads/1784068540.json to Snowflake stage
[2026-07-16T02:51:14.578+0000] {logging_mixin.py:188} INFO - Uploaded /tmp/minio_downloads/1784068547.json to Snowflake stage
[2026-07-16T02:51:14.913+0000] {logging_mixin.py:188} INFO - Uploaded /tmp/minio_downloads/1784068554.json to Snowflake stage
[2026-07-16T02:51:15.266+0000] {logging_mixin.py:188} INFO - Uploaded /tmp/minio_downloads/1784068560.json to Snowflake stage
[2026-07-16T02:51:15.588+0000] {logging_mixin.py:188} INFO - Uploaded /tmp/minio_downloads/1784068567.json to Snowflake stage
[2026-07-16T02:51:15.921+0000] {logging_mixin.py:188} INFO - Uploaded /tmp/minio_downloads/1784068574.json to Snowflake stage
[2026-07-16T02:51:16.237+0000] {logging_mixin.py:188} INFO - Uploaded /tmp/minio_downloads/1784068581.json to Snowflake stage
[2026-07-16T02:51:16.678+0000] {logging_mixin.py:188} INFO - Uploaded /tmp/minio_downloads/1784068588.json to Snowflake stage
[2026-07-16T02:51:17.021+0000] {logging_mixin.py:188} INFO - Uploaded /tmp/minio_downloads/1784068595.json to Snowflake stage
[2026-07-16T02:51:17.343+0000] {logging_mixin.py:188} INFO - Uploaded /tmp/minio_downloads/1784068602.json to Snowflake stage
[2026-07-16T02:51:17.673+0000] {logging_mixin.py:188} INFO - Uploaded /tmp/minio_downloads/1784068609.json to Snowflake stage
[2026-07-16T02:51:17.999+0000] {logging_mixin.py:188} INFO - Uploaded /tmp/minio_downloads/1784068616.json to Snowflake stage
[2026-07-16T02:51:18.309+0000] {logging_mixin.py:188} INFO - Uploaded /tmp/minio_downloads/1784068623.json to Snowflake stage
[2026-07-16T02:51:18.645+0000] {logging_mixin.py:188} INFO - Uploaded /tmp/minio_downloads/1784068630.json to Snowflake stage
[2026-07-16T02:51:18.967+0000] {logging_mixin.py:188} INFO - Uploaded /tmp/minio_downloads/1784068637.json to Snowflake stage
[2026-07-16T02:51:19.296+0000] {logging_mixin.py:188} INFO - Uploaded /tmp/minio_downloads/1784068644.json to Snowflake stage
[2026-07-16T02:51:19.637+0000] {logging_mixin.py:188} INFO - Uploaded /tmp/minio_downloads/1784068650.json to Snowflake stage
[2026-07-16T02:51:19.962+0000] {logging_mixin.py:188} INFO - Uploaded /tmp/minio_downloads/1784068657.json to Snowflake stage
[2026-07-16T02:51:20.293+0000] {logging_mixin.py:188} INFO - Uploaded /tmp/minio_downloads/1784068664.json to Snowflake stage
[2026-07-16T02:51:20.617+0000] {logging_mixin.py:188} INFO - Uploaded /tmp/minio_downloads/1784068671.json to Snowflake stage
[2026-07-16T02:51:20.936+0000] {logging_mixin.py:188} INFO - Uploaded /tmp/minio_downloads/1784068678.json to Snowflake stage
[2026-07-16T02:51:21.237+0000] {logging_mixin.py:188} INFO - Uploaded /tmp/minio_downloads/1784068685.json to Snowflake stage
[2026-07-16T02:51:21.577+0000] {logging_mixin.py:188} INFO - Uploaded /tmp/minio_downloads/1784068692.json to Snowflake stage
[2026-07-16T02:51:21.891+0000] {logging_mixin.py:188} INFO - Uploaded /tmp/minio_downloads/1784068699.json to Snowflake stage
[2026-07-16T02:51:22.212+0000] {logging_mixin.py:188} INFO - Uploaded /tmp/minio_downloads/1784068705.json to Snowflake stage
[2026-07-16T02:51:22.585+0000] {logging_mixin.py:188} INFO - Uploaded /tmp/minio_downloads/1784068712.json to Snowflake stage
[2026-07-16T02:51:22.919+0000] {logging_mixin.py:188} INFO - Uploaded /tmp/minio_downloads/1784068719.json to Snowflake stage
[2026-07-16T02:51:23.242+0000] {logging_mixin.py:188} INFO - Uploaded /tmp/minio_downloads/1784068726.json to Snowflake stage
[2026-07-16T02:51:23.618+0000] {logging_mixin.py:188} INFO - Uploaded /tmp/minio_downloads/1784071996.json to Snowflake stage
[2026-07-16T02:51:23.949+0000] {logging_mixin.py:188} INFO - Uploaded /tmp/minio_downloads/1784072003.json to Snowflake stage
[2026-07-16T02:51:24.253+0000] {logging_mixin.py:188} INFO - Uploaded /tmp/minio_downloads/1784072010.json to Snowflake stage
[2026-07-16T02:51:24.576+0000] {logging_mixin.py:188} INFO - Uploaded /tmp/minio_downloads/1784072017.json to Snowflake stage
[2026-07-16T02:51:24.897+0000] {logging_mixin.py:188} INFO - Uploaded /tmp/minio_downloads/1784072024.json to Snowflake stage
[2026-07-16T02:51:25.232+0000] {logging_mixin.py:188} INFO - Uploaded /tmp/minio_downloads/1784072031.json to Snowflake stage
[2026-07-16T02:51:25.556+0000] {logging_mixin.py:188} INFO - Uploaded /tmp/minio_downloads/1784072038.json to Snowflake stage
[2026-07-16T02:51:25.886+0000] {logging_mixin.py:188} INFO - Uploaded /tmp/minio_downloads/1784072045.json to Snowflake stage
[2026-07-16T02:51:26.174+0000] {logging_mixin.py:188} INFO - Uploaded /tmp/minio_downloads/1784072051.json to Snowflake stage
[2026-07-16T02:51:26.484+0000] {logging_mixin.py:188} INFO - Uploaded /tmp/minio_downloads/1784072059.json to Snowflake stage
[2026-07-16T02:51:26.813+0000] {logging_mixin.py:188} INFO - Uploaded /tmp/minio_downloads/1784072065.json to Snowflake stage
[2026-07-16T02:51:27.117+0000] {logging_mixin.py:188} INFO - Uploaded /tmp/minio_downloads/1784072072.json to Snowflake stage
[2026-07-16T02:51:27.437+0000] {logging_mixin.py:188} INFO - Uploaded /tmp/minio_downloads/1784072079.json to Snowflake stage
[2026-07-16T02:51:27.773+0000] {logging_mixin.py:188} INFO - Uploaded /tmp/minio_downloads/1784072086.json to Snowflake stage
[2026-07-16T02:51:28.083+0000] {logging_mixin.py:188} INFO - Uploaded /tmp/minio_downloads/1784072093.json to Snowflake stage
[2026-07-16T02:51:28.378+0000] {logging_mixin.py:188} INFO - Uploaded /tmp/minio_downloads/1784072100.json to Snowflake stage
[2026-07-16T02:51:28.709+0000] {logging_mixin.py:188} INFO - Uploaded /tmp/minio_downloads/1784072106.json to Snowflake stage
[2026-07-16T02:51:29.014+0000] {logging_mixin.py:188} INFO - Uploaded /tmp/minio_downloads/1784072113.json to Snowflake stage
[2026-07-16T02:51:29.342+0000] {logging_mixin.py:188} INFO - Uploaded /tmp/minio_downloads/1784072120.json to Snowflake stage
[2026-07-16T02:51:29.656+0000] {logging_mixin.py:188} INFO - Uploaded /tmp/minio_downloads/1784072127.json to Snowflake stage
[2026-07-16T02:51:30.194+0000] {logging_mixin.py:188} INFO - Uploaded /tmp/minio_downloads/1784072134.json to Snowflake stage
[2026-07-16T02:51:30.519+0000] {logging_mixin.py:188} INFO - Uploaded /tmp/minio_downloads/1784072141.json to Snowflake stage
[2026-07-16T02:51:30.933+0000] {logging_mixin.py:188} INFO - Uploaded /tmp/minio_downloads/1784072148.json to Snowflake stage
[2026-07-16T02:51:31.296+0000] {logging_mixin.py:188} INFO - Uploaded /tmp/minio_downloads/1784072155.json to Snowflake stage
[2026-07-16T02:51:31.648+0000] {logging_mixin.py:188} INFO - Uploaded /tmp/minio_downloads/1784072161.json to Snowflake stage
[2026-07-16T02:51:31.992+0000] {logging_mixin.py:188} INFO - Uploaded /tmp/minio_downloads/1784072168.json to Snowflake stage
[2026-07-16T02:51:32.337+0000] {logging_mixin.py:188} INFO - Uploaded /tmp/minio_downloads/1784072175.json to Snowflake stage
[2026-07-16T02:51:32.647+0000] {logging_mixin.py:188} INFO - Uploaded /tmp/minio_downloads/1784072182.json to Snowflake stage
[2026-07-16T02:51:32.962+0000] {logging_mixin.py:188} INFO - Uploaded /tmp/minio_downloads/1784072189.json to Snowflake stage
[2026-07-16T02:51:33.306+0000] {logging_mixin.py:188} INFO - Uploaded /tmp/minio_downloads/1784072196.json to Snowflake stage
[2026-07-16T02:51:33.644+0000] {logging_mixin.py:188} INFO - Uploaded /tmp/minio_downloads/1784072203.json to Snowflake stage
[2026-07-16T02:51:33.966+0000] {logging_mixin.py:188} INFO - Uploaded /tmp/minio_downloads/1784072210.json to Snowflake stage
[2026-07-16T02:51:34.303+0000] {logging_mixin.py:188} INFO - Uploaded /tmp/minio_downloads/1784072217.json to Snowflake stage
[2026-07-16T02:51:34.619+0000] {logging_mixin.py:188} INFO - Uploaded /tmp/minio_downloads/1784072224.json to Snowflake stage
[2026-07-16T02:51:34.956+0000] {logging_mixin.py:188} INFO - Uploaded /tmp/minio_downloads/1784072231.json to Snowflake stage
[2026-07-16T02:51:35.278+0000] {logging_mixin.py:188} INFO - Uploaded /tmp/minio_downloads/1784072238.json to Snowflake stage
[2026-07-16T02:51:36.079+0000] {logging_mixin.py:188} INFO - Uploaded /tmp/minio_downloads/1784072245.json to Snowflake stage
[2026-07-16T02:51:36.394+0000] {logging_mixin.py:188} INFO - Uploaded /tmp/minio_downloads/1784072251.json to Snowflake stage
[2026-07-16T02:51:36.727+0000] {logging_mixin.py:188} INFO - Uploaded /tmp/minio_downloads/1784072259.json to Snowflake stage
[2026-07-16T02:51:37.093+0000] {logging_mixin.py:188} INFO - Uploaded /tmp/minio_downloads/1784072266.json to Snowflake stage
[2026-07-16T02:51:37.449+0000] {logging_mixin.py:188} INFO - Uploaded /tmp/minio_downloads/1784072273.json to Snowflake stage
[2026-07-16T02:51:37.805+0000] {logging_mixin.py:188} INFO - Uploaded /tmp/minio_downloads/1784072280.json to Snowflake stage
[2026-07-16T02:51:38.136+0000] {logging_mixin.py:188} INFO - Uploaded /tmp/minio_downloads/1784072286.json to Snowflake stage
[2026-07-16T02:51:38.448+0000] {logging_mixin.py:188} INFO - Uploaded /tmp/minio_downloads/1784072293.json to Snowflake stage
[2026-07-16T02:51:38.780+0000] {logging_mixin.py:188} INFO - Uploaded /tmp/minio_downloads/1784072300.json to Snowflake stage
[2026-07-16T02:51:39.175+0000] {logging_mixin.py:188} INFO - Uploaded /tmp/minio_downloads/1784072307.json to Snowflake stage
[2026-07-16T02:51:39.506+0000] {logging_mixin.py:188} INFO - Uploaded /tmp/minio_downloads/1784072314.json to Snowflake stage
[2026-07-16T02:51:39.843+0000] {logging_mixin.py:188} INFO - Uploaded /tmp/minio_downloads/1784072321.json to Snowflake stage
[2026-07-16T02:51:40.160+0000] {logging_mixin.py:188} INFO - Uploaded /tmp/minio_downloads/1784072328.json to Snowflake stage
[2026-07-16T02:51:40.483+0000] {logging_mixin.py:188} INFO - Uploaded /tmp/minio_downloads/1784072334.json to Snowflake stage
[2026-07-16T02:51:40.852+0000] {logging_mixin.py:188} INFO - Uploaded /tmp/minio_downloads/1784072341.json to Snowflake stage
[2026-07-16T02:51:41.165+0000] {logging_mixin.py:188} INFO - Uploaded /tmp/minio_downloads/1784072348.json to Snowflake stage
[2026-07-16T02:51:41.512+0000] {logging_mixin.py:188} INFO - Uploaded /tmp/minio_downloads/1784072355.json to Snowflake stage
[2026-07-16T02:51:41.841+0000] {logging_mixin.py:188} INFO - Uploaded /tmp/minio_downloads/1784072362.json to Snowflake stage
[2026-07-16T02:51:42.163+0000] {logging_mixin.py:188} INFO - Uploaded /tmp/minio_downloads/1784072369.json to Snowflake stage
[2026-07-16T02:51:42.498+0000] {logging_mixin.py:188} INFO - Uploaded /tmp/minio_downloads/1784072376.json to Snowflake stage
[2026-07-16T02:51:42.847+0000] {logging_mixin.py:188} INFO - Uploaded /tmp/minio_downloads/1784072383.json to Snowflake stage
[2026-07-16T02:51:43.220+0000] {logging_mixin.py:188} INFO - Uploaded /tmp/minio_downloads/1784072390.json to Snowflake stage
[2026-07-16T02:51:43.526+0000] {logging_mixin.py:188} INFO - Uploaded /tmp/minio_downloads/1784072396.json to Snowflake stage
[2026-07-16T02:51:43.846+0000] {logging_mixin.py:188} INFO - Uploaded /tmp/minio_downloads/1784072403.json to Snowflake stage
[2026-07-16T02:51:44.155+0000] {logging_mixin.py:188} INFO - Uploaded /tmp/minio_downloads/1784072410.json to Snowflake stage
[2026-07-16T02:51:44.483+0000] {logging_mixin.py:188} INFO - Uploaded /tmp/minio_downloads/1784072417.json to Snowflake stage
[2026-07-16T02:51:44.797+0000] {logging_mixin.py:188} INFO - Uploaded /tmp/minio_downloads/1784072424.json to Snowflake stage
[2026-07-16T02:51:45.116+0000] {logging_mixin.py:188} INFO - Uploaded /tmp/minio_downloads/1784072431.json to Snowflake stage
[2026-07-16T02:51:45.425+0000] {logging_mixin.py:188} INFO - Uploaded /tmp/minio_downloads/1784072438.json to Snowflake stage
[2026-07-16T02:51:45.759+0000] {logging_mixin.py:188} INFO - Uploaded /tmp/minio_downloads/1784072445.json to Snowflake stage
[2026-07-16T02:51:46.070+0000] {logging_mixin.py:188} INFO - Uploaded /tmp/minio_downloads/1784072452.json to Snowflake stage
[2026-07-16T02:51:46.395+0000] {logging_mixin.py:188} INFO - Uploaded /tmp/minio_downloads/1784072459.json to Snowflake stage
[2026-07-16T02:51:46.766+0000] {logging_mixin.py:188} INFO - Uploaded /tmp/minio_downloads/1784072466.json to Snowflake stage
[2026-07-16T02:51:47.073+0000] {logging_mixin.py:188} INFO - Uploaded /tmp/minio_downloads/1784072473.json to Snowflake stage
[2026-07-16T02:51:47.809+0000] {logging_mixin.py:188} INFO - Uploaded /tmp/minio_downloads/1784072480.json to Snowflake stage
[2026-07-16T02:51:48.156+0000] {logging_mixin.py:188} INFO - Uploaded /tmp/minio_downloads/1784072486.json to Snowflake stage
[2026-07-16T02:51:48.480+0000] {logging_mixin.py:188} INFO - Uploaded /tmp/minio_downloads/1784072493.json to Snowflake stage
[2026-07-16T02:51:48.821+0000] {logging_mixin.py:188} INFO - Uploaded /tmp/minio_downloads/1784072500.json to Snowflake stage
[2026-07-16T02:51:49.186+0000] {logging_mixin.py:188} INFO - Uploaded /tmp/minio_downloads/1784072507.json to Snowflake stage
[2026-07-16T02:51:49.499+0000] {logging_mixin.py:188} INFO - Uploaded /tmp/minio_downloads/1784072514.json to Snowflake stage
[2026-07-16T02:51:49.813+0000] {logging_mixin.py:188} INFO - Uploaded /tmp/minio_downloads/1784072521.json to Snowflake stage
[2026-07-16T02:51:50.115+0000] {logging_mixin.py:188} INFO - Uploaded /tmp/minio_downloads/1784072528.json to Snowflake stage
[2026-07-16T02:51:50.493+0000] {logging_mixin.py:188} INFO - Uploaded /tmp/minio_downloads/1784072535.json to Snowflake stage
[2026-07-16T02:51:50.811+0000] {logging_mixin.py:188} INFO - Uploaded /tmp/minio_downloads/1784072542.json to Snowflake stage
[2026-07-16T02:51:51.128+0000] {logging_mixin.py:188} INFO - Uploaded /tmp/minio_downloads/1784072549.json to Snowflake stage
[2026-07-16T02:51:51.450+0000] {logging_mixin.py:188} INFO - Uploaded /tmp/minio_downloads/1784072556.json to Snowflake stage
[2026-07-16T02:51:51.761+0000] {logging_mixin.py:188} INFO - Uploaded /tmp/minio_downloads/1784072563.json to Snowflake stage
[2026-07-16T02:51:52.096+0000] {logging_mixin.py:188} INFO - Uploaded /tmp/minio_downloads/1784072569.json to Snowflake stage
[2026-07-16T02:51:52.419+0000] {logging_mixin.py:188} INFO - Uploaded /tmp/minio_downloads/1784072576.json to Snowflake stage
[2026-07-16T02:51:52.730+0000] {logging_mixin.py:188} INFO - Uploaded /tmp/minio_downloads/1784072583.json to Snowflake stage
[2026-07-16T02:51:53.044+0000] {logging_mixin.py:188} INFO - Uploaded /tmp/minio_downloads/1784072590.json to Snowflake stage
[2026-07-16T02:51:53.345+0000] {logging_mixin.py:188} INFO - Uploaded /tmp/minio_downloads/1784072597.json to Snowflake stage
[2026-07-16T02:51:54.100+0000] {logging_mixin.py:188} INFO - Uploaded /tmp/minio_downloads/1784072604.json to Snowflake stage
[2026-07-16T02:51:54.586+0000] {logging_mixin.py:188} INFO - Uploaded /tmp/minio_downloads/1784072611.json to Snowflake stage
[2026-07-16T02:51:55.013+0000] {logging_mixin.py:188} INFO - Uploaded /tmp/minio_downloads/1784072618.json to Snowflake stage
[2026-07-16T02:51:55.407+0000] {logging_mixin.py:188} INFO - Uploaded /tmp/minio_downloads/1784072624.json to Snowflake stage
[2026-07-16T02:51:55.791+0000] {logging_mixin.py:188} INFO - Uploaded /tmp/minio_downloads/1784072631.json to Snowflake stage
[2026-07-16T02:51:56.123+0000] {logging_mixin.py:188} INFO - Uploaded /tmp/minio_downloads/1784072638.json to Snowflake stage
[2026-07-16T02:51:56.428+0000] {logging_mixin.py:188} INFO - Uploaded /tmp/minio_downloads/1784072645.json to Snowflake stage
[2026-07-16T02:51:56.737+0000] {logging_mixin.py:188} INFO - Uploaded /tmp/minio_downloads/1784072652.json to Snowflake stage
[2026-07-16T02:51:57.049+0000] {logging_mixin.py:188} INFO - Uploaded /tmp/minio_downloads/1784072659.json to Snowflake stage
[2026-07-16T02:51:57.501+0000] {logging_mixin.py:188} INFO - Uploaded /tmp/minio_downloads/1784072666.json to Snowflake stage
[2026-07-16T02:51:57.810+0000] {logging_mixin.py:188} INFO - Uploaded /tmp/minio_downloads/1784072673.json to Snowflake stage
[2026-07-16T02:51:58.138+0000] {logging_mixin.py:188} INFO - Uploaded /tmp/minio_downloads/1784072680.json to Snowflake stage
[2026-07-16T02:51:58.436+0000] {logging_mixin.py:188} INFO - Uploaded /tmp/minio_downloads/1784072687.json to Snowflake stage
[2026-07-16T02:51:58.772+0000] {logging_mixin.py:188} INFO - Uploaded /tmp/minio_downloads/1784072694.json to Snowflake stage
[2026-07-16T02:51:59.100+0000] {logging_mixin.py:188} INFO - Uploaded /tmp/minio_downloads/1784072700.json to Snowflake stage
[2026-07-16T02:51:59.422+0000] {logging_mixin.py:188} INFO - Uploaded /tmp/minio_downloads/1784072707.json to Snowflake stage
[2026-07-16T02:51:59.807+0000] {logging_mixin.py:188} INFO - Uploaded /tmp/minio_downloads/1784072714.json to Snowflake stage
[2026-07-16T02:52:00.148+0000] {logging_mixin.py:188} INFO - Uploaded /tmp/minio_downloads/1784072721.json to Snowflake stage
[2026-07-16T02:52:00.457+0000] {logging_mixin.py:188} INFO - Uploaded /tmp/minio_downloads/1784072728.json to Snowflake stage
[2026-07-16T02:52:00.765+0000] {logging_mixin.py:188} INFO - Uploaded /tmp/minio_downloads/1784072735.json to Snowflake stage
[2026-07-16T02:52:01.086+0000] {logging_mixin.py:188} INFO - Uploaded /tmp/minio_downloads/1784072742.json to Snowflake stage
[2026-07-16T02:52:01.386+0000] {logging_mixin.py:188} INFO - Uploaded /tmp/minio_downloads/1784072749.json to Snowflake stage
[2026-07-16T02:52:01.695+0000] {logging_mixin.py:188} INFO - Uploaded /tmp/minio_downloads/1784072756.json to Snowflake stage
[2026-07-16T02:52:02.026+0000] {logging_mixin.py:188} INFO - Uploaded /tmp/minio_downloads/1784072763.json to Snowflake stage
[2026-07-16T02:52:02.341+0000] {logging_mixin.py:188} INFO - Uploaded /tmp/minio_downloads/1784072769.json to Snowflake stage
[2026-07-16T02:52:02.655+0000] {logging_mixin.py:188} INFO - Uploaded /tmp/minio_downloads/1784072776.json to Snowflake stage
[2026-07-16T02:52:02.964+0000] {logging_mixin.py:188} INFO - Uploaded /tmp/minio_downloads/1784072783.json to Snowflake stage
[2026-07-16T02:52:03.258+0000] {logging_mixin.py:188} INFO - Uploaded /tmp/minio_downloads/1784072791.json to Snowflake stage
[2026-07-16T02:52:03.586+0000] {logging_mixin.py:188} INFO - Uploaded /tmp/minio_downloads/1784072798.json to Snowflake stage
[2026-07-16T02:52:03.885+0000] {logging_mixin.py:188} INFO - Uploaded /tmp/minio_downloads/1784072804.json to Snowflake stage
[2026-07-16T02:52:04.188+0000] {logging_mixin.py:188} INFO - Uploaded /tmp/minio_downloads/1784072811.json to Snowflake stage
[2026-07-16T02:52:04.513+0000] {logging_mixin.py:188} INFO - Uploaded /tmp/minio_downloads/1784072890.json to Snowflake stage
[2026-07-16T02:52:05.017+0000] {logging_mixin.py:188} INFO - Uploaded /tmp/minio_downloads/1784072897.json to Snowflake stage
[2026-07-16T02:52:05.336+0000] {logging_mixin.py:188} INFO - Uploaded /tmp/minio_downloads/1784072904.json to Snowflake stage
[2026-07-16T02:52:05.656+0000] {logging_mixin.py:188} INFO - Uploaded /tmp/minio_downloads/1784072910.json to Snowflake stage
[2026-07-16T02:52:05.965+0000] {logging_mixin.py:188} INFO - Uploaded /tmp/minio_downloads/1784072917.json to Snowflake stage
[2026-07-16T02:52:06.285+0000] {logging_mixin.py:188} INFO - Uploaded /tmp/minio_downloads/1784072924.json to Snowflake stage
[2026-07-16T02:52:06.599+0000] {logging_mixin.py:188} INFO - Uploaded /tmp/minio_downloads/1784072931.json to Snowflake stage
[2026-07-16T02:52:06.910+0000] {logging_mixin.py:188} INFO - Uploaded /tmp/minio_downloads/1784072938.json to Snowflake stage
[2026-07-16T02:52:07.263+0000] {logging_mixin.py:188} INFO - Uploaded /tmp/minio_downloads/1784072945.json to Snowflake stage
[2026-07-16T02:52:07.595+0000] {logging_mixin.py:188} INFO - Uploaded /tmp/minio_downloads/1784072952.json to Snowflake stage
[2026-07-16T02:52:07.911+0000] {logging_mixin.py:188} INFO - Uploaded /tmp/minio_downloads/1784072959.json to Snowflake stage
[2026-07-16T02:52:08.273+0000] {logging_mixin.py:188} INFO - Uploaded /tmp/minio_downloads/1784072966.json to Snowflake stage
[2026-07-16T02:52:08.590+0000] {logging_mixin.py:188} INFO - Uploaded /tmp/minio_downloads/1784072973.json to Snowflake stage
[2026-07-16T02:52:08.949+0000] {logging_mixin.py:188} INFO - Uploaded /tmp/minio_downloads/1784072980.json to Snowflake stage
[2026-07-16T02:52:09.264+0000] {logging_mixin.py:188} INFO - Uploaded /tmp/minio_downloads/1784072987.json to Snowflake stage
[2026-07-16T02:52:09.575+0000] {logging_mixin.py:188} INFO - Uploaded /tmp/minio_downloads/1784072994.json to Snowflake stage
[2026-07-16T02:52:09.932+0000] {logging_mixin.py:188} INFO - Uploaded /tmp/minio_downloads/1784073000.json to Snowflake stage
[2026-07-16T02:52:10.253+0000] {logging_mixin.py:188} INFO - Uploaded /tmp/minio_downloads/1784073007.json to Snowflake stage
[2026-07-16T02:52:10.592+0000] {logging_mixin.py:188} INFO - Uploaded /tmp/minio_downloads/1784073014.json to Snowflake stage
[2026-07-16T02:52:10.946+0000] {logging_mixin.py:188} INFO - Uploaded /tmp/minio_downloads/1784073021.json to Snowflake stage
[2026-07-16T02:52:11.276+0000] {logging_mixin.py:188} INFO - Uploaded /tmp/minio_downloads/1784073028.json to Snowflake stage
[2026-07-16T02:52:11.601+0000] {logging_mixin.py:188} INFO - Uploaded /tmp/minio_downloads/1784073035.json to Snowflake stage
[2026-07-16T02:52:11.936+0000] {logging_mixin.py:188} INFO - Uploaded /tmp/minio_downloads/1784073042.json to Snowflake stage
[2026-07-16T02:52:12.297+0000] {logging_mixin.py:188} INFO - Uploaded /tmp/minio_downloads/1784073049.json to Snowflake stage
[2026-07-16T02:52:12.661+0000] {logging_mixin.py:188} INFO - Uploaded /tmp/minio_downloads/1784073056.json to Snowflake stage
[2026-07-16T02:52:13.003+0000] {logging_mixin.py:188} INFO - Uploaded /tmp/minio_downloads/1784073062.json to Snowflake stage
[2026-07-16T02:52:13.317+0000] {logging_mixin.py:188} INFO - Uploaded /tmp/minio_downloads/1784073069.json to Snowflake stage
[2026-07-16T02:52:13.635+0000] {logging_mixin.py:188} INFO - Uploaded /tmp/minio_downloads/1784073076.json to Snowflake stage
[2026-07-16T02:52:13.985+0000] {logging_mixin.py:188} INFO - Uploaded /tmp/minio_downloads/1784073083.json to Snowflake stage
[2026-07-16T02:52:14.315+0000] {logging_mixin.py:188} INFO - Uploaded /tmp/minio_downloads/1784073090.json to Snowflake stage
[2026-07-16T02:52:14.634+0000] {logging_mixin.py:188} INFO - Uploaded /tmp/minio_downloads/1784073097.json to Snowflake stage
[2026-07-16T02:52:14.982+0000] {logging_mixin.py:188} INFO - Uploaded /tmp/minio_downloads/1784073104.json to Snowflake stage
[2026-07-16T02:52:15.305+0000] {logging_mixin.py:188} INFO - Uploaded /tmp/minio_downloads/1784073111.json to Snowflake stage
[2026-07-16T02:52:15.617+0000] {logging_mixin.py:188} INFO - Uploaded /tmp/minio_downloads/1784073118.json to Snowflake stage
[2026-07-16T02:52:15.914+0000] {logging_mixin.py:188} INFO - Uploaded /tmp/minio_downloads/1784073124.json to Snowflake stage
[2026-07-16T02:52:16.255+0000] {logging_mixin.py:188} INFO - Uploaded /tmp/minio_downloads/1784073131.json to Snowflake stage
[2026-07-16T02:52:16.573+0000] {logging_mixin.py:188} INFO - Uploaded /tmp/minio_downloads/1784073138.json to Snowflake stage
[2026-07-16T02:52:16.911+0000] {logging_mixin.py:188} INFO - Uploaded /tmp/minio_downloads/1784073145.json to Snowflake stage
[2026-07-16T02:52:17.243+0000] {logging_mixin.py:188} INFO - Uploaded /tmp/minio_downloads/1784073152.json to Snowflake stage
[2026-07-16T02:52:17.597+0000] {logging_mixin.py:188} INFO - Uploaded /tmp/minio_downloads/1784073159.json to Snowflake stage
[2026-07-16T02:52:17.895+0000] {logging_mixin.py:188} INFO - Uploaded /tmp/minio_downloads/1784073166.json to Snowflake stage
[2026-07-16T02:52:18.215+0000] {logging_mixin.py:188} INFO - Uploaded /tmp/minio_downloads/1784073173.json to Snowflake stage
[2026-07-16T02:52:18.574+0000] {logging_mixin.py:188} INFO - Uploaded /tmp/minio_downloads/1784073180.json to Snowflake stage
[2026-07-16T02:52:18.931+0000] {logging_mixin.py:188} INFO - Uploaded /tmp/minio_downloads/1784073186.json to Snowflake stage
[2026-07-16T02:52:19.261+0000] {logging_mixin.py:188} INFO - Uploaded /tmp/minio_downloads/1784073193.json to Snowflake stage
[2026-07-16T02:52:19.571+0000] {logging_mixin.py:188} INFO - Uploaded /tmp/minio_downloads/1784073200.json to Snowflake stage
[2026-07-16T02:52:19.891+0000] {logging_mixin.py:188} INFO - Uploaded /tmp/minio_downloads/1784073207.json to Snowflake stage
[2026-07-16T02:52:20.210+0000] {logging_mixin.py:188} INFO - Uploaded /tmp/minio_downloads/1784073214.json to Snowflake stage
[2026-07-16T02:52:20.550+0000] {logging_mixin.py:188} INFO - Uploaded /tmp/minio_downloads/1784073221.json to Snowflake stage
[2026-07-16T02:52:20.876+0000] {logging_mixin.py:188} INFO - Uploaded /tmp/minio_downloads/1784073228.json to Snowflake stage
[2026-07-16T02:52:21.202+0000] {logging_mixin.py:188} INFO - Uploaded /tmp/minio_downloads/1784073235.json to Snowflake stage
[2026-07-16T02:52:21.768+0000] {logging_mixin.py:188} INFO - Uploaded /tmp/minio_downloads/1784073241.json to Snowflake stage
[2026-07-16T02:52:22.097+0000] {logging_mixin.py:188} INFO - Uploaded /tmp/minio_downloads/1784073248.json to Snowflake stage
[2026-07-16T02:52:22.400+0000] {logging_mixin.py:188} INFO - Uploaded /tmp/minio_downloads/1784073255.json to Snowflake stage
[2026-07-16T02:52:22.731+0000] {logging_mixin.py:188} INFO - Uploaded /tmp/minio_downloads/1784073262.json to Snowflake stage
[2026-07-16T02:52:23.056+0000] {logging_mixin.py:188} INFO - Uploaded /tmp/minio_downloads/1784073269.json to Snowflake stage
[2026-07-16T02:52:23.349+0000] {logging_mixin.py:188} INFO - Uploaded /tmp/minio_downloads/1784073276.json to Snowflake stage
[2026-07-16T02:52:23.686+0000] {logging_mixin.py:188} INFO - Uploaded /tmp/minio_downloads/1784073283.json to Snowflake stage
[2026-07-16T02:52:24.011+0000] {logging_mixin.py:188} INFO - Uploaded /tmp/minio_downloads/1784073290.json to Snowflake stage
[2026-07-16T02:52:24.332+0000] {logging_mixin.py:188} INFO - Uploaded /tmp/minio_downloads/1784073297.json to Snowflake stage
[2026-07-16T02:52:24.653+0000] {logging_mixin.py:188} INFO - Uploaded /tmp/minio_downloads/1784073304.json to Snowflake stage
[2026-07-16T02:52:24.951+0000] {logging_mixin.py:188} INFO - Uploaded /tmp/minio_downloads/1784073311.json to Snowflake stage
[2026-07-16T02:52:31.633+0000] {taskinstance.py:441} INFO - ::group::Post task execution logs
[2026-07-16T02:52:31.635+0000] {taskinstance.py:2905} ERROR - Task failed with exception
Traceback (most recent call last):
  File "/home/airflow/.local/lib/python3.12/site-packages/airflow/models/taskinstance.py", line 465, in _execute_task
    result = _execute_callable(context=context, **execute_callable_kwargs)
             ^^^^^^^^^^^^^^^^^^^^^^^^^^^^^^^^^^^^^^^^^^^^^^^^^^^^^^^^^^^^^
  File "/home/airflow/.local/lib/python3.12/site-packages/airflow/models/taskinstance.py", line 432, in _execute_callable
    return execute_callable(context=context, **execute_callable_kwargs)
           ^^^^^^^^^^^^^^^^^^^^^^^^^^^^^^^^^^^^^^^^^^^^^^^^^^^^^^^^^^^^
  File "/home/airflow/.local/lib/python3.12/site-packages/airflow/models/baseoperator.py", line 401, in wrapper
    return func(self, *args, **kwargs)
           ^^^^^^^^^^^^^^^^^^^^^^^^^^^
  File "/home/airflow/.local/lib/python3.12/site-packages/airflow/operators/python.py", line 235, in execute
    return_value = self.execute_callable()
                   ^^^^^^^^^^^^^^^^^^^^^^^
  File "/home/airflow/.local/lib/python3.12/site-packages/airflow/operators/python.py", line 252, in execute_callable
    return self.python_callable(*self.op_args, **self.op_kwargs)
           ^^^^^^^^^^^^^^^^^^^^^^^^^^^^^^^^^^^^^^^^^^^^^^^^^^^^^
  File "/opt/airflow/dags/minio_to_snowflake.py", line 73, in load_to_snowflake
    cur.execute(f"PUT file://{f} @%bronze_stock_quotes_raw")
  File "/home/airflow/.local/lib/python3.12/site-packages/snowflake/connector/cursor.py", line 1080, in execute
    Error.errorhandler_wrapper(self.connection, self, error_class, errvalue)
  File "/home/airflow/.local/lib/python3.12/site-packages/snowflake/connector/errors.py", line 290, in errorhandler_wrapper
    handed_over = Error.hand_to_other_handler(
                  ^^^^^^^^^^^^^^^^^^^^^^^^^^^^
  File "/home/airflow/.local/lib/python3.12/site-packages/snowflake/connector/errors.py", line 345, in hand_to_other_handler
    cursor.errorhandler(connection, cursor, error_class, error_value)
  File "/home/airflow/.local/lib/python3.12/site-packages/snowflake/connector/errors.py", line 221, in default_errorhandler
    raise error_class(
snowflake.connector.errors.ProgrammingError: 000612 (02000): None: Result not found
[2026-07-16T02:52:31.649+0000] {taskinstance.py:1206} INFO - Marking task as UP_FOR_RETRY. dag_id=minio_to_snowflake, task_id=load_snowflake, run_id=scheduled__2026-07-16T02:42:00+00:00, execution_date=20260716T024200, start_date=20260716T025035, end_date=20260716T025231
[2026-07-16T02:52:31.661+0000] {standard_task_runner.py:110} ERROR - Failed to execute job 328 for task load_snowflake (000612 (02000): None: Result not found; 95193)
[2026-07-16T02:52:31.687+0000] {local_task_job_runner.py:243} INFO - Task exited with return code 1
[2026-07-16T02:52:31.703+0000] {taskinstance.py:3503} INFO - 0 downstream tasks scheduled from follow-on schedule check
[2026-07-16T02:52:31.704+0000] {local_task_job_runner.py:222} INFO - ::endgroup::
