[2026-07-15T08:50:47.919+0000] {local_task_job_runner.py:120} INFO - ::group::Pre task execution logs
[2026-07-15T08:50:47.999+0000] {taskinstance.py:2076} INFO - Dependencies all met for dep_context=non-requeueable deps ti=<TaskInstance: minio_to_snowflake.load_snowflake scheduled__2026-07-15T07:30:00+00:00 [queued]>
[2026-07-15T08:50:48.648+0000] {taskinstance.py:2076} INFO - Dependencies all met for dep_context=requeueable deps ti=<TaskInstance: minio_to_snowflake.load_snowflake scheduled__2026-07-15T07:30:00+00:00 [queued]>
[2026-07-15T08:50:48.653+0000] {taskinstance.py:2306} INFO - Starting attempt 1 of 2
[2026-07-15T08:50:48.712+0000] {taskinstance.py:2330} INFO - Executing <Task(PythonOperator): load_snowflake> on 2026-07-15 07:30:00+00:00
[2026-07-15T08:50:48.750+0000] {standard_task_runner.py:90} INFO - Running: ['***', 'tasks', 'run', 'minio_to_snowflake', 'load_snowflake', 'scheduled__2026-07-15T07:30:00+00:00', '--job-id', '108', '--raw', '--subdir', 'DAGS_FOLDER/minio_to_snowflake.py', '--cfg-path', '/tmp/tmp6d_f2kxk']
[2026-07-15T08:50:48.759+0000] {standard_task_runner.py:91} INFO - Job 108: Subtask load_snowflake
[2026-07-15T08:50:48.758+0000] {logging_mixin.py:188} WARNING - /home/***/.local/lib/python3.12/site-packages/***/task/task_runner/standard_task_runner.py:62 DeprecationWarning: This process (pid=63840) is multi-threaded, use of fork() may lead to deadlocks in the child.
[2026-07-15T08:50:48.762+0000] {standard_task_runner.py:64} INFO - Started process 63857 to run task
[2026-07-15T08:50:48.931+0000] {task_command.py:426} INFO - Running <TaskInstance: minio_to_snowflake.load_snowflake scheduled__2026-07-15T07:30:00+00:00 [running]> on host 1b3af0dde868
[2026-07-15T08:50:49.158+0000] {taskinstance.py:2648} INFO - Exporting env vars: AIRFLOW_CTX_DAG_OWNER='***' AIRFLOW_CTX_DAG_ID='minio_to_snowflake' AIRFLOW_CTX_TASK_ID='load_snowflake' AIRFLOW_CTX_EXECUTION_DATE='2026-07-15T07:30:00+00:00' AIRFLOW_CTX_TRY_NUMBER='1' AIRFLOW_CTX_DAG_RUN_ID='scheduled__2026-07-15T07:30:00+00:00'
[2026-07-15T08:50:49.161+0000] {taskinstance.py:430} INFO - ::endgroup::
[2026-07-15T08:50:49.341+0000] {connection.py:408} INFO - Snowflake Connector for Python Version: 3.11.0, Python Version: 3.12.4, Platform: Linux-6.12.76-linuxkit-aarch64-with-glibc2.36
[2026-07-15T08:50:49.343+0000] {connection.py:1258} INFO - This connection is in OCSP Fail Open Mode. TLS Certificates would be checked for validity and revocation status. Any other Certificate Revocation related exceptions or OCSP Responder failures would be disregarded in favor of connectivity.
[2026-07-15T08:50:52.132+0000] {logging_mixin.py:188} INFO - Uploaded /tmp/minio_downloads/1783903075.json to Snowflake stage
[2026-07-15T08:50:52.634+0000] {logging_mixin.py:188} INFO - Uploaded /tmp/minio_downloads/1783903082.json to Snowflake stage
[2026-07-15T08:50:53.209+0000] {logging_mixin.py:188} INFO - Uploaded /tmp/minio_downloads/1784067253.json to Snowflake stage
[2026-07-15T08:50:53.538+0000] {logging_mixin.py:188} INFO - Uploaded /tmp/minio_downloads/1784067260.json to Snowflake stage
[2026-07-15T08:50:54.129+0000] {logging_mixin.py:188} INFO - Uploaded /tmp/minio_downloads/1784067267.json to Snowflake stage
[2026-07-15T08:50:54.851+0000] {logging_mixin.py:188} INFO - Uploaded /tmp/minio_downloads/1784067274.json to Snowflake stage
[2026-07-15T08:50:55.244+0000] {logging_mixin.py:188} INFO - Uploaded /tmp/minio_downloads/1784067281.json to Snowflake stage
[2026-07-15T08:50:55.761+0000] {logging_mixin.py:188} INFO - Uploaded /tmp/minio_downloads/1784067287.json to Snowflake stage
[2026-07-15T08:50:56.068+0000] {logging_mixin.py:188} INFO - Uploaded /tmp/minio_downloads/1784067294.json to Snowflake stage
[2026-07-15T08:50:56.630+0000] {logging_mixin.py:188} INFO - Uploaded /tmp/minio_downloads/1784067301.json to Snowflake stage
[2026-07-15T08:50:56.963+0000] {logging_mixin.py:188} INFO - Uploaded /tmp/minio_downloads/1784067308.json to Snowflake stage
[2026-07-15T08:50:57.277+0000] {logging_mixin.py:188} INFO - Uploaded /tmp/minio_downloads/1784067316.json to Snowflake stage
[2026-07-15T08:50:57.592+0000] {logging_mixin.py:188} INFO - Uploaded /tmp/minio_downloads/1784067323.json to Snowflake stage
[2026-07-15T08:50:57.949+0000] {logging_mixin.py:188} INFO - Uploaded /tmp/minio_downloads/1784067330.json to Snowflake stage
[2026-07-15T08:50:58.462+0000] {logging_mixin.py:188} INFO - Uploaded /tmp/minio_downloads/1784067336.json to Snowflake stage
[2026-07-15T08:50:58.875+0000] {logging_mixin.py:188} INFO - Uploaded /tmp/minio_downloads/1784067343.json to Snowflake stage
[2026-07-15T08:50:59.206+0000] {logging_mixin.py:188} INFO - Uploaded /tmp/minio_downloads/1784067350.json to Snowflake stage
[2026-07-15T08:50:59.782+0000] {logging_mixin.py:188} INFO - Uploaded /tmp/minio_downloads/1784067952.json to Snowflake stage
[2026-07-15T08:51:00.116+0000] {logging_mixin.py:188} INFO - Uploaded /tmp/minio_downloads/1784067959.json to Snowflake stage
[2026-07-15T08:51:00.431+0000] {logging_mixin.py:188} INFO - Uploaded /tmp/minio_downloads/1784067966.json to Snowflake stage
[2026-07-15T08:51:00.769+0000] {logging_mixin.py:188} INFO - Uploaded /tmp/minio_downloads/1784067972.json to Snowflake stage
[2026-07-15T08:51:01.074+0000] {logging_mixin.py:188} INFO - Uploaded /tmp/minio_downloads/1784067979.json to Snowflake stage
[2026-07-15T08:51:01.378+0000] {logging_mixin.py:188} INFO - Uploaded /tmp/minio_downloads/1784067986.json to Snowflake stage
[2026-07-15T08:51:01.765+0000] {logging_mixin.py:188} INFO - Uploaded /tmp/minio_downloads/1784067993.json to Snowflake stage
[2026-07-15T08:51:02.404+0000] {logging_mixin.py:188} INFO - Uploaded /tmp/minio_downloads/1784068000.json to Snowflake stage
[2026-07-15T08:51:03.027+0000] {logging_mixin.py:188} INFO - Uploaded /tmp/minio_downloads/1784068007.json to Snowflake stage
[2026-07-15T08:51:03.536+0000] {logging_mixin.py:188} INFO - Uploaded /tmp/minio_downloads/1784068014.json to Snowflake stage
[2026-07-15T08:51:04.051+0000] {logging_mixin.py:188} INFO - Uploaded /tmp/minio_downloads/1784068021.json to Snowflake stage
[2026-07-15T08:51:04.715+0000] {logging_mixin.py:188} INFO - Uploaded /tmp/minio_downloads/1784068028.json to Snowflake stage
[2026-07-15T08:51:05.225+0000] {logging_mixin.py:188} INFO - Uploaded /tmp/minio_downloads/1784068035.json to Snowflake stage
[2026-07-15T08:51:05.669+0000] {logging_mixin.py:188} INFO - Uploaded /tmp/minio_downloads/1784068041.json to Snowflake stage
[2026-07-15T08:51:06.271+0000] {logging_mixin.py:188} INFO - Uploaded /tmp/minio_downloads/1784068048.json to Snowflake stage
[2026-07-15T08:51:06.705+0000] {logging_mixin.py:188} INFO - Uploaded /tmp/minio_downloads/1784068055.json to Snowflake stage
[2026-07-15T08:51:07.193+0000] {logging_mixin.py:188} INFO - Uploaded /tmp/minio_downloads/1784068062.json to Snowflake stage
[2026-07-15T08:51:07.599+0000] {logging_mixin.py:188} INFO - Uploaded /tmp/minio_downloads/1784068069.json to Snowflake stage
[2026-07-15T08:51:08.004+0000] {logging_mixin.py:188} INFO - Uploaded /tmp/minio_downloads/1784068076.json to Snowflake stage
[2026-07-15T08:51:08.423+0000] {logging_mixin.py:188} INFO - Uploaded /tmp/minio_downloads/1784068083.json to Snowflake stage
[2026-07-15T08:51:08.815+0000] {logging_mixin.py:188} INFO - Uploaded /tmp/minio_downloads/1784068090.json to Snowflake stage
[2026-07-15T08:51:09.230+0000] {logging_mixin.py:188} INFO - Uploaded /tmp/minio_downloads/1784068097.json to Snowflake stage
[2026-07-15T08:51:09.735+0000] {logging_mixin.py:188} INFO - Uploaded /tmp/minio_downloads/1784068104.json to Snowflake stage
[2026-07-15T08:51:10.315+0000] {logging_mixin.py:188} INFO - Uploaded /tmp/minio_downloads/1784068111.json to Snowflake stage
[2026-07-15T08:51:10.849+0000] {logging_mixin.py:188} INFO - Uploaded /tmp/minio_downloads/1784068118.json to Snowflake stage
[2026-07-15T08:51:11.376+0000] {logging_mixin.py:188} INFO - Uploaded /tmp/minio_downloads/1784068124.json to Snowflake stage
[2026-07-15T08:51:11.913+0000] {logging_mixin.py:188} INFO - Uploaded /tmp/minio_downloads/1784068131.json to Snowflake stage
[2026-07-15T08:51:12.446+0000] {logging_mixin.py:188} INFO - Uploaded /tmp/minio_downloads/1784068138.json to Snowflake stage
[2026-07-15T08:51:12.810+0000] {logging_mixin.py:188} INFO - Uploaded /tmp/minio_downloads/1784068145.json to Snowflake stage
[2026-07-15T08:51:13.157+0000] {logging_mixin.py:188} INFO - Uploaded /tmp/minio_downloads/1784068152.json to Snowflake stage
[2026-07-15T08:51:13.474+0000] {logging_mixin.py:188} INFO - Uploaded /tmp/minio_downloads/1784068159.json to Snowflake stage
[2026-07-15T08:51:13.789+0000] {logging_mixin.py:188} INFO - Uploaded /tmp/minio_downloads/1784068166.json to Snowflake stage
[2026-07-15T08:51:14.111+0000] {logging_mixin.py:188} INFO - Uploaded /tmp/minio_downloads/1784068173.json to Snowflake stage
[2026-07-15T08:51:14.637+0000] {logging_mixin.py:188} INFO - Uploaded /tmp/minio_downloads/1784068180.json to Snowflake stage
[2026-07-15T08:51:14.942+0000] {logging_mixin.py:188} INFO - Uploaded /tmp/minio_downloads/1784068187.json to Snowflake stage
[2026-07-15T08:51:15.267+0000] {logging_mixin.py:188} INFO - Uploaded /tmp/minio_downloads/1784068194.json to Snowflake stage
[2026-07-15T08:51:15.582+0000] {logging_mixin.py:188} INFO - Uploaded /tmp/minio_downloads/1784068200.json to Snowflake stage
[2026-07-15T08:51:15.891+0000] {logging_mixin.py:188} INFO - Uploaded /tmp/minio_downloads/1784068207.json to Snowflake stage
[2026-07-15T08:51:16.229+0000] {logging_mixin.py:188} INFO - Uploaded /tmp/minio_downloads/1784068214.json to Snowflake stage
[2026-07-15T08:51:16.532+0000] {logging_mixin.py:188} INFO - Uploaded /tmp/minio_downloads/1784068221.json to Snowflake stage
[2026-07-15T08:51:16.856+0000] {logging_mixin.py:188} INFO - Uploaded /tmp/minio_downloads/1784068228.json to Snowflake stage
[2026-07-15T08:51:17.160+0000] {logging_mixin.py:188} INFO - Uploaded /tmp/minio_downloads/1784068235.json to Snowflake stage
[2026-07-15T08:51:17.476+0000] {logging_mixin.py:188} INFO - Uploaded /tmp/minio_downloads/1784068242.json to Snowflake stage
[2026-07-15T08:51:17.812+0000] {logging_mixin.py:188} INFO - Uploaded /tmp/minio_downloads/1784068249.json to Snowflake stage
[2026-07-15T08:51:18.158+0000] {logging_mixin.py:188} INFO - Uploaded /tmp/minio_downloads/1784068256.json to Snowflake stage
[2026-07-15T08:51:18.453+0000] {logging_mixin.py:188} INFO - Uploaded /tmp/minio_downloads/1784068263.json to Snowflake stage
[2026-07-15T08:51:18.773+0000] {logging_mixin.py:188} INFO - Uploaded /tmp/minio_downloads/1784068270.json to Snowflake stage
[2026-07-15T08:51:19.079+0000] {logging_mixin.py:188} INFO - Uploaded /tmp/minio_downloads/1784068276.json to Snowflake stage
[2026-07-15T08:51:19.451+0000] {logging_mixin.py:188} INFO - Uploaded /tmp/minio_downloads/1784068283.json to Snowflake stage
[2026-07-15T08:51:19.810+0000] {logging_mixin.py:188} INFO - Uploaded /tmp/minio_downloads/1784068290.json to Snowflake stage
[2026-07-15T08:51:20.110+0000] {logging_mixin.py:188} INFO - Uploaded /tmp/minio_downloads/1784068297.json to Snowflake stage
[2026-07-15T08:51:20.435+0000] {logging_mixin.py:188} INFO - Uploaded /tmp/minio_downloads/1784068304.json to Snowflake stage
[2026-07-15T08:51:20.755+0000] {logging_mixin.py:188} INFO - Uploaded /tmp/minio_downloads/1784068311.json to Snowflake stage
[2026-07-15T08:51:21.075+0000] {logging_mixin.py:188} INFO - Uploaded /tmp/minio_downloads/1784068318.json to Snowflake stage
[2026-07-15T08:51:21.378+0000] {logging_mixin.py:188} INFO - Uploaded /tmp/minio_downloads/1784068325.json to Snowflake stage
[2026-07-15T08:51:21.676+0000] {logging_mixin.py:188} INFO - Uploaded /tmp/minio_downloads/1784068332.json to Snowflake stage
[2026-07-15T08:51:21.968+0000] {logging_mixin.py:188} INFO - Uploaded /tmp/minio_downloads/1784068339.json to Snowflake stage
[2026-07-15T08:51:22.369+0000] {logging_mixin.py:188} INFO - Uploaded /tmp/minio_downloads/1784068346.json to Snowflake stage
[2026-07-15T08:51:22.734+0000] {logging_mixin.py:188} INFO - Uploaded /tmp/minio_downloads/1784068353.json to Snowflake stage
[2026-07-15T08:51:23.028+0000] {logging_mixin.py:188} INFO - Uploaded /tmp/minio_downloads/1784068359.json to Snowflake stage
[2026-07-15T08:51:23.344+0000] {logging_mixin.py:188} INFO - Uploaded /tmp/minio_downloads/1784068366.json to Snowflake stage
[2026-07-15T08:51:23.651+0000] {logging_mixin.py:188} INFO - Uploaded /tmp/minio_downloads/1784068373.json to Snowflake stage
[2026-07-15T08:51:24.010+0000] {logging_mixin.py:188} INFO - Uploaded /tmp/minio_downloads/1784068380.json to Snowflake stage
[2026-07-15T08:51:24.329+0000] {logging_mixin.py:188} INFO - Uploaded /tmp/minio_downloads/1784068387.json to Snowflake stage
[2026-07-15T08:51:24.676+0000] {logging_mixin.py:188} INFO - Uploaded /tmp/minio_downloads/1784068394.json to Snowflake stage
[2026-07-15T08:51:24.990+0000] {logging_mixin.py:188} INFO - Uploaded /tmp/minio_downloads/1784068401.json to Snowflake stage
[2026-07-15T08:51:25.330+0000] {logging_mixin.py:188} INFO - Uploaded /tmp/minio_downloads/1784068408.json to Snowflake stage
[2026-07-15T08:51:25.670+0000] {logging_mixin.py:188} INFO - Uploaded /tmp/minio_downloads/1784068415.json to Snowflake stage
[2026-07-15T08:51:26.050+0000] {logging_mixin.py:188} INFO - Uploaded /tmp/minio_downloads/1784068422.json to Snowflake stage
[2026-07-15T08:51:26.365+0000] {logging_mixin.py:188} INFO - Uploaded /tmp/minio_downloads/1784068429.json to Snowflake stage
[2026-07-15T08:51:26.713+0000] {logging_mixin.py:188} INFO - Uploaded /tmp/minio_downloads/1784068436.json to Snowflake stage
[2026-07-15T08:51:27.034+0000] {logging_mixin.py:188} INFO - Uploaded /tmp/minio_downloads/1784068443.json to Snowflake stage
[2026-07-15T08:51:27.334+0000] {logging_mixin.py:188} INFO - Uploaded /tmp/minio_downloads/1784068450.json to Snowflake stage
[2026-07-15T08:51:27.653+0000] {logging_mixin.py:188} INFO - Uploaded /tmp/minio_downloads/1784068457.json to Snowflake stage
[2026-07-15T08:51:28.836+0000] {connectionpool.py:824} WARNING - Retrying (Retry(total=0, connect=None, read=None, redirect=None, status=None)) after connection broken by 'ProtocolError('Connection aborted.', RemoteDisconnected('Remote end closed connection without response'))': /xogl1000-s/tables/11138031317651642/1784068464.json.gz
[2026-07-15T08:51:29.177+0000] {file_transfer_agent.py:606} ERROR - An exception was raised in <bound method SnowflakeStorageClient.prepare_upload of <snowflake.connector.s3_storage_client.SnowflakeS3RestClient object at 0xffff6745f080>>
Traceback (most recent call last):
  File "/home/airflow/.local/lib/python3.12/site-packages/snowflake/connector/file_transfer_agent.py", line 603, in function_and_callback_wrapper
    work(*args, **kwargs),
    ^^^^^^^^^^^^^^^^^^^^^
  File "/home/airflow/.local/lib/python3.12/site-packages/snowflake/connector/storage_client.py", line 223, in prepare_upload
    self.preprocess()
  File "/home/airflow/.local/lib/python3.12/site-packages/snowflake/connector/storage_client.py", line 189, in preprocess
    file_header = self.get_file_header(
                  ^^^^^^^^^^^^^^^^^^^^^
  File "/home/airflow/.local/lib/python3.12/site-packages/snowflake/connector/s3_storage_client.py", line 416, in get_file_header
    response.raise_for_status()
  File "/home/airflow/.local/lib/python3.12/site-packages/snowflake/connector/vendored/requests/models.py", line 1021, in raise_for_status
    raise HTTPError(http_error_msg, response=self)
snowflake.connector.vendored.requests.exceptions.HTTPError: 403 Client Error: Forbidden for url: https://sfc-prod3-ds1-189-customer-stage.s3.amazonaws.com/xogl1000-s/tables/11138031317651642/1784068464.json.gz
[2026-07-15T08:51:29.185+0000] {taskinstance.py:441} INFO - ::group::Post task execution logs
[2026-07-15T08:51:29.188+0000] {taskinstance.py:2905} ERROR - Task failed with exception
Traceback (most recent call last):
  File "/home/airflow/.local/lib/python3.12/site-packages/airflow/models/taskinstance.py", line 465, in _execute_task
    result = _execute_callable(context=context, **execute_callable_kwargs)
             ^^^^^^^^^^^^^^^^^^^^^^^^^^^^^^^^^^^^^^^^^^^^^^^^^^^^^^^^^^^^^
  File "/home/airflow/.local/lib/python3.12/site-packages/airflow/models/taskinstance.py", line 432, in _execute_callable
    return execute_callable(context=context, **execute_callable_kwargs)
           ^^^^^^^^^^^^^^^^^^^^^^^^^^^^^^^^^^^^^^^^^^^^^^^^^^^^^^^^^^^^
  File "/home/airflow/.local/lib/python3.12/site-packages/airflow/models/baseoperator.py", line 401, in wrapper
    return func(self, *args, **kwargs)
           ^^^^^^^^^^^^^^^^^^^^^^^^^^^
  File "/home/airflow/.local/lib/python3.12/site-packages/airflow/operators/python.py", line 235, in execute
    return_value = self.execute_callable()
                   ^^^^^^^^^^^^^^^^^^^^^^^
  File "/home/airflow/.local/lib/python3.12/site-packages/airflow/operators/python.py", line 252, in execute_callable
    return self.python_callable(*self.op_args, **self.op_kwargs)
           ^^^^^^^^^^^^^^^^^^^^^^^^^^^^^^^^^^^^^^^^^^^^^^^^^^^^^
  File "/opt/airflow/dags/minio_to_snowflake.py", line 73, in load_to_snowflake
    cur.execute(f"PUT file://{f} @%bronze_stock_quotes_raw")
  File "/home/airflow/.local/lib/python3.12/site-packages/snowflake/connector/cursor.py", line 1047, in execute
    data = sf_file_transfer_agent.result()
           ^^^^^^^^^^^^^^^^^^^^^^^^^^^^^^^
  File "/home/airflow/.local/lib/python3.12/site-packages/snowflake/connector/file_transfer_agent.py", line 740, in result
    Error.errorhandler_wrapper(
  File "/home/airflow/.local/lib/python3.12/site-packages/snowflake/connector/errors.py", line 290, in errorhandler_wrapper
    handed_over = Error.hand_to_other_handler(
                  ^^^^^^^^^^^^^^^^^^^^^^^^^^^^
  File "/home/airflow/.local/lib/python3.12/site-packages/snowflake/connector/errors.py", line 345, in hand_to_other_handler
    cursor.errorhandler(connection, cursor, error_class, error_value)
  File "/home/airflow/.local/lib/python3.12/site-packages/snowflake/connector/errors.py", line 221, in default_errorhandler
    raise error_class(
snowflake.connector.errors.OperationalError: 253003: 253003: While putting file(s) there was an error: 'HTTPError('403 Client Error: Forbidden for url: https://sfc-prod3-ds1-189-customer-stage.s3.amazonaws.com/xogl1000-s/tables/11138031317651642/1784068464.json.gz')', this might be caused by your access to the blob storage provider, or by Snowflake.
[2026-07-15T08:51:29.199+0000] {taskinstance.py:1206} INFO - Marking task as UP_FOR_RETRY. dag_id=minio_to_snowflake, task_id=load_snowflake, run_id=scheduled__2026-07-15T07:30:00+00:00, execution_date=20260715T073000, start_date=20260715T085048, end_date=20260715T085129
[2026-07-15T08:51:29.208+0000] {standard_task_runner.py:110} ERROR - Failed to execute job 108 for task load_snowflake (253003: 253003: While putting file(s) there was an error: 'HTTPError('403 Client Error: Forbidden for url: https://sfc-prod3-ds1-189-customer-stage.s3.amazonaws.com/xogl1000-s/tables/11138031317651642/1784068464.json.gz')', this might be caused by your access to the blob storage provider, or by Snowflake.; 63857)
[2026-07-15T08:51:29.218+0000] {local_task_job_runner.py:243} INFO - Task exited with return code 1
[2026-07-15T08:51:29.232+0000] {taskinstance.py:3503} INFO - 0 downstream tasks scheduled from follow-on schedule check
[2026-07-15T08:51:29.233+0000] {local_task_job_runner.py:222} INFO - ::endgroup::
