[2026-07-16T02:52:34.304+0000] {local_task_job_runner.py:120} INFO - ::group::Pre task execution logs
[2026-07-16T02:52:34.320+0000] {taskinstance.py:2076} INFO - Dependencies all met for dep_context=non-requeueable deps ti=<TaskInstance: minio_to_snowflake.download_minio scheduled__2026-07-16T02:51:00+00:00 [queued]>
[2026-07-16T02:52:34.324+0000] {taskinstance.py:2076} INFO - Dependencies all met for dep_context=requeueable deps ti=<TaskInstance: minio_to_snowflake.download_minio scheduled__2026-07-16T02:51:00+00:00 [queued]>
[2026-07-16T02:52:34.324+0000] {taskinstance.py:2306} INFO - Starting attempt 1 of 2
[2026-07-16T02:52:34.330+0000] {taskinstance.py:2330} INFO - Executing <Task(PythonOperator): download_minio> on 2026-07-16 02:51:00+00:00
[2026-07-16T02:52:34.336+0000] {logging_mixin.py:188} WARNING - /home/***/.local/lib/python3.12/site-packages/***/task/task_runner/standard_task_runner.py:62 DeprecationWarning: This process (pid=95517) is multi-threaded, use of fork() may lead to deadlocks in the child.
[2026-07-16T02:52:34.335+0000] {standard_task_runner.py:90} INFO - Running: ['***', 'tasks', 'run', 'minio_to_snowflake', 'download_minio', 'scheduled__2026-07-16T02:51:00+00:00', '--job-id', '329', '--raw', '--subdir', 'DAGS_FOLDER/minio_to_snowflake.py', '--cfg-path', '/tmp/tmpdf6tg_s8']
[2026-07-16T02:52:34.336+0000] {standard_task_runner.py:91} INFO - Job 329: Subtask download_minio
[2026-07-16T02:52:34.336+0000] {standard_task_runner.py:64} INFO - Started process 95531 to run task
[2026-07-16T02:52:34.364+0000] {task_command.py:426} INFO - Running <TaskInstance: minio_to_snowflake.download_minio scheduled__2026-07-16T02:51:00+00:00 [running]> on host 1b3af0dde868
[2026-07-16T02:52:34.411+0000] {taskinstance.py:2648} INFO - Exporting env vars: AIRFLOW_CTX_DAG_OWNER='***' AIRFLOW_CTX_DAG_ID='minio_to_snowflake' AIRFLOW_CTX_TASK_ID='download_minio' AIRFLOW_CTX_EXECUTION_DATE='2026-07-16T02:51:00+00:00' AIRFLOW_CTX_TRY_NUMBER='1' AIRFLOW_CTX_DAG_RUN_ID='scheduled__2026-07-16T02:51:00+00:00'
[2026-07-16T02:52:34.412+0000] {taskinstance.py:430} INFO - ::endgroup::
[2026-07-16T02:52:34.670+0000] {logging_mixin.py:188} INFO - Downloaded AAPL/1783903075.json -> /tmp/minio_downloads/1783903075.json
[2026-07-16T02:52:34.674+0000] {logging_mixin.py:188} INFO - Downloaded AAPL/1783903082.json -> /tmp/minio_downloads/1783903082.json
[2026-07-16T02:52:34.678+0000] {logging_mixin.py:188} INFO - Downloaded AAPL/1784067253.json -> /tmp/minio_downloads/1784067253.json
[2026-07-16T02:52:34.681+0000] {logging_mixin.py:188} INFO - Downloaded AAPL/1784067260.json -> /tmp/minio_downloads/1784067260.json
[2026-07-16T02:52:34.684+0000] {logging_mixin.py:188} INFO - Downloaded AAPL/1784067267.json -> /tmp/minio_downloads/1784067267.json
[2026-07-16T02:52:34.687+0000] {logging_mixin.py:188} INFO - Downloaded AAPL/1784067274.json -> /tmp/minio_downloads/1784067274.json
[2026-07-16T02:52:34.690+0000] {logging_mixin.py:188} INFO - Downloaded AAPL/1784067281.json -> /tmp/minio_downloads/1784067281.json
[2026-07-16T02:52:34.693+0000] {logging_mixin.py:188} INFO - Downloaded AAPL/1784067287.json -> /tmp/minio_downloads/1784067287.json
[2026-07-16T02:52:34.696+0000] {logging_mixin.py:188} INFO - Downloaded AAPL/1784067294.json -> /tmp/minio_downloads/1784067294.json
[2026-07-16T02:52:34.700+0000] {logging_mixin.py:188} INFO - Downloaded AAPL/1784067301.json -> /tmp/minio_downloads/1784067301.json
[2026-07-16T02:52:34.703+0000] {logging_mixin.py:188} INFO - Downloaded AAPL/1784067308.json -> /tmp/minio_downloads/1784067308.json
[2026-07-16T02:52:34.706+0000] {logging_mixin.py:188} INFO - Downloaded AAPL/1784067316.json -> /tmp/minio_downloads/1784067316.json
[2026-07-16T02:52:34.709+0000] {logging_mixin.py:188} INFO - Downloaded AAPL/1784067323.json -> /tmp/minio_downloads/1784067323.json
[2026-07-16T02:52:34.712+0000] {logging_mixin.py:188} INFO - Downloaded AAPL/1784067330.json -> /tmp/minio_downloads/1784067330.json
[2026-07-16T02:52:34.714+0000] {logging_mixin.py:188} INFO - Downloaded AAPL/1784067336.json -> /tmp/minio_downloads/1784067336.json
[2026-07-16T02:52:34.717+0000] {logging_mixin.py:188} INFO - Downloaded AAPL/1784067343.json -> /tmp/minio_downloads/1784067343.json
[2026-07-16T02:52:34.720+0000] {logging_mixin.py:188} INFO - Downloaded AAPL/1784067350.json -> /tmp/minio_downloads/1784067350.json
[2026-07-16T02:52:34.723+0000] {logging_mixin.py:188} INFO - Downloaded AAPL/1784067952.json -> /tmp/minio_downloads/1784067952.json
[2026-07-16T02:52:34.726+0000] {logging_mixin.py:188} INFO - Downloaded AAPL/1784067959.json -> /tmp/minio_downloads/1784067959.json
[2026-07-16T02:52:34.728+0000] {logging_mixin.py:188} INFO - Downloaded AAPL/1784067966.json -> /tmp/minio_downloads/1784067966.json
[2026-07-16T02:52:34.731+0000] {logging_mixin.py:188} INFO - Downloaded AAPL/1784067972.json -> /tmp/minio_downloads/1784067972.json
[2026-07-16T02:52:34.734+0000] {logging_mixin.py:188} INFO - Downloaded AAPL/1784067979.json -> /tmp/minio_downloads/1784067979.json
[2026-07-16T02:52:34.737+0000] {logging_mixin.py:188} INFO - Downloaded AAPL/1784067986.json -> /tmp/minio_downloads/1784067986.json
[2026-07-16T02:52:34.739+0000] {logging_mixin.py:188} INFO - Downloaded AAPL/1784067993.json -> /tmp/minio_downloads/1784067993.json
[2026-07-16T02:52:34.742+0000] {logging_mixin.py:188} INFO - Downloaded AAPL/1784068000.json -> /tmp/minio_downloads/1784068000.json
[2026-07-16T02:52:34.745+0000] {logging_mixin.py:188} INFO - Downloaded AAPL/1784068007.json -> /tmp/minio_downloads/1784068007.json
[2026-07-16T02:52:34.748+0000] {logging_mixin.py:188} INFO - Downloaded AAPL/1784068014.json -> /tmp/minio_downloads/1784068014.json
[2026-07-16T02:52:34.751+0000] {logging_mixin.py:188} INFO - Downloaded AAPL/1784068021.json -> /tmp/minio_downloads/1784068021.json
[2026-07-16T02:52:34.753+0000] {logging_mixin.py:188} INFO - Downloaded AAPL/1784068028.json -> /tmp/minio_downloads/1784068028.json
[2026-07-16T02:52:34.756+0000] {logging_mixin.py:188} INFO - Downloaded AAPL/1784068035.json -> /tmp/minio_downloads/1784068035.json
[2026-07-16T02:52:34.759+0000] {logging_mixin.py:188} INFO - Downloaded AAPL/1784068041.json -> /tmp/minio_downloads/1784068041.json
[2026-07-16T02:52:34.762+0000] {logging_mixin.py:188} INFO - Downloaded AAPL/1784068048.json -> /tmp/minio_downloads/1784068048.json
[2026-07-16T02:52:34.765+0000] {logging_mixin.py:188} INFO - Downloaded AAPL/1784068055.json -> /tmp/minio_downloads/1784068055.json
[2026-07-16T02:52:34.767+0000] {logging_mixin.py:188} INFO - Downloaded AAPL/1784068062.json -> /tmp/minio_downloads/1784068062.json
[2026-07-16T02:52:34.770+0000] {logging_mixin.py:188} INFO - Downloaded AAPL/1784068069.json -> /tmp/minio_downloads/1784068069.json
[2026-07-16T02:52:34.773+0000] {logging_mixin.py:188} INFO - Downloaded AAPL/1784068076.json -> /tmp/minio_downloads/1784068076.json
[2026-07-16T02:52:34.776+0000] {logging_mixin.py:188} INFO - Downloaded AAPL/1784068083.json -> /tmp/minio_downloads/1784068083.json
[2026-07-16T02:52:34.778+0000] {logging_mixin.py:188} INFO - Downloaded AAPL/1784068090.json -> /tmp/minio_downloads/1784068090.json
[2026-07-16T02:52:34.781+0000] {logging_mixin.py:188} INFO - Downloaded AAPL/1784068097.json -> /tmp/minio_downloads/1784068097.json
[2026-07-16T02:52:34.784+0000] {logging_mixin.py:188} INFO - Downloaded AAPL/1784068104.json -> /tmp/minio_downloads/1784068104.json
[2026-07-16T02:52:34.787+0000] {logging_mixin.py:188} INFO - Downloaded AAPL/1784068111.json -> /tmp/minio_downloads/1784068111.json
[2026-07-16T02:52:34.789+0000] {logging_mixin.py:188} INFO - Downloaded AAPL/1784068118.json -> /tmp/minio_downloads/1784068118.json
[2026-07-16T02:52:34.792+0000] {logging_mixin.py:188} INFO - Downloaded AAPL/1784068124.json -> /tmp/minio_downloads/1784068124.json
[2026-07-16T02:52:34.795+0000] {logging_mixin.py:188} INFO - Downloaded AAPL/1784068131.json -> /tmp/minio_downloads/1784068131.json
[2026-07-16T02:52:34.798+0000] {logging_mixin.py:188} INFO - Downloaded AAPL/1784068138.json -> /tmp/minio_downloads/1784068138.json
[2026-07-16T02:52:34.801+0000] {logging_mixin.py:188} INFO - Downloaded AAPL/1784068145.json -> /tmp/minio_downloads/1784068145.json
[2026-07-16T02:52:34.803+0000] {logging_mixin.py:188} INFO - Downloaded AAPL/1784068152.json -> /tmp/minio_downloads/1784068152.json
[2026-07-16T02:52:34.806+0000] {logging_mixin.py:188} INFO - Downloaded AAPL/1784068159.json -> /tmp/minio_downloads/1784068159.json
[2026-07-16T02:52:34.809+0000] {logging_mixin.py:188} INFO - Downloaded AAPL/1784068166.json -> /tmp/minio_downloads/1784068166.json
[2026-07-16T02:52:34.813+0000] {logging_mixin.py:188} INFO - Downloaded AAPL/1784068173.json -> /tmp/minio_downloads/1784068173.json
[2026-07-16T02:52:34.817+0000] {logging_mixin.py:188} INFO - Downloaded AAPL/1784068180.json -> /tmp/minio_downloads/1784068180.json
[2026-07-16T02:52:34.820+0000] {logging_mixin.py:188} INFO - Downloaded AAPL/1784068187.json -> /tmp/minio_downloads/1784068187.json
[2026-07-16T02:52:34.823+0000] {logging_mixin.py:188} INFO - Downloaded AAPL/1784068194.json -> /tmp/minio_downloads/1784068194.json
[2026-07-16T02:52:34.826+0000] {logging_mixin.py:188} INFO - Downloaded AAPL/1784068200.json -> /tmp/minio_downloads/1784068200.json
[2026-07-16T02:52:34.829+0000] {logging_mixin.py:188} INFO - Downloaded AAPL/1784068207.json -> /tmp/minio_downloads/1784068207.json
[2026-07-16T02:52:34.832+0000] {logging_mixin.py:188} INFO - Downloaded AAPL/1784068214.json -> /tmp/minio_downloads/1784068214.json
[2026-07-16T02:52:34.835+0000] {logging_mixin.py:188} INFO - Downloaded AAPL/1784068221.json -> /tmp/minio_downloads/1784068221.json
[2026-07-16T02:52:34.838+0000] {logging_mixin.py:188} INFO - Downloaded AAPL/1784068228.json -> /tmp/minio_downloads/1784068228.json
[2026-07-16T02:52:34.841+0000] {logging_mixin.py:188} INFO - Downloaded AAPL/1784068235.json -> /tmp/minio_downloads/1784068235.json
[2026-07-16T02:52:34.845+0000] {logging_mixin.py:188} INFO - Downloaded AAPL/1784068242.json -> /tmp/minio_downloads/1784068242.json
[2026-07-16T02:52:34.848+0000] {logging_mixin.py:188} INFO - Downloaded AAPL/1784068249.json -> /tmp/minio_downloads/1784068249.json
[2026-07-16T02:52:34.852+0000] {logging_mixin.py:188} INFO - Downloaded AAPL/1784068256.json -> /tmp/minio_downloads/1784068256.json
[2026-07-16T02:52:34.855+0000] {logging_mixin.py:188} INFO - Downloaded AAPL/1784068263.json -> /tmp/minio_downloads/1784068263.json
[2026-07-16T02:52:34.858+0000] {logging_mixin.py:188} INFO - Downloaded AAPL/1784068270.json -> /tmp/minio_downloads/1784068270.json
[2026-07-16T02:52:34.862+0000] {logging_mixin.py:188} INFO - Downloaded AAPL/1784068276.json -> /tmp/minio_downloads/1784068276.json
[2026-07-16T02:52:34.865+0000] {logging_mixin.py:188} INFO - Downloaded AAPL/1784068283.json -> /tmp/minio_downloads/1784068283.json
[2026-07-16T02:52:34.868+0000] {logging_mixin.py:188} INFO - Downloaded AAPL/1784068290.json -> /tmp/minio_downloads/1784068290.json
[2026-07-16T02:52:34.871+0000] {logging_mixin.py:188} INFO - Downloaded AAPL/1784068297.json -> /tmp/minio_downloads/1784068297.json
[2026-07-16T02:52:34.873+0000] {logging_mixin.py:188} INFO - Downloaded AAPL/1784068304.json -> /tmp/minio_downloads/1784068304.json
[2026-07-16T02:52:34.876+0000] {logging_mixin.py:188} INFO - Downloaded AAPL/1784068311.json -> /tmp/minio_downloads/1784068311.json
[2026-07-16T02:52:34.879+0000] {logging_mixin.py:188} INFO - Downloaded AAPL/1784068318.json -> /tmp/minio_downloads/1784068318.json
[2026-07-16T02:52:34.882+0000] {logging_mixin.py:188} INFO - Downloaded AAPL/1784068325.json -> /tmp/minio_downloads/1784068325.json
[2026-07-16T02:52:34.885+0000] {logging_mixin.py:188} INFO - Downloaded AAPL/1784068332.json -> /tmp/minio_downloads/1784068332.json
[2026-07-16T02:52:34.888+0000] {logging_mixin.py:188} INFO - Downloaded AAPL/1784068339.json -> /tmp/minio_downloads/1784068339.json
[2026-07-16T02:52:34.890+0000] {logging_mixin.py:188} INFO - Downloaded AAPL/1784068346.json -> /tmp/minio_downloads/1784068346.json
[2026-07-16T02:52:34.893+0000] {logging_mixin.py:188} INFO - Downloaded AAPL/1784068353.json -> /tmp/minio_downloads/1784068353.json
[2026-07-16T02:52:34.896+0000] {logging_mixin.py:188} INFO - Downloaded AAPL/1784068359.json -> /tmp/minio_downloads/1784068359.json
[2026-07-16T02:52:34.899+0000] {logging_mixin.py:188} INFO - Downloaded AAPL/1784068366.json -> /tmp/minio_downloads/1784068366.json
[2026-07-16T02:52:34.901+0000] {logging_mixin.py:188} INFO - Downloaded AAPL/1784068373.json -> /tmp/minio_downloads/1784068373.json
[2026-07-16T02:52:34.904+0000] {logging_mixin.py:188} INFO - Downloaded AAPL/1784068380.json -> /tmp/minio_downloads/1784068380.json
[2026-07-16T02:52:34.907+0000] {logging_mixin.py:188} INFO - Downloaded AAPL/1784068387.json -> /tmp/minio_downloads/1784068387.json
[2026-07-16T02:52:34.910+0000] {logging_mixin.py:188} INFO - Downloaded AAPL/1784068394.json -> /tmp/minio_downloads/1784068394.json
[2026-07-16T02:52:34.913+0000] {logging_mixin.py:188} INFO - Downloaded AAPL/1784068401.json -> /tmp/minio_downloads/1784068401.json
[2026-07-16T02:52:34.916+0000] {logging_mixin.py:188} INFO - Downloaded AAPL/1784068408.json -> /tmp/minio_downloads/1784068408.json
[2026-07-16T02:52:34.919+0000] {logging_mixin.py:188} INFO - Downloaded AAPL/1784068415.json -> /tmp/minio_downloads/1784068415.json
[2026-07-16T02:52:34.921+0000] {logging_mixin.py:188} INFO - Downloaded AAPL/1784068422.json -> /tmp/minio_downloads/1784068422.json
[2026-07-16T02:52:34.924+0000] {logging_mixin.py:188} INFO - Downloaded AAPL/1784068429.json -> /tmp/minio_downloads/1784068429.json
[2026-07-16T02:52:34.927+0000] {logging_mixin.py:188} INFO - Downloaded AAPL/1784068436.json -> /tmp/minio_downloads/1784068436.json
[2026-07-16T02:52:34.929+0000] {logging_mixin.py:188} INFO - Downloaded AAPL/1784068443.json -> /tmp/minio_downloads/1784068443.json
[2026-07-16T02:52:34.932+0000] {logging_mixin.py:188} INFO - Downloaded AAPL/1784068450.json -> /tmp/minio_downloads/1784068450.json
[2026-07-16T02:52:34.935+0000] {logging_mixin.py:188} INFO - Downloaded AAPL/1784068457.json -> /tmp/minio_downloads/1784068457.json
[2026-07-16T02:52:34.938+0000] {logging_mixin.py:188} INFO - Downloaded AAPL/1784068464.json -> /tmp/minio_downloads/1784068464.json
[2026-07-16T02:52:34.941+0000] {logging_mixin.py:188} INFO - Downloaded AAPL/1784068471.json -> /tmp/minio_downloads/1784068471.json
[2026-07-16T02:52:34.944+0000] {logging_mixin.py:188} INFO - Downloaded AAPL/1784068478.json -> /tmp/minio_downloads/1784068478.json
[2026-07-16T02:52:34.946+0000] {logging_mixin.py:188} INFO - Downloaded AAPL/1784068484.json -> /tmp/minio_downloads/1784068484.json
[2026-07-16T02:52:34.949+0000] {logging_mixin.py:188} INFO - Downloaded AAPL/1784068491.json -> /tmp/minio_downloads/1784068491.json
[2026-07-16T02:52:34.952+0000] {logging_mixin.py:188} INFO - Downloaded AAPL/1784068498.json -> /tmp/minio_downloads/1784068498.json
[2026-07-16T02:52:34.955+0000] {logging_mixin.py:188} INFO - Downloaded AAPL/1784068505.json -> /tmp/minio_downloads/1784068505.json
[2026-07-16T02:52:34.958+0000] {logging_mixin.py:188} INFO - Downloaded AAPL/1784068512.json -> /tmp/minio_downloads/1784068512.json
[2026-07-16T02:52:34.961+0000] {logging_mixin.py:188} INFO - Downloaded AAPL/1784068519.json -> /tmp/minio_downloads/1784068519.json
[2026-07-16T02:52:34.963+0000] {logging_mixin.py:188} INFO - Downloaded AAPL/1784068526.json -> /tmp/minio_downloads/1784068526.json
[2026-07-16T02:52:34.966+0000] {logging_mixin.py:188} INFO - Downloaded AAPL/1784068533.json -> /tmp/minio_downloads/1784068533.json
[2026-07-16T02:52:34.969+0000] {logging_mixin.py:188} INFO - Downloaded AAPL/1784068540.json -> /tmp/minio_downloads/1784068540.json
[2026-07-16T02:52:34.972+0000] {logging_mixin.py:188} INFO - Downloaded AAPL/1784068547.json -> /tmp/minio_downloads/1784068547.json
[2026-07-16T02:52:34.975+0000] {logging_mixin.py:188} INFO - Downloaded AAPL/1784068554.json -> /tmp/minio_downloads/1784068554.json
[2026-07-16T02:52:34.978+0000] {logging_mixin.py:188} INFO - Downloaded AAPL/1784068560.json -> /tmp/minio_downloads/1784068560.json
[2026-07-16T02:52:34.981+0000] {logging_mixin.py:188} INFO - Downloaded AAPL/1784068567.json -> /tmp/minio_downloads/1784068567.json
[2026-07-16T02:52:34.983+0000] {logging_mixin.py:188} INFO - Downloaded AAPL/1784068574.json -> /tmp/minio_downloads/1784068574.json
[2026-07-16T02:52:34.986+0000] {logging_mixin.py:188} INFO - Downloaded AAPL/1784068581.json -> /tmp/minio_downloads/1784068581.json
[2026-07-16T02:52:34.989+0000] {logging_mixin.py:188} INFO - Downloaded AAPL/1784068588.json -> /tmp/minio_downloads/1784068588.json
[2026-07-16T02:52:34.992+0000] {logging_mixin.py:188} INFO - Downloaded AAPL/1784068595.json -> /tmp/minio_downloads/1784068595.json
[2026-07-16T02:52:34.995+0000] {logging_mixin.py:188} INFO - Downloaded AAPL/1784068602.json -> /tmp/minio_downloads/1784068602.json
[2026-07-16T02:52:34.997+0000] {logging_mixin.py:188} INFO - Downloaded AAPL/1784068609.json -> /tmp/minio_downloads/1784068609.json
[2026-07-16T02:52:35.000+0000] {logging_mixin.py:188} INFO - Downloaded AAPL/1784068616.json -> /tmp/minio_downloads/1784068616.json
[2026-07-16T02:52:35.003+0000] {logging_mixin.py:188} INFO - Downloaded AAPL/1784068623.json -> /tmp/minio_downloads/1784068623.json
[2026-07-16T02:52:35.006+0000] {logging_mixin.py:188} INFO - Downloaded AAPL/1784068630.json -> /tmp/minio_downloads/1784068630.json
[2026-07-16T02:52:35.009+0000] {logging_mixin.py:188} INFO - Downloaded AAPL/1784068637.json -> /tmp/minio_downloads/1784068637.json
[2026-07-16T02:52:35.011+0000] {logging_mixin.py:188} INFO - Downloaded AAPL/1784068644.json -> /tmp/minio_downloads/1784068644.json
[2026-07-16T02:52:35.014+0000] {logging_mixin.py:188} INFO - Downloaded AAPL/1784068650.json -> /tmp/minio_downloads/1784068650.json
[2026-07-16T02:52:35.017+0000] {logging_mixin.py:188} INFO - Downloaded AAPL/1784068657.json -> /tmp/minio_downloads/1784068657.json
[2026-07-16T02:52:35.020+0000] {logging_mixin.py:188} INFO - Downloaded AAPL/1784068664.json -> /tmp/minio_downloads/1784068664.json
[2026-07-16T02:52:35.024+0000] {logging_mixin.py:188} INFO - Downloaded AAPL/1784068671.json -> /tmp/minio_downloads/1784068671.json
[2026-07-16T02:52:35.028+0000] {logging_mixin.py:188} INFO - Downloaded AAPL/1784068678.json -> /tmp/minio_downloads/1784068678.json
[2026-07-16T02:52:35.033+0000] {logging_mixin.py:188} INFO - Downloaded AAPL/1784068685.json -> /tmp/minio_downloads/1784068685.json
[2026-07-16T02:52:35.038+0000] {logging_mixin.py:188} INFO - Downloaded AAPL/1784068692.json -> /tmp/minio_downloads/1784068692.json
[2026-07-16T02:52:35.041+0000] {logging_mixin.py:188} INFO - Downloaded AAPL/1784068699.json -> /tmp/minio_downloads/1784068699.json
[2026-07-16T02:52:35.044+0000] {logging_mixin.py:188} INFO - Downloaded AAPL/1784068705.json -> /tmp/minio_downloads/1784068705.json
[2026-07-16T02:52:35.046+0000] {logging_mixin.py:188} INFO - Downloaded AAPL/1784068712.json -> /tmp/minio_downloads/1784068712.json
[2026-07-16T02:52:35.049+0000] {logging_mixin.py:188} INFO - Downloaded AAPL/1784068719.json -> /tmp/minio_downloads/1784068719.json
[2026-07-16T02:52:35.052+0000] {logging_mixin.py:188} INFO - Downloaded AAPL/1784068726.json -> /tmp/minio_downloads/1784068726.json
[2026-07-16T02:52:35.055+0000] {logging_mixin.py:188} INFO - Downloaded AAPL/1784071996.json -> /tmp/minio_downloads/1784071996.json
[2026-07-16T02:52:35.057+0000] {logging_mixin.py:188} INFO - Downloaded AAPL/1784072003.json -> /tmp/minio_downloads/1784072003.json
[2026-07-16T02:52:35.060+0000] {logging_mixin.py:188} INFO - Downloaded AAPL/1784072010.json -> /tmp/minio_downloads/1784072010.json
[2026-07-16T02:52:35.063+0000] {logging_mixin.py:188} INFO - Downloaded AAPL/1784072017.json -> /tmp/minio_downloads/1784072017.json
[2026-07-16T02:52:35.066+0000] {logging_mixin.py:188} INFO - Downloaded AAPL/1784072024.json -> /tmp/minio_downloads/1784072024.json
[2026-07-16T02:52:35.068+0000] {logging_mixin.py:188} INFO - Downloaded AAPL/1784072031.json -> /tmp/minio_downloads/1784072031.json
[2026-07-16T02:52:35.071+0000] {logging_mixin.py:188} INFO - Downloaded AAPL/1784072038.json -> /tmp/minio_downloads/1784072038.json
[2026-07-16T02:52:35.074+0000] {logging_mixin.py:188} INFO - Downloaded AAPL/1784072045.json -> /tmp/minio_downloads/1784072045.json
[2026-07-16T02:52:35.077+0000] {logging_mixin.py:188} INFO - Downloaded AAPL/1784072051.json -> /tmp/minio_downloads/1784072051.json
[2026-07-16T02:52:35.079+0000] {logging_mixin.py:188} INFO - Downloaded AAPL/1784072059.json -> /tmp/minio_downloads/1784072059.json
[2026-07-16T02:52:35.082+0000] {logging_mixin.py:188} INFO - Downloaded AAPL/1784072065.json -> /tmp/minio_downloads/1784072065.json
[2026-07-16T02:52:35.085+0000] {logging_mixin.py:188} INFO - Downloaded AAPL/1784072072.json -> /tmp/minio_downloads/1784072072.json
[2026-07-16T02:52:35.088+0000] {logging_mixin.py:188} INFO - Downloaded AAPL/1784072079.json -> /tmp/minio_downloads/1784072079.json
[2026-07-16T02:52:35.090+0000] {logging_mixin.py:188} INFO - Downloaded AAPL/1784072086.json -> /tmp/minio_downloads/1784072086.json
[2026-07-16T02:52:35.093+0000] {logging_mixin.py:188} INFO - Downloaded AAPL/1784072093.json -> /tmp/minio_downloads/1784072093.json
[2026-07-16T02:52:35.096+0000] {logging_mixin.py:188} INFO - Downloaded AAPL/1784072100.json -> /tmp/minio_downloads/1784072100.json
[2026-07-16T02:52:35.099+0000] {logging_mixin.py:188} INFO - Downloaded AAPL/1784072106.json -> /tmp/minio_downloads/1784072106.json
[2026-07-16T02:52:35.101+0000] {logging_mixin.py:188} INFO - Downloaded AAPL/1784072113.json -> /tmp/minio_downloads/1784072113.json
[2026-07-16T02:52:35.104+0000] {logging_mixin.py:188} INFO - Downloaded AAPL/1784072120.json -> /tmp/minio_downloads/1784072120.json
[2026-07-16T02:52:35.107+0000] {logging_mixin.py:188} INFO - Downloaded AAPL/1784072127.json -> /tmp/minio_downloads/1784072127.json
[2026-07-16T02:52:35.110+0000] {logging_mixin.py:188} INFO - Downloaded AAPL/1784072134.json -> /tmp/minio_downloads/1784072134.json
[2026-07-16T02:52:35.112+0000] {logging_mixin.py:188} INFO - Downloaded AAPL/1784072141.json -> /tmp/minio_downloads/1784072141.json
[2026-07-16T02:52:35.115+0000] {logging_mixin.py:188} INFO - Downloaded AAPL/1784072148.json -> /tmp/minio_downloads/1784072148.json
[2026-07-16T02:52:35.118+0000] {logging_mixin.py:188} INFO - Downloaded AAPL/1784072155.json -> /tmp/minio_downloads/1784072155.json
[2026-07-16T02:52:35.121+0000] {logging_mixin.py:188} INFO - Downloaded AAPL/1784072161.json -> /tmp/minio_downloads/1784072161.json
[2026-07-16T02:52:35.123+0000] {logging_mixin.py:188} INFO - Downloaded AAPL/1784072168.json -> /tmp/minio_downloads/1784072168.json
[2026-07-16T02:52:35.126+0000] {logging_mixin.py:188} INFO - Downloaded AAPL/1784072175.json -> /tmp/minio_downloads/1784072175.json
[2026-07-16T02:52:35.129+0000] {logging_mixin.py:188} INFO - Downloaded AAPL/1784072182.json -> /tmp/minio_downloads/1784072182.json
[2026-07-16T02:52:35.132+0000] {logging_mixin.py:188} INFO - Downloaded AAPL/1784072189.json -> /tmp/minio_downloads/1784072189.json
[2026-07-16T02:52:35.134+0000] {logging_mixin.py:188} INFO - Downloaded AAPL/1784072196.json -> /tmp/minio_downloads/1784072196.json
[2026-07-16T02:52:35.137+0000] {logging_mixin.py:188} INFO - Downloaded AAPL/1784072203.json -> /tmp/minio_downloads/1784072203.json
[2026-07-16T02:52:35.140+0000] {logging_mixin.py:188} INFO - Downloaded AAPL/1784072210.json -> /tmp/minio_downloads/1784072210.json
[2026-07-16T02:52:35.143+0000] {logging_mixin.py:188} INFO - Downloaded AAPL/1784072217.json -> /tmp/minio_downloads/1784072217.json
[2026-07-16T02:52:35.146+0000] {logging_mixin.py:188} INFO - Downloaded AAPL/1784072224.json -> /tmp/minio_downloads/1784072224.json
[2026-07-16T02:52:35.149+0000] {logging_mixin.py:188} INFO - Downloaded AAPL/1784072231.json -> /tmp/minio_downloads/1784072231.json
[2026-07-16T02:52:35.152+0000] {logging_mixin.py:188} INFO - Downloaded AAPL/1784072238.json -> /tmp/minio_downloads/1784072238.json
[2026-07-16T02:52:35.154+0000] {logging_mixin.py:188} INFO - Downloaded AAPL/1784072245.json -> /tmp/minio_downloads/1784072245.json
[2026-07-16T02:52:35.157+0000] {logging_mixin.py:188} INFO - Downloaded AAPL/1784072251.json -> /tmp/minio_downloads/1784072251.json
[2026-07-16T02:52:35.160+0000] {logging_mixin.py:188} INFO - Downloaded AAPL/1784072259.json -> /tmp/minio_downloads/1784072259.json
[2026-07-16T02:52:35.163+0000] {logging_mixin.py:188} INFO - Downloaded AAPL/1784072266.json -> /tmp/minio_downloads/1784072266.json
[2026-07-16T02:52:35.166+0000] {logging_mixin.py:188} INFO - Downloaded AAPL/1784072273.json -> /tmp/minio_downloads/1784072273.json
[2026-07-16T02:52:35.169+0000] {logging_mixin.py:188} INFO - Downloaded AAPL/1784072280.json -> /tmp/minio_downloads/1784072280.json
[2026-07-16T02:52:35.171+0000] {logging_mixin.py:188} INFO - Downloaded AAPL/1784072286.json -> /tmp/minio_downloads/1784072286.json
[2026-07-16T02:52:35.174+0000] {logging_mixin.py:188} INFO - Downloaded AAPL/1784072293.json -> /tmp/minio_downloads/1784072293.json
[2026-07-16T02:52:35.177+0000] {logging_mixin.py:188} INFO - Downloaded AAPL/1784072300.json -> /tmp/minio_downloads/1784072300.json
[2026-07-16T02:52:35.180+0000] {logging_mixin.py:188} INFO - Downloaded AAPL/1784072307.json -> /tmp/minio_downloads/1784072307.json
[2026-07-16T02:52:35.182+0000] {logging_mixin.py:188} INFO - Downloaded AAPL/1784072314.json -> /tmp/minio_downloads/1784072314.json
[2026-07-16T02:52:35.185+0000] {logging_mixin.py:188} INFO - Downloaded AAPL/1784072321.json -> /tmp/minio_downloads/1784072321.json
[2026-07-16T02:52:35.188+0000] {logging_mixin.py:188} INFO - Downloaded AAPL/1784072328.json -> /tmp/minio_downloads/1784072328.json
[2026-07-16T02:52:35.191+0000] {logging_mixin.py:188} INFO - Downloaded AAPL/1784072334.json -> /tmp/minio_downloads/1784072334.json
[2026-07-16T02:52:35.193+0000] {logging_mixin.py:188} INFO - Downloaded AAPL/1784072341.json -> /tmp/minio_downloads/1784072341.json
[2026-07-16T02:52:35.196+0000] {logging_mixin.py:188} INFO - Downloaded AAPL/1784072348.json -> /tmp/minio_downloads/1784072348.json
[2026-07-16T02:52:35.199+0000] {logging_mixin.py:188} INFO - Downloaded AAPL/1784072355.json -> /tmp/minio_downloads/1784072355.json
[2026-07-16T02:52:35.202+0000] {logging_mixin.py:188} INFO - Downloaded AAPL/1784072362.json -> /tmp/minio_downloads/1784072362.json
[2026-07-16T02:52:35.204+0000] {logging_mixin.py:188} INFO - Downloaded AAPL/1784072369.json -> /tmp/minio_downloads/1784072369.json
[2026-07-16T02:52:35.207+0000] {logging_mixin.py:188} INFO - Downloaded AAPL/1784072376.json -> /tmp/minio_downloads/1784072376.json
[2026-07-16T02:52:35.210+0000] {logging_mixin.py:188} INFO - Downloaded AAPL/1784072383.json -> /tmp/minio_downloads/1784072383.json
[2026-07-16T02:52:35.212+0000] {logging_mixin.py:188} INFO - Downloaded AAPL/1784072390.json -> /tmp/minio_downloads/1784072390.json
[2026-07-16T02:52:35.215+0000] {logging_mixin.py:188} INFO - Downloaded AAPL/1784072396.json -> /tmp/minio_downloads/1784072396.json
[2026-07-16T02:52:35.218+0000] {logging_mixin.py:188} INFO - Downloaded AAPL/1784072403.json -> /tmp/minio_downloads/1784072403.json
[2026-07-16T02:52:35.221+0000] {logging_mixin.py:188} INFO - Downloaded AAPL/1784072410.json -> /tmp/minio_downloads/1784072410.json
[2026-07-16T02:52:35.223+0000] {logging_mixin.py:188} INFO - Downloaded AAPL/1784072417.json -> /tmp/minio_downloads/1784072417.json
[2026-07-16T02:52:35.226+0000] {logging_mixin.py:188} INFO - Downloaded AAPL/1784072424.json -> /tmp/minio_downloads/1784072424.json
[2026-07-16T02:52:35.229+0000] {logging_mixin.py:188} INFO - Downloaded AAPL/1784072431.json -> /tmp/minio_downloads/1784072431.json
[2026-07-16T02:52:35.232+0000] {logging_mixin.py:188} INFO - Downloaded AAPL/1784072438.json -> /tmp/minio_downloads/1784072438.json
[2026-07-16T02:52:35.234+0000] {logging_mixin.py:188} INFO - Downloaded AAPL/1784072445.json -> /tmp/minio_downloads/1784072445.json
[2026-07-16T02:52:35.237+0000] {logging_mixin.py:188} INFO - Downloaded AAPL/1784072452.json -> /tmp/minio_downloads/1784072452.json
[2026-07-16T02:52:35.240+0000] {logging_mixin.py:188} INFO - Downloaded AAPL/1784072459.json -> /tmp/minio_downloads/1784072459.json
[2026-07-16T02:52:35.243+0000] {logging_mixin.py:188} INFO - Downloaded AAPL/1784072466.json -> /tmp/minio_downloads/1784072466.json
[2026-07-16T02:52:35.245+0000] {logging_mixin.py:188} INFO - Downloaded AAPL/1784072473.json -> /tmp/minio_downloads/1784072473.json
[2026-07-16T02:52:35.248+0000] {logging_mixin.py:188} INFO - Downloaded AAPL/1784072480.json -> /tmp/minio_downloads/1784072480.json
[2026-07-16T02:52:35.251+0000] {logging_mixin.py:188} INFO - Downloaded AAPL/1784072486.json -> /tmp/minio_downloads/1784072486.json
[2026-07-16T02:52:35.254+0000] {logging_mixin.py:188} INFO - Downloaded AAPL/1784072493.json -> /tmp/minio_downloads/1784072493.json
[2026-07-16T02:52:35.256+0000] {logging_mixin.py:188} INFO - Downloaded AAPL/1784072500.json -> /tmp/minio_downloads/1784072500.json
[2026-07-16T02:52:35.259+0000] {logging_mixin.py:188} INFO - Downloaded AAPL/1784072507.json -> /tmp/minio_downloads/1784072507.json
[2026-07-16T02:52:35.262+0000] {logging_mixin.py:188} INFO - Downloaded AAPL/1784072514.json -> /tmp/minio_downloads/1784072514.json
[2026-07-16T02:52:35.265+0000] {logging_mixin.py:188} INFO - Downloaded AAPL/1784072521.json -> /tmp/minio_downloads/1784072521.json
[2026-07-16T02:52:35.267+0000] {logging_mixin.py:188} INFO - Downloaded AAPL/1784072528.json -> /tmp/minio_downloads/1784072528.json
[2026-07-16T02:52:35.270+0000] {logging_mixin.py:188} INFO - Downloaded AAPL/1784072535.json -> /tmp/minio_downloads/1784072535.json
[2026-07-16T02:52:35.273+0000] {logging_mixin.py:188} INFO - Downloaded AAPL/1784072542.json -> /tmp/minio_downloads/1784072542.json
[2026-07-16T02:52:35.276+0000] {logging_mixin.py:188} INFO - Downloaded AAPL/1784072549.json -> /tmp/minio_downloads/1784072549.json
[2026-07-16T02:52:35.278+0000] {logging_mixin.py:188} INFO - Downloaded AAPL/1784072556.json -> /tmp/minio_downloads/1784072556.json
[2026-07-16T02:52:35.281+0000] {logging_mixin.py:188} INFO - Downloaded AAPL/1784072563.json -> /tmp/minio_downloads/1784072563.json
[2026-07-16T02:52:35.284+0000] {logging_mixin.py:188} INFO - Downloaded AAPL/1784072569.json -> /tmp/minio_downloads/1784072569.json
[2026-07-16T02:52:35.287+0000] {logging_mixin.py:188} INFO - Downloaded AAPL/1784072576.json -> /tmp/minio_downloads/1784072576.json
[2026-07-16T02:52:35.289+0000] {logging_mixin.py:188} INFO - Downloaded AAPL/1784072583.json -> /tmp/minio_downloads/1784072583.json
[2026-07-16T02:52:35.292+0000] {logging_mixin.py:188} INFO - Downloaded AAPL/1784072590.json -> /tmp/minio_downloads/1784072590.json
[2026-07-16T02:52:35.295+0000] {logging_mixin.py:188} INFO - Downloaded AAPL/1784072597.json -> /tmp/minio_downloads/1784072597.json
[2026-07-16T02:52:35.298+0000] {logging_mixin.py:188} INFO - Downloaded AAPL/1784072604.json -> /tmp/minio_downloads/1784072604.json
[2026-07-16T02:52:35.301+0000] {logging_mixin.py:188} INFO - Downloaded AAPL/1784072611.json -> /tmp/minio_downloads/1784072611.json
[2026-07-16T02:52:35.304+0000] {logging_mixin.py:188} INFO - Downloaded AAPL/1784072618.json -> /tmp/minio_downloads/1784072618.json
[2026-07-16T02:52:35.306+0000] {logging_mixin.py:188} INFO - Downloaded AAPL/1784072624.json -> /tmp/minio_downloads/1784072624.json
[2026-07-16T02:52:35.309+0000] {logging_mixin.py:188} INFO - Downloaded AAPL/1784072631.json -> /tmp/minio_downloads/1784072631.json
[2026-07-16T02:52:35.312+0000] {logging_mixin.py:188} INFO - Downloaded AAPL/1784072638.json -> /tmp/minio_downloads/1784072638.json
[2026-07-16T02:52:35.314+0000] {logging_mixin.py:188} INFO - Downloaded AAPL/1784072645.json -> /tmp/minio_downloads/1784072645.json
[2026-07-16T02:52:35.317+0000] {logging_mixin.py:188} INFO - Downloaded AAPL/1784072652.json -> /tmp/minio_downloads/1784072652.json
[2026-07-16T02:52:35.320+0000] {logging_mixin.py:188} INFO - Downloaded AAPL/1784072659.json -> /tmp/minio_downloads/1784072659.json
[2026-07-16T02:52:35.322+0000] {logging_mixin.py:188} INFO - Downloaded AAPL/1784072666.json -> /tmp/minio_downloads/1784072666.json
[2026-07-16T02:52:35.325+0000] {logging_mixin.py:188} INFO - Downloaded AAPL/1784072673.json -> /tmp/minio_downloads/1784072673.json
[2026-07-16T02:52:35.328+0000] {logging_mixin.py:188} INFO - Downloaded AAPL/1784072680.json -> /tmp/minio_downloads/1784072680.json
[2026-07-16T02:52:35.331+0000] {logging_mixin.py:188} INFO - Downloaded AAPL/1784072687.json -> /tmp/minio_downloads/1784072687.json
[2026-07-16T02:52:35.333+0000] {logging_mixin.py:188} INFO - Downloaded AAPL/1784072694.json -> /tmp/minio_downloads/1784072694.json
[2026-07-16T02:52:35.336+0000] {logging_mixin.py:188} INFO - Downloaded AAPL/1784072700.json -> /tmp/minio_downloads/1784072700.json
[2026-07-16T02:52:35.339+0000] {logging_mixin.py:188} INFO - Downloaded AAPL/1784072707.json -> /tmp/minio_downloads/1784072707.json
[2026-07-16T02:52:35.341+0000] {logging_mixin.py:188} INFO - Downloaded AAPL/1784072714.json -> /tmp/minio_downloads/1784072714.json
[2026-07-16T02:52:35.344+0000] {logging_mixin.py:188} INFO - Downloaded AAPL/1784072721.json -> /tmp/minio_downloads/1784072721.json
[2026-07-16T02:52:35.347+0000] {logging_mixin.py:188} INFO - Downloaded AAPL/1784072728.json -> /tmp/minio_downloads/1784072728.json
[2026-07-16T02:52:35.350+0000] {logging_mixin.py:188} INFO - Downloaded AAPL/1784072735.json -> /tmp/minio_downloads/1784072735.json
[2026-07-16T02:52:35.352+0000] {logging_mixin.py:188} INFO - Downloaded AAPL/1784072742.json -> /tmp/minio_downloads/1784072742.json
[2026-07-16T02:52:35.355+0000] {logging_mixin.py:188} INFO - Downloaded AAPL/1784072749.json -> /tmp/minio_downloads/1784072749.json
[2026-07-16T02:52:35.358+0000] {logging_mixin.py:188} INFO - Downloaded AAPL/1784072756.json -> /tmp/minio_downloads/1784072756.json
[2026-07-16T02:52:35.361+0000] {logging_mixin.py:188} INFO - Downloaded AAPL/1784072763.json -> /tmp/minio_downloads/1784072763.json
[2026-07-16T02:52:35.364+0000] {logging_mixin.py:188} INFO - Downloaded AAPL/1784072769.json -> /tmp/minio_downloads/1784072769.json
[2026-07-16T02:52:35.366+0000] {logging_mixin.py:188} INFO - Downloaded AAPL/1784072776.json -> /tmp/minio_downloads/1784072776.json
[2026-07-16T02:52:35.369+0000] {logging_mixin.py:188} INFO - Downloaded AAPL/1784072783.json -> /tmp/minio_downloads/1784072783.json
[2026-07-16T02:52:35.372+0000] {logging_mixin.py:188} INFO - Downloaded AAPL/1784072791.json -> /tmp/minio_downloads/1784072791.json
[2026-07-16T02:52:35.375+0000] {logging_mixin.py:188} INFO - Downloaded AAPL/1784072798.json -> /tmp/minio_downloads/1784072798.json
[2026-07-16T02:52:35.377+0000] {logging_mixin.py:188} INFO - Downloaded AAPL/1784072804.json -> /tmp/minio_downloads/1784072804.json
[2026-07-16T02:52:35.380+0000] {logging_mixin.py:188} INFO - Downloaded AAPL/1784072811.json -> /tmp/minio_downloads/1784072811.json
[2026-07-16T02:52:35.383+0000] {logging_mixin.py:188} INFO - Downloaded AAPL/1784072890.json -> /tmp/minio_downloads/1784072890.json
[2026-07-16T02:52:35.386+0000] {logging_mixin.py:188} INFO - Downloaded AAPL/1784072897.json -> /tmp/minio_downloads/1784072897.json
[2026-07-16T02:52:35.388+0000] {logging_mixin.py:188} INFO - Downloaded AAPL/1784072904.json -> /tmp/minio_downloads/1784072904.json
[2026-07-16T02:52:35.391+0000] {logging_mixin.py:188} INFO - Downloaded AAPL/1784072910.json -> /tmp/minio_downloads/1784072910.json
[2026-07-16T02:52:35.394+0000] {logging_mixin.py:188} INFO - Downloaded AAPL/1784072917.json -> /tmp/minio_downloads/1784072917.json
[2026-07-16T02:52:35.397+0000] {logging_mixin.py:188} INFO - Downloaded AAPL/1784072924.json -> /tmp/minio_downloads/1784072924.json
[2026-07-16T02:52:35.400+0000] {logging_mixin.py:188} INFO - Downloaded AAPL/1784072931.json -> /tmp/minio_downloads/1784072931.json
[2026-07-16T02:52:35.402+0000] {logging_mixin.py:188} INFO - Downloaded AAPL/1784072938.json -> /tmp/minio_downloads/1784072938.json
[2026-07-16T02:52:35.405+0000] {logging_mixin.py:188} INFO - Downloaded AAPL/1784072945.json -> /tmp/minio_downloads/1784072945.json
[2026-07-16T02:52:35.408+0000] {logging_mixin.py:188} INFO - Downloaded AAPL/1784072952.json -> /tmp/minio_downloads/1784072952.json
[2026-07-16T02:52:35.411+0000] {logging_mixin.py:188} INFO - Downloaded AAPL/1784072959.json -> /tmp/minio_downloads/1784072959.json
[2026-07-16T02:52:35.413+0000] {logging_mixin.py:188} INFO - Downloaded AAPL/1784072966.json -> /tmp/minio_downloads/1784072966.json
[2026-07-16T02:52:35.416+0000] {logging_mixin.py:188} INFO - Downloaded AAPL/1784072973.json -> /tmp/minio_downloads/1784072973.json
[2026-07-16T02:52:35.419+0000] {logging_mixin.py:188} INFO - Downloaded AAPL/1784072980.json -> /tmp/minio_downloads/1784072980.json
[2026-07-16T02:52:35.421+0000] {logging_mixin.py:188} INFO - Downloaded AAPL/1784072987.json -> /tmp/minio_downloads/1784072987.json
[2026-07-16T02:52:35.424+0000] {logging_mixin.py:188} INFO - Downloaded AAPL/1784072994.json -> /tmp/minio_downloads/1784072994.json
[2026-07-16T02:52:35.427+0000] {logging_mixin.py:188} INFO - Downloaded AAPL/1784073000.json -> /tmp/minio_downloads/1784073000.json
[2026-07-16T02:52:35.430+0000] {logging_mixin.py:188} INFO - Downloaded AAPL/1784073007.json -> /tmp/minio_downloads/1784073007.json
[2026-07-16T02:52:35.432+0000] {logging_mixin.py:188} INFO - Downloaded AAPL/1784073014.json -> /tmp/minio_downloads/1784073014.json
[2026-07-16T02:52:35.435+0000] {logging_mixin.py:188} INFO - Downloaded AAPL/1784073021.json -> /tmp/minio_downloads/1784073021.json
[2026-07-16T02:52:35.438+0000] {logging_mixin.py:188} INFO - Downloaded AAPL/1784073028.json -> /tmp/minio_downloads/1784073028.json
[2026-07-16T02:52:35.441+0000] {logging_mixin.py:188} INFO - Downloaded AAPL/1784073035.json -> /tmp/minio_downloads/1784073035.json
[2026-07-16T02:52:35.443+0000] {logging_mixin.py:188} INFO - Downloaded AAPL/1784073042.json -> /tmp/minio_downloads/1784073042.json
[2026-07-16T02:52:35.446+0000] {logging_mixin.py:188} INFO - Downloaded AAPL/1784073049.json -> /tmp/minio_downloads/1784073049.json
[2026-07-16T02:52:35.449+0000] {logging_mixin.py:188} INFO - Downloaded AAPL/1784073056.json -> /tmp/minio_downloads/1784073056.json
[2026-07-16T02:52:35.452+0000] {logging_mixin.py:188} INFO - Downloaded AAPL/1784073062.json -> /tmp/minio_downloads/1784073062.json
[2026-07-16T02:52:35.454+0000] {logging_mixin.py:188} INFO - Downloaded AAPL/1784073069.json -> /tmp/minio_downloads/1784073069.json
[2026-07-16T02:52:35.457+0000] {logging_mixin.py:188} INFO - Downloaded AAPL/1784073076.json -> /tmp/minio_downloads/1784073076.json
[2026-07-16T02:52:35.460+0000] {logging_mixin.py:188} INFO - Downloaded AAPL/1784073083.json -> /tmp/minio_downloads/1784073083.json
[2026-07-16T02:52:35.462+0000] {logging_mixin.py:188} INFO - Downloaded AAPL/1784073090.json -> /tmp/minio_downloads/1784073090.json
[2026-07-16T02:52:35.465+0000] {logging_mixin.py:188} INFO - Downloaded AAPL/1784073097.json -> /tmp/minio_downloads/1784073097.json
[2026-07-16T02:52:35.468+0000] {logging_mixin.py:188} INFO - Downloaded AAPL/1784073104.json -> /tmp/minio_downloads/1784073104.json
[2026-07-16T02:52:35.470+0000] {logging_mixin.py:188} INFO - Downloaded AAPL/1784073111.json -> /tmp/minio_downloads/1784073111.json
[2026-07-16T02:52:35.473+0000] {logging_mixin.py:188} INFO - Downloaded AAPL/1784073118.json -> /tmp/minio_downloads/1784073118.json
[2026-07-16T02:52:35.476+0000] {logging_mixin.py:188} INFO - Downloaded AAPL/1784073124.json -> /tmp/minio_downloads/1784073124.json
[2026-07-16T02:52:35.479+0000] {logging_mixin.py:188} INFO - Downloaded AAPL/1784073131.json -> /tmp/minio_downloads/1784073131.json
[2026-07-16T02:52:35.481+0000] {logging_mixin.py:188} INFO - Downloaded AAPL/1784073138.json -> /tmp/minio_downloads/1784073138.json
[2026-07-16T02:52:35.484+0000] {logging_mixin.py:188} INFO - Downloaded AAPL/1784073145.json -> /tmp/minio_downloads/1784073145.json
[2026-07-16T02:52:35.487+0000] {logging_mixin.py:188} INFO - Downloaded AAPL/1784073152.json -> /tmp/minio_downloads/1784073152.json
[2026-07-16T02:52:35.490+0000] {logging_mixin.py:188} INFO - Downloaded AAPL/1784073159.json -> /tmp/minio_downloads/1784073159.json
[2026-07-16T02:52:35.493+0000] {logging_mixin.py:188} INFO - Downloaded AAPL/1784073166.json -> /tmp/minio_downloads/1784073166.json
[2026-07-16T02:52:35.497+0000] {logging_mixin.py:188} INFO - Downloaded AAPL/1784073173.json -> /tmp/minio_downloads/1784073173.json
[2026-07-16T02:52:35.501+0000] {logging_mixin.py:188} INFO - Downloaded AAPL/1784073180.json -> /tmp/minio_downloads/1784073180.json
[2026-07-16T02:52:35.505+0000] {logging_mixin.py:188} INFO - Downloaded AAPL/1784073186.json -> /tmp/minio_downloads/1784073186.json
[2026-07-16T02:52:35.513+0000] {logging_mixin.py:188} INFO - Downloaded AAPL/1784073193.json -> /tmp/minio_downloads/1784073193.json
[2026-07-16T02:52:35.518+0000] {logging_mixin.py:188} INFO - Downloaded AAPL/1784073200.json -> /tmp/minio_downloads/1784073200.json
[2026-07-16T02:52:35.523+0000] {logging_mixin.py:188} INFO - Downloaded AAPL/1784073207.json -> /tmp/minio_downloads/1784073207.json
[2026-07-16T02:52:35.528+0000] {logging_mixin.py:188} INFO - Downloaded AAPL/1784073214.json -> /tmp/minio_downloads/1784073214.json
[2026-07-16T02:52:35.532+0000] {logging_mixin.py:188} INFO - Downloaded AAPL/1784073221.json -> /tmp/minio_downloads/1784073221.json
[2026-07-16T02:52:35.537+0000] {logging_mixin.py:188} INFO - Downloaded AAPL/1784073228.json -> /tmp/minio_downloads/1784073228.json
[2026-07-16T02:52:35.541+0000] {logging_mixin.py:188} INFO - Downloaded AAPL/1784073235.json -> /tmp/minio_downloads/1784073235.json
[2026-07-16T02:52:35.546+0000] {logging_mixin.py:188} INFO - Downloaded AAPL/1784073241.json -> /tmp/minio_downloads/1784073241.json
[2026-07-16T02:52:35.551+0000] {logging_mixin.py:188} INFO - Downloaded AAPL/1784073248.json -> /tmp/minio_downloads/1784073248.json
[2026-07-16T02:52:35.556+0000] {logging_mixin.py:188} INFO - Downloaded AAPL/1784073255.json -> /tmp/minio_downloads/1784073255.json
[2026-07-16T02:52:35.562+0000] {logging_mixin.py:188} INFO - Downloaded AAPL/1784073262.json -> /tmp/minio_downloads/1784073262.json
[2026-07-16T02:52:35.566+0000] {logging_mixin.py:188} INFO - Downloaded AAPL/1784073269.json -> /tmp/minio_downloads/1784073269.json
[2026-07-16T02:52:35.571+0000] {logging_mixin.py:188} INFO - Downloaded AAPL/1784073276.json -> /tmp/minio_downloads/1784073276.json
[2026-07-16T02:52:35.574+0000] {logging_mixin.py:188} INFO - Downloaded AAPL/1784073283.json -> /tmp/minio_downloads/1784073283.json
[2026-07-16T02:52:35.578+0000] {logging_mixin.py:188} INFO - Downloaded AAPL/1784073290.json -> /tmp/minio_downloads/1784073290.json
[2026-07-16T02:52:35.581+0000] {logging_mixin.py:188} INFO - Downloaded AAPL/1784073297.json -> /tmp/minio_downloads/1784073297.json
[2026-07-16T02:52:35.584+0000] {logging_mixin.py:188} INFO - Downloaded AAPL/1784073304.json -> /tmp/minio_downloads/1784073304.json
[2026-07-16T02:52:35.588+0000] {logging_mixin.py:188} INFO - Downloaded AAPL/1784073311.json -> /tmp/minio_downloads/1784073311.json
[2026-07-16T02:52:35.591+0000] {logging_mixin.py:188} INFO - Downloaded AAPL/1784073318.json -> /tmp/minio_downloads/1784073318.json
[2026-07-16T02:52:35.594+0000] {logging_mixin.py:188} INFO - Downloaded AAPL/1784073325.json -> /tmp/minio_downloads/1784073325.json
[2026-07-16T02:52:35.597+0000] {logging_mixin.py:188} INFO - Downloaded AAPL/1784073332.json -> /tmp/minio_downloads/1784073332.json
[2026-07-16T02:52:35.601+0000] {logging_mixin.py:188} INFO - Downloaded AMZN/1783903076.json -> /tmp/minio_downloads/1783903076.json
[2026-07-16T02:52:35.603+0000] {logging_mixin.py:188} INFO - Downloaded AMZN/1783903083.json -> /tmp/minio_downloads/1783903083.json
[2026-07-16T02:52:35.607+0000] {logging_mixin.py:188} INFO - Downloaded AMZN/1784067254.json -> /tmp/minio_downloads/1784067254.json
[2026-07-16T02:52:35.610+0000] {logging_mixin.py:188} INFO - Downloaded AMZN/1784067261.json -> /tmp/minio_downloads/1784067261.json
[2026-07-16T02:52:35.613+0000] {logging_mixin.py:188} INFO - Downloaded AMZN/1784067267.json -> /tmp/minio_downloads/1784067267.json
[2026-07-16T02:52:35.616+0000] {logging_mixin.py:188} INFO - Downloaded AMZN/1784067274.json -> /tmp/minio_downloads/1784067274.json
[2026-07-16T02:52:35.620+0000] {logging_mixin.py:188} INFO - Downloaded AMZN/1784067281.json -> /tmp/minio_downloads/1784067281.json
[2026-07-16T02:52:35.623+0000] {logging_mixin.py:188} INFO - Downloaded AMZN/1784067288.json -> /tmp/minio_downloads/1784067288.json
[2026-07-16T02:52:35.626+0000] {logging_mixin.py:188} INFO - Downloaded AMZN/1784067295.json -> /tmp/minio_downloads/1784067295.json
[2026-07-16T02:52:35.630+0000] {logging_mixin.py:188} INFO - Downloaded AMZN/1784067302.json -> /tmp/minio_downloads/1784067302.json
[2026-07-16T02:52:35.633+0000] {logging_mixin.py:188} INFO - Downloaded AMZN/1784067309.json -> /tmp/minio_downloads/1784067309.json
[2026-07-16T02:52:35.636+0000] {logging_mixin.py:188} INFO - Downloaded AMZN/1784067316.json -> /tmp/minio_downloads/1784067316.json
[2026-07-16T02:52:35.639+0000] {logging_mixin.py:188} INFO - Downloaded AMZN/1784067323.json -> /tmp/minio_downloads/1784067323.json
[2026-07-16T02:52:35.642+0000] {logging_mixin.py:188} INFO - Downloaded AMZN/1784067330.json -> /tmp/minio_downloads/1784067330.json
[2026-07-16T02:52:35.645+0000] {logging_mixin.py:188} INFO - Downloaded AMZN/1784067337.json -> /tmp/minio_downloads/1784067337.json
[2026-07-16T02:52:35.648+0000] {logging_mixin.py:188} INFO - Downloaded AMZN/1784067344.json -> /tmp/minio_downloads/1784067344.json
[2026-07-16T02:52:35.652+0000] {logging_mixin.py:188} INFO - Downloaded AMZN/1784067351.json -> /tmp/minio_downloads/1784067351.json
[2026-07-16T02:52:35.655+0000] {logging_mixin.py:188} INFO - Downloaded AMZN/1784067953.json -> /tmp/minio_downloads/1784067953.json
[2026-07-16T02:52:35.658+0000] {logging_mixin.py:188} INFO - Downloaded AMZN/1784067959.json -> /tmp/minio_downloads/1784067959.json
[2026-07-16T02:52:35.661+0000] {logging_mixin.py:188} INFO - Downloaded AMZN/1784067966.json -> /tmp/minio_downloads/1784067966.json
[2026-07-16T02:52:35.665+0000] {logging_mixin.py:188} INFO - Downloaded AMZN/1784067973.json -> /tmp/minio_downloads/1784067973.json
[2026-07-16T02:52:35.668+0000] {logging_mixin.py:188} INFO - Downloaded AMZN/1784067980.json -> /tmp/minio_downloads/1784067980.json
[2026-07-16T02:52:35.671+0000] {logging_mixin.py:188} INFO - Downloaded AMZN/1784067987.json -> /tmp/minio_downloads/1784067987.json
[2026-07-16T02:52:35.674+0000] {logging_mixin.py:188} INFO - Downloaded AMZN/1784067994.json -> /tmp/minio_downloads/1784067994.json
[2026-07-16T02:52:35.677+0000] {logging_mixin.py:188} INFO - Downloaded AMZN/1784068001.json -> /tmp/minio_downloads/1784068001.json
[2026-07-16T02:52:35.680+0000] {logging_mixin.py:188} INFO - Downloaded AMZN/1784068008.json -> /tmp/minio_downloads/1784068008.json
[2026-07-16T02:52:35.683+0000] {logging_mixin.py:188} INFO - Downloaded AMZN/1784068014.json -> /tmp/minio_downloads/1784068014.json
[2026-07-16T02:52:35.686+0000] {logging_mixin.py:188} INFO - Downloaded AMZN/1784068021.json -> /tmp/minio_downloads/1784068021.json
[2026-07-16T02:52:35.690+0000] {logging_mixin.py:188} INFO - Downloaded AMZN/1784068028.json -> /tmp/minio_downloads/1784068028.json
[2026-07-16T02:52:35.693+0000] {logging_mixin.py:188} INFO - Downloaded AMZN/1784068035.json -> /tmp/minio_downloads/1784068035.json
[2026-07-16T02:52:35.696+0000] {logging_mixin.py:188} INFO - Downloaded AMZN/1784068042.json -> /tmp/minio_downloads/1784068042.json
[2026-07-16T02:52:35.699+0000] {logging_mixin.py:188} INFO - Downloaded AMZN/1784068049.json -> /tmp/minio_downloads/1784068049.json
[2026-07-16T02:52:35.702+0000] {logging_mixin.py:188} INFO - Downloaded AMZN/1784068056.json -> /tmp/minio_downloads/1784068056.json
[2026-07-16T02:52:35.705+0000] {logging_mixin.py:188} INFO - Downloaded AMZN/1784068063.json -> /tmp/minio_downloads/1784068063.json
[2026-07-16T02:52:35.709+0000] {logging_mixin.py:188} INFO - Downloaded AMZN/1784068070.json -> /tmp/minio_downloads/1784068070.json
[2026-07-16T02:52:35.712+0000] {logging_mixin.py:188} INFO - Downloaded AMZN/1784068077.json -> /tmp/minio_downloads/1784068077.json
[2026-07-16T02:52:35.715+0000] {logging_mixin.py:188} INFO - Downloaded AMZN/1784068084.json -> /tmp/minio_downloads/1784068084.json
[2026-07-16T02:52:35.718+0000] {logging_mixin.py:188} INFO - Downloaded AMZN/1784068091.json -> /tmp/minio_downloads/1784068091.json
[2026-07-16T02:52:35.721+0000] {logging_mixin.py:188} INFO - Downloaded AMZN/1784068098.json -> /tmp/minio_downloads/1784068098.json
[2026-07-16T02:52:35.724+0000] {logging_mixin.py:188} INFO - Downloaded AMZN/1784068105.json -> /tmp/minio_downloads/1784068105.json
[2026-07-16T02:52:35.728+0000] {logging_mixin.py:188} INFO - Downloaded AMZN/1784068111.json -> /tmp/minio_downloads/1784068111.json
[2026-07-16T02:52:35.731+0000] {logging_mixin.py:188} INFO - Downloaded AMZN/1784068118.json -> /tmp/minio_downloads/1784068118.json
[2026-07-16T02:52:35.734+0000] {logging_mixin.py:188} INFO - Downloaded AMZN/1784068125.json -> /tmp/minio_downloads/1784068125.json
[2026-07-16T02:52:35.737+0000] {logging_mixin.py:188} INFO - Downloaded AMZN/1784068132.json -> /tmp/minio_downloads/1784068132.json
[2026-07-16T02:52:35.740+0000] {logging_mixin.py:188} INFO - Downloaded AMZN/1784068139.json -> /tmp/minio_downloads/1784068139.json
[2026-07-16T02:52:35.744+0000] {logging_mixin.py:188} INFO - Downloaded AMZN/1784068146.json -> /tmp/minio_downloads/1784068146.json
[2026-07-16T02:52:35.747+0000] {logging_mixin.py:188} INFO - Downloaded AMZN/1784068153.json -> /tmp/minio_downloads/1784068153.json
[2026-07-16T02:52:35.750+0000] {logging_mixin.py:188} INFO - Downloaded AMZN/1784068160.json -> /tmp/minio_downloads/1784068160.json
[2026-07-16T02:52:35.753+0000] {logging_mixin.py:188} INFO - Downloaded AMZN/1784068167.json -> /tmp/minio_downloads/1784068167.json
[2026-07-16T02:52:35.756+0000] {logging_mixin.py:188} INFO - Downloaded AMZN/1784068174.json -> /tmp/minio_downloads/1784068174.json
[2026-07-16T02:52:35.759+0000] {logging_mixin.py:188} INFO - Downloaded AMZN/1784068180.json -> /tmp/minio_downloads/1784068180.json
[2026-07-16T02:52:35.762+0000] {logging_mixin.py:188} INFO - Downloaded AMZN/1784068187.json -> /tmp/minio_downloads/1784068187.json
[2026-07-16T02:52:35.766+0000] {logging_mixin.py:188} INFO - Downloaded AMZN/1784068194.json -> /tmp/minio_downloads/1784068194.json
[2026-07-16T02:52:35.769+0000] {logging_mixin.py:188} INFO - Downloaded AMZN/1784068201.json -> /tmp/minio_downloads/1784068201.json
[2026-07-16T02:52:35.772+0000] {logging_mixin.py:188} INFO - Downloaded AMZN/1784068208.json -> /tmp/minio_downloads/1784068208.json
[2026-07-16T02:52:35.775+0000] {logging_mixin.py:188} INFO - Downloaded AMZN/1784068215.json -> /tmp/minio_downloads/1784068215.json
[2026-07-16T02:52:35.778+0000] {logging_mixin.py:188} INFO - Downloaded AMZN/1784068222.json -> /tmp/minio_downloads/1784068222.json
[2026-07-16T02:52:35.781+0000] {logging_mixin.py:188} INFO - Downloaded AMZN/1784068229.json -> /tmp/minio_downloads/1784068229.json
[2026-07-16T02:52:35.784+0000] {logging_mixin.py:188} INFO - Downloaded AMZN/1784068236.json -> /tmp/minio_downloads/1784068236.json
[2026-07-16T02:52:35.787+0000] {logging_mixin.py:188} INFO - Downloaded AMZN/1784068243.json -> /tmp/minio_downloads/1784068243.json
[2026-07-16T02:52:35.791+0000] {logging_mixin.py:188} INFO - Downloaded AMZN/1784068249.json -> /tmp/minio_downloads/1784068249.json
[2026-07-16T02:52:35.794+0000] {logging_mixin.py:188} INFO - Downloaded AMZN/1784068256.json -> /tmp/minio_downloads/1784068256.json
[2026-07-16T02:52:35.797+0000] {logging_mixin.py:188} INFO - Downloaded AMZN/1784068263.json -> /tmp/minio_downloads/1784068263.json
[2026-07-16T02:52:35.800+0000] {logging_mixin.py:188} INFO - Downloaded AMZN/1784068270.json -> /tmp/minio_downloads/1784068270.json
[2026-07-16T02:52:35.803+0000] {logging_mixin.py:188} INFO - Downloaded AMZN/1784068277.json -> /tmp/minio_downloads/1784068277.json
[2026-07-16T02:52:35.806+0000] {logging_mixin.py:188} INFO - Downloaded AMZN/1784068284.json -> /tmp/minio_downloads/1784068284.json
[2026-07-16T02:52:35.809+0000] {logging_mixin.py:188} INFO - Downloaded AMZN/1784068291.json -> /tmp/minio_downloads/1784068291.json
[2026-07-16T02:52:35.812+0000] {logging_mixin.py:188} INFO - Downloaded AMZN/1784068298.json -> /tmp/minio_downloads/1784068298.json
[2026-07-16T02:52:35.816+0000] {logging_mixin.py:188} INFO - Downloaded AMZN/1784068305.json -> /tmp/minio_downloads/1784068305.json
[2026-07-16T02:52:35.819+0000] {logging_mixin.py:188} INFO - Downloaded AMZN/1784068312.json -> /tmp/minio_downloads/1784068312.json
[2026-07-16T02:52:35.822+0000] {logging_mixin.py:188} INFO - Downloaded AMZN/1784068319.json -> /tmp/minio_downloads/1784068319.json
[2026-07-16T02:52:35.825+0000] {logging_mixin.py:188} INFO - Downloaded AMZN/1784068326.json -> /tmp/minio_downloads/1784068326.json
[2026-07-16T02:52:35.828+0000] {logging_mixin.py:188} INFO - Downloaded AMZN/1784068333.json -> /tmp/minio_downloads/1784068333.json
[2026-07-16T02:52:35.831+0000] {logging_mixin.py:188} INFO - Downloaded AMZN/1784068339.json -> /tmp/minio_downloads/1784068339.json
[2026-07-16T02:52:35.834+0000] {logging_mixin.py:188} INFO - Downloaded AMZN/1784068346.json -> /tmp/minio_downloads/1784068346.json
[2026-07-16T02:52:35.837+0000] {logging_mixin.py:188} INFO - Downloaded AMZN/1784068353.json -> /tmp/minio_downloads/1784068353.json
[2026-07-16T02:52:35.840+0000] {logging_mixin.py:188} INFO - Downloaded AMZN/1784068360.json -> /tmp/minio_downloads/1784068360.json
[2026-07-16T02:52:35.843+0000] {logging_mixin.py:188} INFO - Downloaded AMZN/1784068367.json -> /tmp/minio_downloads/1784068367.json
[2026-07-16T02:52:35.847+0000] {logging_mixin.py:188} INFO - Downloaded AMZN/1784068374.json -> /tmp/minio_downloads/1784068374.json
[2026-07-16T02:52:35.850+0000] {logging_mixin.py:188} INFO - Downloaded AMZN/1784068381.json -> /tmp/minio_downloads/1784068381.json
[2026-07-16T02:52:35.853+0000] {logging_mixin.py:188} INFO - Downloaded AMZN/1784068388.json -> /tmp/minio_downloads/1784068388.json
[2026-07-16T02:52:35.856+0000] {logging_mixin.py:188} INFO - Downloaded AMZN/1784068395.json -> /tmp/minio_downloads/1784068395.json
[2026-07-16T02:52:35.859+0000] {logging_mixin.py:188} INFO - Downloaded AMZN/1784068402.json -> /tmp/minio_downloads/1784068402.json
[2026-07-16T02:52:35.862+0000] {logging_mixin.py:188} INFO - Downloaded AMZN/1784068409.json -> /tmp/minio_downloads/1784068409.json
[2026-07-16T02:52:35.865+0000] {logging_mixin.py:188} INFO - Downloaded AMZN/1784068416.json -> /tmp/minio_downloads/1784068416.json
[2026-07-16T02:52:35.868+0000] {logging_mixin.py:188} INFO - Downloaded AMZN/1784068423.json -> /tmp/minio_downloads/1784068423.json
[2026-07-16T02:52:35.872+0000] {logging_mixin.py:188} INFO - Downloaded AMZN/1784068430.json -> /tmp/minio_downloads/1784068430.json
[2026-07-16T02:52:35.875+0000] {logging_mixin.py:188} INFO - Downloaded AMZN/1784068437.json -> /tmp/minio_downloads/1784068437.json
[2026-07-16T02:52:35.878+0000] {logging_mixin.py:188} INFO - Downloaded AMZN/1784068444.json -> /tmp/minio_downloads/1784068444.json
[2026-07-16T02:52:35.881+0000] {logging_mixin.py:188} INFO - Downloaded AMZN/1784068450.json -> /tmp/minio_downloads/1784068450.json
[2026-07-16T02:52:35.884+0000] {logging_mixin.py:188} INFO - Downloaded AMZN/1784068457.json -> /tmp/minio_downloads/1784068457.json
[2026-07-16T02:52:35.887+0000] {logging_mixin.py:188} INFO - Downloaded AMZN/1784068464.json -> /tmp/minio_downloads/1784068464.json
[2026-07-16T02:52:35.890+0000] {logging_mixin.py:188} INFO - Downloaded AMZN/1784068471.json -> /tmp/minio_downloads/1784068471.json
[2026-07-16T02:52:35.893+0000] {logging_mixin.py:188} INFO - Downloaded AMZN/1784068478.json -> /tmp/minio_downloads/1784068478.json
[2026-07-16T02:52:35.896+0000] {logging_mixin.py:188} INFO - Downloaded AMZN/1784068485.json -> /tmp/minio_downloads/1784068485.json
[2026-07-16T02:52:35.899+0000] {logging_mixin.py:188} INFO - Downloaded AMZN/1784068492.json -> /tmp/minio_downloads/1784068492.json
[2026-07-16T02:52:35.902+0000] {logging_mixin.py:188} INFO - Downloaded AMZN/1784068499.json -> /tmp/minio_downloads/1784068499.json
[2026-07-16T02:52:35.905+0000] {logging_mixin.py:188} INFO - Downloaded AMZN/1784068506.json -> /tmp/minio_downloads/1784068506.json
[2026-07-16T02:52:35.909+0000] {logging_mixin.py:188} INFO - Downloaded AMZN/1784068513.json -> /tmp/minio_downloads/1784068513.json
[2026-07-16T02:52:35.912+0000] {logging_mixin.py:188} INFO - Downloaded AMZN/1784068520.json -> /tmp/minio_downloads/1784068520.json
[2026-07-16T02:52:35.915+0000] {logging_mixin.py:188} INFO - Downloaded AMZN/1784068527.json -> /tmp/minio_downloads/1784068527.json
[2026-07-16T02:52:35.918+0000] {logging_mixin.py:188} INFO - Downloaded AMZN/1784068533.json -> /tmp/minio_downloads/1784068533.json
[2026-07-16T02:52:35.921+0000] {logging_mixin.py:188} INFO - Downloaded AMZN/1784068540.json -> /tmp/minio_downloads/1784068540.json
[2026-07-16T02:52:35.924+0000] {logging_mixin.py:188} INFO - Downloaded AMZN/1784068547.json -> /tmp/minio_downloads/1784068547.json
[2026-07-16T02:52:35.927+0000] {logging_mixin.py:188} INFO - Downloaded AMZN/1784068554.json -> /tmp/minio_downloads/1784068554.json
[2026-07-16T02:52:35.930+0000] {logging_mixin.py:188} INFO - Downloaded AMZN/1784068561.json -> /tmp/minio_downloads/1784068561.json
[2026-07-16T02:52:35.933+0000] {logging_mixin.py:188} INFO - Downloaded AMZN/1784068568.json -> /tmp/minio_downloads/1784068568.json
[2026-07-16T02:52:35.936+0000] {logging_mixin.py:188} INFO - Downloaded AMZN/1784068575.json -> /tmp/minio_downloads/1784068575.json
[2026-07-16T02:52:35.939+0000] {logging_mixin.py:188} INFO - Downloaded AMZN/1784068582.json -> /tmp/minio_downloads/1784068582.json
[2026-07-16T02:52:35.942+0000] {logging_mixin.py:188} INFO - Downloaded AMZN/1784068589.json -> /tmp/minio_downloads/1784068589.json
[2026-07-16T02:52:35.945+0000] {logging_mixin.py:188} INFO - Downloaded AMZN/1784068596.json -> /tmp/minio_downloads/1784068596.json
[2026-07-16T02:52:35.948+0000] {logging_mixin.py:188} INFO - Downloaded AMZN/1784068603.json -> /tmp/minio_downloads/1784068603.json
[2026-07-16T02:52:35.952+0000] {logging_mixin.py:188} INFO - Downloaded AMZN/1784068610.json -> /tmp/minio_downloads/1784068610.json
[2026-07-16T02:52:35.955+0000] {logging_mixin.py:188} INFO - Downloaded AMZN/1784068617.json -> /tmp/minio_downloads/1784068617.json
[2026-07-16T02:52:35.958+0000] {logging_mixin.py:188} INFO - Downloaded AMZN/1784068623.json -> /tmp/minio_downloads/1784068623.json
[2026-07-16T02:52:35.961+0000] {logging_mixin.py:188} INFO - Downloaded AMZN/1784068630.json -> /tmp/minio_downloads/1784068630.json
[2026-07-16T02:52:35.964+0000] {logging_mixin.py:188} INFO - Downloaded AMZN/1784068637.json -> /tmp/minio_downloads/1784068637.json
[2026-07-16T02:52:35.967+0000] {logging_mixin.py:188} INFO - Downloaded AMZN/1784068644.json -> /tmp/minio_downloads/1784068644.json
[2026-07-16T02:52:35.970+0000] {logging_mixin.py:188} INFO - Downloaded AMZN/1784068651.json -> /tmp/minio_downloads/1784068651.json
[2026-07-16T02:52:35.973+0000] {logging_mixin.py:188} INFO - Downloaded AMZN/1784068658.json -> /tmp/minio_downloads/1784068658.json
[2026-07-16T02:52:35.977+0000] {logging_mixin.py:188} INFO - Downloaded AMZN/1784068665.json -> /tmp/minio_downloads/1784068665.json
[2026-07-16T02:52:35.980+0000] {logging_mixin.py:188} INFO - Downloaded AMZN/1784068672.json -> /tmp/minio_downloads/1784068672.json
[2026-07-16T02:52:35.983+0000] {logging_mixin.py:188} INFO - Downloaded AMZN/1784068679.json -> /tmp/minio_downloads/1784068679.json
[2026-07-16T02:52:35.987+0000] {logging_mixin.py:188} INFO - Downloaded AMZN/1784068685.json -> /tmp/minio_downloads/1784068685.json
[2026-07-16T02:52:35.990+0000] {logging_mixin.py:188} INFO - Downloaded AMZN/1784068692.json -> /tmp/minio_downloads/1784068692.json
[2026-07-16T02:52:35.994+0000] {logging_mixin.py:188} INFO - Downloaded AMZN/1784068699.json -> /tmp/minio_downloads/1784068699.json
[2026-07-16T02:52:35.997+0000] {logging_mixin.py:188} INFO - Downloaded AMZN/1784068706.json -> /tmp/minio_downloads/1784068706.json
[2026-07-16T02:52:36.001+0000] {logging_mixin.py:188} INFO - Downloaded AMZN/1784068713.json -> /tmp/minio_downloads/1784068713.json
[2026-07-16T02:52:36.005+0000] {logging_mixin.py:188} INFO - Downloaded AMZN/1784068720.json -> /tmp/minio_downloads/1784068720.json
[2026-07-16T02:52:36.008+0000] {logging_mixin.py:188} INFO - Downloaded AMZN/1784068727.json -> /tmp/minio_downloads/1784068727.json
[2026-07-16T02:52:36.012+0000] {logging_mixin.py:188} INFO - Downloaded AMZN/1784071997.json -> /tmp/minio_downloads/1784071997.json
[2026-07-16T02:52:36.015+0000] {logging_mixin.py:188} INFO - Downloaded AMZN/1784072004.json -> /tmp/minio_downloads/1784072004.json
[2026-07-16T02:52:36.019+0000] {logging_mixin.py:188} INFO - Downloaded AMZN/1784072011.json -> /tmp/minio_downloads/1784072011.json
[2026-07-16T02:52:36.023+0000] {logging_mixin.py:188} INFO - Downloaded AMZN/1784072018.json -> /tmp/minio_downloads/1784072018.json
[2026-07-16T02:52:36.026+0000] {logging_mixin.py:188} INFO - Downloaded AMZN/1784072025.json -> /tmp/minio_downloads/1784072025.json
[2026-07-16T02:52:36.030+0000] {logging_mixin.py:188} INFO - Downloaded AMZN/1784072032.json -> /tmp/minio_downloads/1784072032.json
[2026-07-16T02:52:36.033+0000] {logging_mixin.py:188} INFO - Downloaded AMZN/1784072038.json -> /tmp/minio_downloads/1784072038.json
[2026-07-16T02:52:36.037+0000] {logging_mixin.py:188} INFO - Downloaded AMZN/1784072045.json -> /tmp/minio_downloads/1784072045.json
[2026-07-16T02:52:36.040+0000] {logging_mixin.py:188} INFO - Downloaded AMZN/1784072052.json -> /tmp/minio_downloads/1784072052.json
[2026-07-16T02:52:36.043+0000] {logging_mixin.py:188} INFO - Downloaded AMZN/1784072059.json -> /tmp/minio_downloads/1784072059.json
[2026-07-16T02:52:36.047+0000] {logging_mixin.py:188} INFO - Downloaded AMZN/1784072066.json -> /tmp/minio_downloads/1784072066.json
[2026-07-16T02:52:36.050+0000] {logging_mixin.py:188} INFO - Downloaded AMZN/1784072073.json -> /tmp/minio_downloads/1784072073.json
[2026-07-16T02:52:36.054+0000] {logging_mixin.py:188} INFO - Downloaded AMZN/1784072080.json -> /tmp/minio_downloads/1784072080.json
[2026-07-16T02:52:36.057+0000] {logging_mixin.py:188} INFO - Downloaded AMZN/1784072087.json -> /tmp/minio_downloads/1784072087.json
[2026-07-16T02:52:36.061+0000] {logging_mixin.py:188} INFO - Downloaded AMZN/1784072093.json -> /tmp/minio_downloads/1784072093.json
[2026-07-16T02:52:36.064+0000] {logging_mixin.py:188} INFO - Downloaded AMZN/1784072100.json -> /tmp/minio_downloads/1784072100.json
[2026-07-16T02:52:36.068+0000] {logging_mixin.py:188} INFO - Downloaded AMZN/1784072107.json -> /tmp/minio_downloads/1784072107.json
[2026-07-16T02:52:36.071+0000] {logging_mixin.py:188} INFO - Downloaded AMZN/1784072114.json -> /tmp/minio_downloads/1784072114.json
[2026-07-16T02:52:36.074+0000] {logging_mixin.py:188} INFO - Downloaded AMZN/1784072121.json -> /tmp/minio_downloads/1784072121.json
[2026-07-16T02:52:36.078+0000] {logging_mixin.py:188} INFO - Downloaded AMZN/1784072128.json -> /tmp/minio_downloads/1784072128.json
[2026-07-16T02:52:36.081+0000] {logging_mixin.py:188} INFO - Downloaded AMZN/1784072135.json -> /tmp/minio_downloads/1784072135.json
[2026-07-16T02:52:36.085+0000] {logging_mixin.py:188} INFO - Downloaded AMZN/1784072142.json -> /tmp/minio_downloads/1784072142.json
[2026-07-16T02:52:36.088+0000] {logging_mixin.py:188} INFO - Downloaded AMZN/1784072148.json -> /tmp/minio_downloads/1784072148.json
[2026-07-16T02:52:36.092+0000] {logging_mixin.py:188} INFO - Downloaded AMZN/1784072155.json -> /tmp/minio_downloads/1784072155.json
[2026-07-16T02:52:36.095+0000] {logging_mixin.py:188} INFO - Downloaded AMZN/1784072162.json -> /tmp/minio_downloads/1784072162.json
[2026-07-16T02:52:36.098+0000] {logging_mixin.py:188} INFO - Downloaded AMZN/1784072169.json -> /tmp/minio_downloads/1784072169.json
[2026-07-16T02:52:36.102+0000] {logging_mixin.py:188} INFO - Downloaded AMZN/1784072176.json -> /tmp/minio_downloads/1784072176.json
[2026-07-16T02:52:36.105+0000] {logging_mixin.py:188} INFO - Downloaded AMZN/1784072183.json -> /tmp/minio_downloads/1784072183.json
[2026-07-16T02:52:36.109+0000] {logging_mixin.py:188} INFO - Downloaded AMZN/1784072190.json -> /tmp/minio_downloads/1784072190.json
[2026-07-16T02:52:36.112+0000] {logging_mixin.py:188} INFO - Downloaded AMZN/1784072197.json -> /tmp/minio_downloads/1784072197.json
[2026-07-16T02:52:36.116+0000] {logging_mixin.py:188} INFO - Downloaded AMZN/1784072204.json -> /tmp/minio_downloads/1784072204.json
[2026-07-16T02:52:36.119+0000] {logging_mixin.py:188} INFO - Downloaded AMZN/1784072211.json -> /tmp/minio_downloads/1784072211.json
[2026-07-16T02:52:36.123+0000] {logging_mixin.py:188} INFO - Downloaded AMZN/1784072218.json -> /tmp/minio_downloads/1784072218.json
[2026-07-16T02:52:36.126+0000] {logging_mixin.py:188} INFO - Downloaded AMZN/1784072225.json -> /tmp/minio_downloads/1784072225.json
[2026-07-16T02:52:36.129+0000] {logging_mixin.py:188} INFO - Downloaded AMZN/1784072231.json -> /tmp/minio_downloads/1784072231.json
[2026-07-16T02:52:36.133+0000] {logging_mixin.py:188} INFO - Downloaded AMZN/1784072238.json -> /tmp/minio_downloads/1784072238.json
[2026-07-16T02:52:36.136+0000] {logging_mixin.py:188} INFO - Downloaded AMZN/1784072245.json -> /tmp/minio_downloads/1784072245.json
[2026-07-16T02:52:36.139+0000] {logging_mixin.py:188} INFO - Downloaded AMZN/1784072252.json -> /tmp/minio_downloads/1784072252.json
[2026-07-16T02:52:36.143+0000] {logging_mixin.py:188} INFO - Downloaded AMZN/1784072259.json -> /tmp/minio_downloads/1784072259.json
[2026-07-16T02:52:36.146+0000] {logging_mixin.py:188} INFO - Downloaded AMZN/1784072266.json -> /tmp/minio_downloads/1784072266.json
[2026-07-16T02:52:36.150+0000] {logging_mixin.py:188} INFO - Downloaded AMZN/1784072273.json -> /tmp/minio_downloads/1784072273.json
[2026-07-16T02:52:36.154+0000] {logging_mixin.py:188} INFO - Downloaded AMZN/1784072280.json -> /tmp/minio_downloads/1784072280.json
[2026-07-16T02:52:36.157+0000] {logging_mixin.py:188} INFO - Downloaded AMZN/1784072287.json -> /tmp/minio_downloads/1784072287.json
[2026-07-16T02:52:36.161+0000] {logging_mixin.py:188} INFO - Downloaded AMZN/1784072294.json -> /tmp/minio_downloads/1784072294.json
[2026-07-16T02:52:36.164+0000] {logging_mixin.py:188} INFO - Downloaded AMZN/1784072301.json -> /tmp/minio_downloads/1784072301.json
[2026-07-16T02:52:36.167+0000] {logging_mixin.py:188} INFO - Downloaded AMZN/1784072308.json -> /tmp/minio_downloads/1784072308.json
[2026-07-16T02:52:36.171+0000] {logging_mixin.py:188} INFO - Downloaded AMZN/1784072314.json -> /tmp/minio_downloads/1784072314.json
[2026-07-16T02:52:36.174+0000] {logging_mixin.py:188} INFO - Downloaded AMZN/1784072321.json -> /tmp/minio_downloads/1784072321.json
[2026-07-16T02:52:36.178+0000] {logging_mixin.py:188} INFO - Downloaded AMZN/1784072328.json -> /tmp/minio_downloads/1784072328.json
[2026-07-16T02:52:36.181+0000] {logging_mixin.py:188} INFO - Downloaded AMZN/1784072335.json -> /tmp/minio_downloads/1784072335.json
[2026-07-16T02:52:36.184+0000] {logging_mixin.py:188} INFO - Downloaded AMZN/1784072342.json -> /tmp/minio_downloads/1784072342.json
[2026-07-16T02:52:36.188+0000] {logging_mixin.py:188} INFO - Downloaded AMZN/1784072349.json -> /tmp/minio_downloads/1784072349.json
[2026-07-16T02:52:36.191+0000] {logging_mixin.py:188} INFO - Downloaded AMZN/1784072356.json -> /tmp/minio_downloads/1784072356.json
[2026-07-16T02:52:36.194+0000] {logging_mixin.py:188} INFO - Downloaded AMZN/1784072362.json -> /tmp/minio_downloads/1784072362.json
[2026-07-16T02:52:36.198+0000] {logging_mixin.py:188} INFO - Downloaded AMZN/1784072369.json -> /tmp/minio_downloads/1784072369.json
[2026-07-16T02:52:36.201+0000] {logging_mixin.py:188} INFO - Downloaded AMZN/1784072376.json -> /tmp/minio_downloads/1784072376.json
[2026-07-16T02:52:36.205+0000] {logging_mixin.py:188} INFO - Downloaded AMZN/1784072383.json -> /tmp/minio_downloads/1784072383.json
[2026-07-16T02:52:36.208+0000] {logging_mixin.py:188} INFO - Downloaded AMZN/1784072390.json -> /tmp/minio_downloads/1784072390.json
[2026-07-16T02:52:36.212+0000] {logging_mixin.py:188} INFO - Downloaded AMZN/1784072397.json -> /tmp/minio_downloads/1784072397.json
[2026-07-16T02:52:36.215+0000] {logging_mixin.py:188} INFO - Downloaded AMZN/1784072404.json -> /tmp/minio_downloads/1784072404.json
[2026-07-16T02:52:36.218+0000] {logging_mixin.py:188} INFO - Downloaded AMZN/1784072411.json -> /tmp/minio_downloads/1784072411.json
[2026-07-16T02:52:36.222+0000] {logging_mixin.py:188} INFO - Downloaded AMZN/1784072418.json -> /tmp/minio_downloads/1784072418.json
[2026-07-16T02:52:36.226+0000] {logging_mixin.py:188} INFO - Downloaded AMZN/1784072425.json -> /tmp/minio_downloads/1784072425.json
[2026-07-16T02:52:36.229+0000] {logging_mixin.py:188} INFO - Downloaded AMZN/1784072432.json -> /tmp/minio_downloads/1784072432.json
[2026-07-16T02:52:36.232+0000] {logging_mixin.py:188} INFO - Downloaded AMZN/1784072439.json -> /tmp/minio_downloads/1784072439.json
[2026-07-16T02:52:36.236+0000] {logging_mixin.py:188} INFO - Downloaded AMZN/1784072446.json -> /tmp/minio_downloads/1784072446.json
[2026-07-16T02:52:36.239+0000] {logging_mixin.py:188} INFO - Downloaded AMZN/1784072452.json -> /tmp/minio_downloads/1784072452.json
[2026-07-16T02:52:36.243+0000] {logging_mixin.py:188} INFO - Downloaded AMZN/1784072459.json -> /tmp/minio_downloads/1784072459.json
[2026-07-16T02:52:36.246+0000] {logging_mixin.py:188} INFO - Downloaded AMZN/1784072466.json -> /tmp/minio_downloads/1784072466.json
[2026-07-16T02:52:36.251+0000] {logging_mixin.py:188} INFO - Downloaded AMZN/1784072473.json -> /tmp/minio_downloads/1784072473.json
[2026-07-16T02:52:36.255+0000] {logging_mixin.py:188} INFO - Downloaded AMZN/1784072480.json -> /tmp/minio_downloads/1784072480.json
[2026-07-16T02:52:36.260+0000] {logging_mixin.py:188} INFO - Downloaded AMZN/1784072487.json -> /tmp/minio_downloads/1784072487.json
[2026-07-16T02:52:36.264+0000] {logging_mixin.py:188} INFO - Downloaded AMZN/1784072494.json -> /tmp/minio_downloads/1784072494.json
[2026-07-16T02:52:36.267+0000] {logging_mixin.py:188} INFO - Downloaded AMZN/1784072501.json -> /tmp/minio_downloads/1784072501.json
[2026-07-16T02:52:36.271+0000] {logging_mixin.py:188} INFO - Downloaded AMZN/1784072508.json -> /tmp/minio_downloads/1784072508.json
[2026-07-16T02:52:36.275+0000] {logging_mixin.py:188} INFO - Downloaded AMZN/1784072515.json -> /tmp/minio_downloads/1784072515.json
[2026-07-16T02:52:36.278+0000] {logging_mixin.py:188} INFO - Downloaded AMZN/1784072522.json -> /tmp/minio_downloads/1784072522.json
[2026-07-16T02:52:36.282+0000] {logging_mixin.py:188} INFO - Downloaded AMZN/1784072529.json -> /tmp/minio_downloads/1784072529.json
[2026-07-16T02:52:36.286+0000] {logging_mixin.py:188} INFO - Downloaded AMZN/1784072536.json -> /tmp/minio_downloads/1784072536.json
[2026-07-16T02:52:36.290+0000] {logging_mixin.py:188} INFO - Downloaded AMZN/1784072542.json -> /tmp/minio_downloads/1784072542.json
[2026-07-16T02:52:36.293+0000] {logging_mixin.py:188} INFO - Downloaded AMZN/1784072549.json -> /tmp/minio_downloads/1784072549.json
[2026-07-16T02:52:36.297+0000] {logging_mixin.py:188} INFO - Downloaded AMZN/1784072556.json -> /tmp/minio_downloads/1784072556.json
[2026-07-16T02:52:36.301+0000] {logging_mixin.py:188} INFO - Downloaded AMZN/1784072563.json -> /tmp/minio_downloads/1784072563.json
[2026-07-16T02:52:36.304+0000] {logging_mixin.py:188} INFO - Downloaded AMZN/1784072570.json -> /tmp/minio_downloads/1784072570.json
[2026-07-16T02:52:36.308+0000] {logging_mixin.py:188} INFO - Downloaded AMZN/1784072577.json -> /tmp/minio_downloads/1784072577.json
[2026-07-16T02:52:36.312+0000] {logging_mixin.py:188} INFO - Downloaded AMZN/1784072584.json -> /tmp/minio_downloads/1784072584.json
[2026-07-16T02:52:36.315+0000] {logging_mixin.py:188} INFO - Downloaded AMZN/1784072591.json -> /tmp/minio_downloads/1784072591.json
[2026-07-16T02:52:36.319+0000] {logging_mixin.py:188} INFO - Downloaded AMZN/1784072598.json -> /tmp/minio_downloads/1784072598.json
[2026-07-16T02:52:36.322+0000] {logging_mixin.py:188} INFO - Downloaded AMZN/1784072605.json -> /tmp/minio_downloads/1784072605.json
[2026-07-16T02:52:36.326+0000] {logging_mixin.py:188} INFO - Downloaded AMZN/1784072611.json -> /tmp/minio_downloads/1784072611.json
[2026-07-16T02:52:36.329+0000] {logging_mixin.py:188} INFO - Downloaded AMZN/1784072618.json -> /tmp/minio_downloads/1784072618.json
[2026-07-16T02:52:36.333+0000] {logging_mixin.py:188} INFO - Downloaded AMZN/1784072625.json -> /tmp/minio_downloads/1784072625.json
[2026-07-16T02:52:36.336+0000] {logging_mixin.py:188} INFO - Downloaded AMZN/1784072632.json -> /tmp/minio_downloads/1784072632.json
[2026-07-16T02:52:36.340+0000] {logging_mixin.py:188} INFO - Downloaded AMZN/1784072639.json -> /tmp/minio_downloads/1784072639.json
[2026-07-16T02:52:36.343+0000] {logging_mixin.py:188} INFO - Downloaded AMZN/1784072646.json -> /tmp/minio_downloads/1784072646.json
[2026-07-16T02:52:36.347+0000] {logging_mixin.py:188} INFO - Downloaded AMZN/1784072653.json -> /tmp/minio_downloads/1784072653.json
[2026-07-16T02:52:36.350+0000] {logging_mixin.py:188} INFO - Downloaded AMZN/1784072660.json -> /tmp/minio_downloads/1784072660.json
[2026-07-16T02:52:36.354+0000] {logging_mixin.py:188} INFO - Downloaded AMZN/1784072667.json -> /tmp/minio_downloads/1784072667.json
[2026-07-16T02:52:36.357+0000] {logging_mixin.py:188} INFO - Downloaded AMZN/1784072674.json -> /tmp/minio_downloads/1784072674.json
[2026-07-16T02:52:36.361+0000] {logging_mixin.py:188} INFO - Downloaded AMZN/1784072681.json -> /tmp/minio_downloads/1784072681.json
[2026-07-16T02:52:36.364+0000] {logging_mixin.py:188} INFO - Downloaded AMZN/1784072687.json -> /tmp/minio_downloads/1784072687.json
[2026-07-16T02:52:36.368+0000] {logging_mixin.py:188} INFO - Downloaded AMZN/1784072694.json -> /tmp/minio_downloads/1784072694.json
[2026-07-16T02:52:36.371+0000] {logging_mixin.py:188} INFO - Downloaded AMZN/1784072701.json -> /tmp/minio_downloads/1784072701.json
[2026-07-16T02:52:36.376+0000] {logging_mixin.py:188} INFO - Downloaded AMZN/1784072708.json -> /tmp/minio_downloads/1784072708.json
[2026-07-16T02:52:36.380+0000] {logging_mixin.py:188} INFO - Downloaded AMZN/1784072715.json -> /tmp/minio_downloads/1784072715.json
[2026-07-16T02:52:36.385+0000] {logging_mixin.py:188} INFO - Downloaded AMZN/1784072722.json -> /tmp/minio_downloads/1784072722.json
[2026-07-16T02:52:36.389+0000] {logging_mixin.py:188} INFO - Downloaded AMZN/1784072729.json -> /tmp/minio_downloads/1784072729.json
[2026-07-16T02:52:36.393+0000] {logging_mixin.py:188} INFO - Downloaded AMZN/1784072736.json -> /tmp/minio_downloads/1784072736.json
[2026-07-16T02:52:36.397+0000] {logging_mixin.py:188} INFO - Downloaded AMZN/1784072743.json -> /tmp/minio_downloads/1784072743.json
[2026-07-16T02:52:36.400+0000] {logging_mixin.py:188} INFO - Downloaded AMZN/1784072750.json -> /tmp/minio_downloads/1784072750.json
[2026-07-16T02:52:36.404+0000] {logging_mixin.py:188} INFO - Downloaded AMZN/1784072756.json -> /tmp/minio_downloads/1784072756.json
[2026-07-16T02:52:36.408+0000] {logging_mixin.py:188} INFO - Downloaded AMZN/1784072763.json -> /tmp/minio_downloads/1784072763.json
[2026-07-16T02:52:36.411+0000] {logging_mixin.py:188} INFO - Downloaded AMZN/1784072770.json -> /tmp/minio_downloads/1784072770.json
[2026-07-16T02:52:36.415+0000] {logging_mixin.py:188} INFO - Downloaded AMZN/1784072777.json -> /tmp/minio_downloads/1784072777.json
[2026-07-16T02:52:36.419+0000] {logging_mixin.py:188} INFO - Downloaded AMZN/1784072784.json -> /tmp/minio_downloads/1784072784.json
[2026-07-16T02:52:36.422+0000] {logging_mixin.py:188} INFO - Downloaded AMZN/1784072791.json -> /tmp/minio_downloads/1784072791.json
[2026-07-16T02:52:36.426+0000] {logging_mixin.py:188} INFO - Downloaded AMZN/1784072798.json -> /tmp/minio_downloads/1784072798.json
[2026-07-16T02:52:36.429+0000] {logging_mixin.py:188} INFO - Downloaded AMZN/1784072805.json -> /tmp/minio_downloads/1784072805.json
[2026-07-16T02:52:36.433+0000] {logging_mixin.py:188} INFO - Downloaded AMZN/1784072812.json -> /tmp/minio_downloads/1784072812.json
[2026-07-16T02:52:36.436+0000] {logging_mixin.py:188} INFO - Downloaded AMZN/1784072891.json -> /tmp/minio_downloads/1784072891.json
[2026-07-16T02:52:36.440+0000] {logging_mixin.py:188} INFO - Downloaded AMZN/1784072897.json -> /tmp/minio_downloads/1784072897.json
[2026-07-16T02:52:36.443+0000] {logging_mixin.py:188} INFO - Downloaded AMZN/1784072904.json -> /tmp/minio_downloads/1784072904.json
[2026-07-16T02:52:36.447+0000] {logging_mixin.py:188} INFO - Downloaded AMZN/1784072911.json -> /tmp/minio_downloads/1784072911.json
[2026-07-16T02:52:36.451+0000] {logging_mixin.py:188} INFO - Downloaded AMZN/1784072918.json -> /tmp/minio_downloads/1784072918.json
[2026-07-16T02:52:36.455+0000] {logging_mixin.py:188} INFO - Downloaded AMZN/1784072925.json -> /tmp/minio_downloads/1784072925.json
[2026-07-16T02:52:36.458+0000] {logging_mixin.py:188} INFO - Downloaded AMZN/1784072932.json -> /tmp/minio_downloads/1784072932.json
[2026-07-16T02:52:36.462+0000] {logging_mixin.py:188} INFO - Downloaded AMZN/1784072939.json -> /tmp/minio_downloads/1784072939.json
[2026-07-16T02:52:36.466+0000] {logging_mixin.py:188} INFO - Downloaded AMZN/1784072946.json -> /tmp/minio_downloads/1784072946.json
[2026-07-16T02:52:36.470+0000] {logging_mixin.py:188} INFO - Downloaded AMZN/1784072953.json -> /tmp/minio_downloads/1784072953.json
[2026-07-16T02:52:36.474+0000] {logging_mixin.py:188} INFO - Downloaded AMZN/1784072960.json -> /tmp/minio_downloads/1784072960.json
[2026-07-16T02:52:36.478+0000] {logging_mixin.py:188} INFO - Downloaded AMZN/1784072967.json -> /tmp/minio_downloads/1784072967.json
[2026-07-16T02:52:36.482+0000] {logging_mixin.py:188} INFO - Downloaded AMZN/1784072974.json -> /tmp/minio_downloads/1784072974.json
[2026-07-16T02:52:36.486+0000] {logging_mixin.py:188} INFO - Downloaded AMZN/1784072980.json -> /tmp/minio_downloads/1784072980.json
[2026-07-16T02:52:36.490+0000] {logging_mixin.py:188} INFO - Downloaded AMZN/1784072987.json -> /tmp/minio_downloads/1784072987.json
[2026-07-16T02:52:36.494+0000] {logging_mixin.py:188} INFO - Downloaded AMZN/1784072994.json -> /tmp/minio_downloads/1784072994.json
[2026-07-16T02:52:36.498+0000] {logging_mixin.py:188} INFO - Downloaded AMZN/1784073001.json -> /tmp/minio_downloads/1784073001.json
[2026-07-16T02:52:36.502+0000] {logging_mixin.py:188} INFO - Downloaded AMZN/1784073008.json -> /tmp/minio_downloads/1784073008.json
[2026-07-16T02:52:36.506+0000] {logging_mixin.py:188} INFO - Downloaded AMZN/1784073015.json -> /tmp/minio_downloads/1784073015.json
[2026-07-16T02:52:36.510+0000] {logging_mixin.py:188} INFO - Downloaded AMZN/1784073022.json -> /tmp/minio_downloads/1784073022.json
[2026-07-16T02:52:36.514+0000] {logging_mixin.py:188} INFO - Downloaded AMZN/1784073029.json -> /tmp/minio_downloads/1784073029.json
[2026-07-16T02:52:36.518+0000] {logging_mixin.py:188} INFO - Downloaded AMZN/1784073036.json -> /tmp/minio_downloads/1784073036.json
[2026-07-16T02:52:36.522+0000] {logging_mixin.py:188} INFO - Downloaded AMZN/1784073042.json -> /tmp/minio_downloads/1784073042.json
[2026-07-16T02:52:36.526+0000] {logging_mixin.py:188} INFO - Downloaded AMZN/1784073049.json -> /tmp/minio_downloads/1784073049.json
[2026-07-16T02:52:36.530+0000] {logging_mixin.py:188} INFO - Downloaded AMZN/1784073056.json -> /tmp/minio_downloads/1784073056.json
[2026-07-16T02:52:36.534+0000] {logging_mixin.py:188} INFO - Downloaded AMZN/1784073063.json -> /tmp/minio_downloads/1784073063.json
[2026-07-16T02:52:36.538+0000] {logging_mixin.py:188} INFO - Downloaded AMZN/1784073070.json -> /tmp/minio_downloads/1784073070.json
[2026-07-16T02:52:36.542+0000] {logging_mixin.py:188} INFO - Downloaded AMZN/1784073077.json -> /tmp/minio_downloads/1784073077.json
[2026-07-16T02:52:36.545+0000] {logging_mixin.py:188} INFO - Downloaded AMZN/1784073084.json -> /tmp/minio_downloads/1784073084.json
[2026-07-16T02:52:36.549+0000] {logging_mixin.py:188} INFO - Downloaded AMZN/1784073091.json -> /tmp/minio_downloads/1784073091.json
[2026-07-16T02:52:36.553+0000] {logging_mixin.py:188} INFO - Downloaded AMZN/1784073098.json -> /tmp/minio_downloads/1784073098.json
[2026-07-16T02:52:36.557+0000] {logging_mixin.py:188} INFO - Downloaded AMZN/1784073104.json -> /tmp/minio_downloads/1784073104.json
[2026-07-16T02:52:36.564+0000] {logging_mixin.py:188} INFO - Downloaded AMZN/1784073111.json -> /tmp/minio_downloads/1784073111.json
[2026-07-16T02:52:36.570+0000] {logging_mixin.py:188} INFO - Downloaded AMZN/1784073118.json -> /tmp/minio_downloads/1784073118.json
[2026-07-16T02:52:36.574+0000] {logging_mixin.py:188} INFO - Downloaded AMZN/1784073125.json -> /tmp/minio_downloads/1784073125.json
[2026-07-16T02:52:36.578+0000] {logging_mixin.py:188} INFO - Downloaded AMZN/1784073132.json -> /tmp/minio_downloads/1784073132.json
[2026-07-16T02:52:36.582+0000] {logging_mixin.py:188} INFO - Downloaded AMZN/1784073139.json -> /tmp/minio_downloads/1784073139.json
[2026-07-16T02:52:36.586+0000] {logging_mixin.py:188} INFO - Downloaded AMZN/1784073146.json -> /tmp/minio_downloads/1784073146.json
[2026-07-16T02:52:36.591+0000] {logging_mixin.py:188} INFO - Downloaded AMZN/1784073153.json -> /tmp/minio_downloads/1784073153.json
[2026-07-16T02:52:36.595+0000] {logging_mixin.py:188} INFO - Downloaded AMZN/1784073160.json -> /tmp/minio_downloads/1784073160.json
[2026-07-16T02:52:36.599+0000] {logging_mixin.py:188} INFO - Downloaded AMZN/1784073166.json -> /tmp/minio_downloads/1784073166.json
[2026-07-16T02:52:36.603+0000] {logging_mixin.py:188} INFO - Downloaded AMZN/1784073173.json -> /tmp/minio_downloads/1784073173.json
[2026-07-16T02:52:36.607+0000] {logging_mixin.py:188} INFO - Downloaded AMZN/1784073180.json -> /tmp/minio_downloads/1784073180.json
[2026-07-16T02:52:36.611+0000] {logging_mixin.py:188} INFO - Downloaded AMZN/1784073187.json -> /tmp/minio_downloads/1784073187.json
[2026-07-16T02:52:36.615+0000] {logging_mixin.py:188} INFO - Downloaded AMZN/1784073194.json -> /tmp/minio_downloads/1784073194.json
[2026-07-16T02:52:36.619+0000] {logging_mixin.py:188} INFO - Downloaded AMZN/1784073201.json -> /tmp/minio_downloads/1784073201.json
[2026-07-16T02:52:36.623+0000] {logging_mixin.py:188} INFO - Downloaded AMZN/1784073208.json -> /tmp/minio_downloads/1784073208.json
[2026-07-16T02:52:36.627+0000] {logging_mixin.py:188} INFO - Downloaded AMZN/1784073215.json -> /tmp/minio_downloads/1784073215.json
[2026-07-16T02:52:36.631+0000] {logging_mixin.py:188} INFO - Downloaded AMZN/1784073222.json -> /tmp/minio_downloads/1784073222.json
[2026-07-16T02:52:36.635+0000] {logging_mixin.py:188} INFO - Downloaded AMZN/1784073228.json -> /tmp/minio_downloads/1784073228.json
[2026-07-16T02:52:36.639+0000] {logging_mixin.py:188} INFO - Downloaded AMZN/1784073235.json -> /tmp/minio_downloads/1784073235.json
[2026-07-16T02:52:36.643+0000] {logging_mixin.py:188} INFO - Downloaded AMZN/1784073242.json -> /tmp/minio_downloads/1784073242.json
[2026-07-16T02:52:36.647+0000] {logging_mixin.py:188} INFO - Downloaded AMZN/1784073249.json -> /tmp/minio_downloads/1784073249.json
[2026-07-16T02:52:36.651+0000] {logging_mixin.py:188} INFO - Downloaded AMZN/1784073256.json -> /tmp/minio_downloads/1784073256.json
[2026-07-16T02:52:36.655+0000] {logging_mixin.py:188} INFO - Downloaded AMZN/1784073263.json -> /tmp/minio_downloads/1784073263.json
[2026-07-16T02:52:36.659+0000] {logging_mixin.py:188} INFO - Downloaded AMZN/1784073270.json -> /tmp/minio_downloads/1784073270.json
[2026-07-16T02:52:36.663+0000] {logging_mixin.py:188} INFO - Downloaded AMZN/1784073277.json -> /tmp/minio_downloads/1784073277.json
[2026-07-16T02:52:36.667+0000] {logging_mixin.py:188} INFO - Downloaded AMZN/1784073284.json -> /tmp/minio_downloads/1784073284.json
[2026-07-16T02:52:36.671+0000] {logging_mixin.py:188} INFO - Downloaded AMZN/1784073291.json -> /tmp/minio_downloads/1784073291.json
[2026-07-16T02:52:36.675+0000] {logging_mixin.py:188} INFO - Downloaded AMZN/1784073298.json -> /tmp/minio_downloads/1784073298.json
[2026-07-16T02:52:36.678+0000] {logging_mixin.py:188} INFO - Downloaded AMZN/1784073305.json -> /tmp/minio_downloads/1784073305.json
[2026-07-16T02:52:36.682+0000] {logging_mixin.py:188} INFO - Downloaded AMZN/1784073311.json -> /tmp/minio_downloads/1784073311.json
[2026-07-16T02:52:36.686+0000] {logging_mixin.py:188} INFO - Downloaded AMZN/1784073319.json -> /tmp/minio_downloads/1784073319.json
[2026-07-16T02:52:36.691+0000] {logging_mixin.py:188} INFO - Downloaded AMZN/1784073326.json -> /tmp/minio_downloads/1784073326.json
[2026-07-16T02:52:36.695+0000] {logging_mixin.py:188} INFO - Downloaded AMZN/1784073333.json -> /tmp/minio_downloads/1784073333.json
[2026-07-16T02:52:36.699+0000] {logging_mixin.py:188} INFO - Downloaded GOOGL/1783903076.json -> /tmp/minio_downloads/1783903076.json
[2026-07-16T02:52:36.703+0000] {logging_mixin.py:188} INFO - Downloaded GOOGL/1783903083.json -> /tmp/minio_downloads/1783903083.json
[2026-07-16T02:52:36.707+0000] {logging_mixin.py:188} INFO - Downloaded GOOGL/1784067253.json -> /tmp/minio_downloads/1784067253.json
[2026-07-16T02:52:36.711+0000] {logging_mixin.py:188} INFO - Downloaded GOOGL/1784067260.json -> /tmp/minio_downloads/1784067260.json
[2026-07-16T02:52:36.715+0000] {logging_mixin.py:188} INFO - Downloaded GOOGL/1784067267.json -> /tmp/minio_downloads/1784067267.json
[2026-07-16T02:52:36.719+0000] {logging_mixin.py:188} INFO - Downloaded GOOGL/1784067274.json -> /tmp/minio_downloads/1784067274.json
[2026-07-16T02:52:36.723+0000] {logging_mixin.py:188} INFO - Downloaded GOOGL/1784067281.json -> /tmp/minio_downloads/1784067281.json
[2026-07-16T02:52:36.727+0000] {logging_mixin.py:188} INFO - Downloaded GOOGL/1784067288.json -> /tmp/minio_downloads/1784067288.json
[2026-07-16T02:52:36.731+0000] {logging_mixin.py:188} INFO - Downloaded GOOGL/1784067295.json -> /tmp/minio_downloads/1784067295.json
[2026-07-16T03:09:58.663+0000] {taskinstance.py:441} INFO - ::group::Post task execution logs
[2026-07-16T03:09:58.663+0000] {taskinstance.py:2905} ERROR - Task failed with exception
Traceback (most recent call last):
  File "/home/airflow/.local/lib/python3.12/site-packages/airflow/models/taskinstance.py", line 465, in _execute_task
    result = _execute_callable(context=context, **execute_callable_kwargs)
             ^^^^^^^^^^^^^^^^^^^^^^^^^^^^^^^^^^^^^^^^^^^^^^^^^^^^^^^^^^^^^
  File "/home/airflow/.local/lib/python3.12/site-packages/airflow/models/taskinstance.py", line 432, in _execute_callable
    return execute_callable(context=context, **execute_callable_kwargs)
           ^^^^^^^^^^^^^^^^^^^^^^^^^^^^^^^^^^^^^^^^^^^^^^^^^^^^^^^^^^^^
  File "/home/airflow/.local/lib/python3.12/site-packages/airflow/models/baseoperator.py", line 401, in wrapper
    return func(self, *args, **kwargs)
           ^^^^^^^^^^^^^^^^^^^^^^^^^^^
  File "/home/airflow/.local/lib/python3.12/site-packages/airflow/operators/python.py", line 235, in execute
    return_value = self.execute_callable()
                   ^^^^^^^^^^^^^^^^^^^^^^^
  File "/home/airflow/.local/lib/python3.12/site-packages/airflow/operators/python.py", line 252, in execute_callable
    return self.python_callable(*self.op_args, **self.op_kwargs)
           ^^^^^^^^^^^^^^^^^^^^^^^^^^^^^^^^^^^^^^^^^^^^^^^^^^^^^
  File "/opt/airflow/dags/minio_to_snowflake.py", line 37, in download_from_minio
    s3.download_file(BUCKET, key, local_file)
  File "/home/airflow/.local/lib/python3.12/site-packages/boto3/s3/inject.py", line 192, in download_file
    return transfer.download_file(
           ^^^^^^^^^^^^^^^^^^^^^^^
  File "/home/airflow/.local/lib/python3.12/site-packages/boto3/s3/transfer.py", line 406, in download_file
    future.result()
  File "/home/airflow/.local/lib/python3.12/site-packages/s3transfer/futures.py", line 103, in result
    return self._coordinator.result()
           ^^^^^^^^^^^^^^^^^^^^^^^^^^
  File "/home/airflow/.local/lib/python3.12/site-packages/s3transfer/futures.py", line 266, in result
    raise self._exception
  File "/home/airflow/.local/lib/python3.12/site-packages/s3transfer/tasks.py", line 269, in _main
    self._submit(transfer_future=transfer_future, **kwargs)
  File "/home/airflow/.local/lib/python3.12/site-packages/s3transfer/download.py", line 354, in _submit
    response = client.head_object(
               ^^^^^^^^^^^^^^^^^^^
  File "/home/airflow/.local/lib/python3.12/site-packages/botocore/client.py", line 565, in _api_call
    return self._make_api_call(operation_name, kwargs)
           ^^^^^^^^^^^^^^^^^^^^^^^^^^^^^^^^^^^^^^^^^^^
  File "/home/airflow/.local/lib/python3.12/site-packages/botocore/client.py", line 1021, in _make_api_call
    raise error_class(parsed_response, operation_name)
botocore.exceptions.ClientError: An error occurred (403) when calling the HeadObject operation: Forbidden
[2026-07-16T03:09:58.676+0000] {taskinstance.py:1206} INFO - Marking task as UP_FOR_RETRY. dag_id=minio_to_snowflake, task_id=download_minio, run_id=scheduled__2026-07-16T02:51:00+00:00, execution_date=20260716T025100, start_date=20260716T025234, end_date=20260716T030958
[2026-07-16T03:09:58.689+0000] {standard_task_runner.py:110} ERROR - Failed to execute job 329 for task download_minio (An error occurred (403) when calling the HeadObject operation: Forbidden; 95531)
[2026-07-16T03:09:58.732+0000] {local_task_job_runner.py:243} INFO - Task exited with return code 1
[2026-07-16T03:09:58.749+0000] {taskinstance.py:3503} INFO - 0 downstream tasks scheduled from follow-on schedule check
[2026-07-16T03:09:58.750+0000] {local_task_job_runner.py:222} INFO - ::endgroup::
