[2026-07-15T03:30:44.399+0000] {local_task_job_runner.py:120} INFO - ::group::Pre task execution logs
[2026-07-15T03:30:44.415+0000] {taskinstance.py:2076} INFO - Dependencies all met for dep_context=non-requeueable deps ti=<TaskInstance: minio_to_snowflake.load_snowflake scheduled__2026-07-15T03:29:00+00:00 [queued]>
[2026-07-15T03:30:44.419+0000] {taskinstance.py:2076} INFO - Dependencies all met for dep_context=requeueable deps ti=<TaskInstance: minio_to_snowflake.load_snowflake scheduled__2026-07-15T03:29:00+00:00 [queued]>
[2026-07-15T03:30:44.419+0000] {taskinstance.py:2306} INFO - Starting attempt 1 of 2
[2026-07-15T03:30:44.425+0000] {taskinstance.py:2330} INFO - Executing <Task(PythonOperator): load_snowflake> on 2026-07-15 03:29:00+00:00
[2026-07-15T03:30:44.431+0000] {logging_mixin.py:188} WARNING - /home/***/.local/lib/python3.12/site-packages/***/task/task_runner/standard_task_runner.py:62 DeprecationWarning: This process (pid=35219) is multi-threaded, use of fork() may lead to deadlocks in the child.
[2026-07-15T03:30:44.430+0000] {standard_task_runner.py:90} INFO - Running: ['***', 'tasks', 'run', 'minio_to_snowflake', 'load_snowflake', 'scheduled__2026-07-15T03:29:00+00:00', '--job-id', '51', '--raw', '--subdir', 'DAGS_FOLDER/minio_to_snowflake.py', '--cfg-path', '/tmp/tmpxc8qn75s']
[2026-07-15T03:30:44.431+0000] {standard_task_runner.py:91} INFO - Job 51: Subtask load_snowflake
[2026-07-15T03:30:44.431+0000] {standard_task_runner.py:64} INFO - Started process 35233 to run task
[2026-07-15T03:30:44.459+0000] {task_command.py:426} INFO - Running <TaskInstance: minio_to_snowflake.load_snowflake scheduled__2026-07-15T03:29:00+00:00 [running]> on host 7672ac205ccf
[2026-07-15T03:30:44.500+0000] {taskinstance.py:2648} INFO - Exporting env vars: AIRFLOW_CTX_DAG_OWNER='***' AIRFLOW_CTX_DAG_ID='minio_to_snowflake' AIRFLOW_CTX_TASK_ID='load_snowflake' AIRFLOW_CTX_EXECUTION_DATE='2026-07-15T03:29:00+00:00' AIRFLOW_CTX_TRY_NUMBER='1' AIRFLOW_CTX_DAG_RUN_ID='scheduled__2026-07-15T03:29:00+00:00'
[2026-07-15T03:30:44.501+0000] {taskinstance.py:430} INFO - ::endgroup::
[2026-07-15T03:30:44.514+0000] {taskinstance.py:441} INFO - ::group::Post task execution logs
[2026-07-15T03:30:44.514+0000] {taskinstance.py:2905} ERROR - Task failed with exception
Traceback (most recent call last):
  File "/home/airflow/.local/lib/python3.12/site-packages/airflow/models/taskinstance.py", line 465, in _execute_task
    result = _execute_callable(context=context, **execute_callable_kwargs)
             ^^^^^^^^^^^^^^^^^^^^^^^^^^^^^^^^^^^^^^^^^^^^^^^^^^^^^^^^^^^^^
  File "/home/airflow/.local/lib/python3.12/site-packages/airflow/models/taskinstance.py", line 432, in _execute_callable
    return execute_callable(context=context, **execute_callable_kwargs)
           ^^^^^^^^^^^^^^^^^^^^^^^^^^^^^^^^^^^^^^^^^^^^^^^^^^^^^^^^^^^^
  File "/home/airflow/.local/lib/python3.12/site-packages/airflow/models/baseoperator.py", line 401, in wrapper
    return func(self, *args, **kwargs)
           ^^^^^^^^^^^^^^^^^^^^^^^^^^^
  File "/home/airflow/.local/lib/python3.12/site-packages/airflow/operators/python.py", line 235, in execute
    return_value = self.execute_callable()
                   ^^^^^^^^^^^^^^^^^^^^^^^
  File "/home/airflow/.local/lib/python3.12/site-packages/airflow/operators/python.py", line 252, in execute_callable
    return self.python_callable(*self.op_args, **self.op_kwargs)
           ^^^^^^^^^^^^^^^^^^^^^^^^^^^^^^^^^^^^^^^^^^^^^^^^^^^^^
  File "/opt/airflow/dags/minio_to_snowflake.py", line 49, in load_to_snowflake
    with open(rsa_key, "rb") as key_file:
         ^^^^^^^^^^^^^^^^^^^
FileNotFoundError: [Errno 2] No such file or directory: '/Users/pavanteja/data_engineering/snowflake/snf_rsa/rsa_key.p8'
[2026-07-15T03:30:44.519+0000] {taskinstance.py:1206} INFO - Marking task as UP_FOR_RETRY. dag_id=minio_to_snowflake, task_id=load_snowflake, run_id=scheduled__2026-07-15T03:29:00+00:00, execution_date=20260715T032900, start_date=20260715T033044, end_date=20260715T033044
[2026-07-15T03:30:44.524+0000] {standard_task_runner.py:110} ERROR - Failed to execute job 51 for task load_snowflake ([Errno 2] No such file or directory: '/Users/pavanteja/data_engineering/snowflake/snf_rsa/rsa_key.p8'; 35233)
[2026-07-15T03:30:44.567+0000] {local_task_job_runner.py:243} INFO - Task exited with return code 1
[2026-07-15T03:30:44.575+0000] {taskinstance.py:3503} INFO - 0 downstream tasks scheduled from follow-on schedule check
[2026-07-15T03:30:44.576+0000] {local_task_job_runner.py:222} INFO - ::endgroup::
