[2026-07-15T03:53:45.132+0000] {local_task_job_runner.py:120} INFO - ::group::Pre task execution logs
[2026-07-15T03:53:45.147+0000] {taskinstance.py:2076} INFO - Dependencies all met for dep_context=non-requeueable deps ti=<TaskInstance: minio_to_snowflake.load_snowflake scheduled__2026-07-15T03:29:00+00:00 [queued]>
[2026-07-15T03:53:45.151+0000] {taskinstance.py:2076} INFO - Dependencies all met for dep_context=requeueable deps ti=<TaskInstance: minio_to_snowflake.load_snowflake scheduled__2026-07-15T03:29:00+00:00 [queued]>
[2026-07-15T03:53:45.152+0000] {taskinstance.py:2306} INFO - Starting attempt 2 of 2
[2026-07-15T03:53:45.158+0000] {taskinstance.py:2330} INFO - Executing <Task(PythonOperator): load_snowflake> on 2026-07-15 03:29:00+00:00
[2026-07-15T03:53:45.164+0000] {logging_mixin.py:188} WARNING - /home/***/.local/lib/python3.12/site-packages/***/task/task_runner/standard_task_runner.py:62 DeprecationWarning: This process (pid=8258) is multi-threaded, use of fork() may lead to deadlocks in the child.
[2026-07-15T03:53:45.162+0000] {standard_task_runner.py:90} INFO - Running: ['***', 'tasks', 'run', 'minio_to_snowflake', 'load_snowflake', 'scheduled__2026-07-15T03:29:00+00:00', '--job-id', '57', '--raw', '--subdir', 'DAGS_FOLDER/minio_to_snowflake.py', '--cfg-path', '/tmp/tmplb_mbhkv']
[2026-07-15T03:53:45.164+0000] {standard_task_runner.py:91} INFO - Job 57: Subtask load_snowflake
[2026-07-15T03:53:45.164+0000] {standard_task_runner.py:64} INFO - Started process 8272 to run task
[2026-07-15T03:53:45.191+0000] {task_command.py:426} INFO - Running <TaskInstance: minio_to_snowflake.load_snowflake scheduled__2026-07-15T03:29:00+00:00 [running]> on host 1b3af0dde868
[2026-07-15T03:53:45.232+0000] {taskinstance.py:2648} INFO - Exporting env vars: AIRFLOW_CTX_DAG_OWNER='***' AIRFLOW_CTX_DAG_ID='minio_to_snowflake' AIRFLOW_CTX_TASK_ID='load_snowflake' AIRFLOW_CTX_EXECUTION_DATE='2026-07-15T03:29:00+00:00' AIRFLOW_CTX_TRY_NUMBER='2' AIRFLOW_CTX_DAG_RUN_ID='scheduled__2026-07-15T03:29:00+00:00'
[2026-07-15T03:53:45.233+0000] {taskinstance.py:430} INFO - ::endgroup::
[2026-07-15T03:53:45.283+0000] {connection.py:408} INFO - Snowflake Connector for Python Version: 3.11.0, Python Version: 3.12.4, Platform: Linux-6.12.76-linuxkit-aarch64-with-glibc2.36
[2026-07-15T03:53:45.283+0000] {connection.py:1258} INFO - This connection is in OCSP Fail Open Mode. TLS Certificates would be checked for validity and revocation status. Any other Certificate Revocation related exceptions or OCSP Responder failures would be disregarded in favor of connectivity.
[2026-07-15T03:53:46.883+0000] {logging_mixin.py:188} INFO - Uploaded /tmp/minio_downloads/1783903075.json to Snowflake stage
[2026-07-15T03:53:47.357+0000] {logging_mixin.py:188} INFO - Uploaded /tmp/minio_downloads/1783903082.json to Snowflake stage
[2026-07-15T03:53:47.826+0000] {logging_mixin.py:188} INFO - Uploaded /tmp/minio_downloads/1784067253.json to Snowflake stage
[2026-07-15T03:53:48.332+0000] {logging_mixin.py:188} INFO - Uploaded /tmp/minio_downloads/1784067260.json to Snowflake stage
[2026-07-15T03:53:48.817+0000] {logging_mixin.py:188} INFO - Uploaded /tmp/minio_downloads/1784067267.json to Snowflake stage
[2026-07-15T03:53:49.224+0000] {logging_mixin.py:188} INFO - Uploaded /tmp/minio_downloads/1784067274.json to Snowflake stage
[2026-07-15T03:53:49.725+0000] {logging_mixin.py:188} INFO - Uploaded /tmp/minio_downloads/1784067281.json to Snowflake stage
[2026-07-15T03:53:50.142+0000] {logging_mixin.py:188} INFO - Uploaded /tmp/minio_downloads/1784067287.json to Snowflake stage
[2026-07-15T03:53:50.595+0000] {logging_mixin.py:188} INFO - Uploaded /tmp/minio_downloads/1784067294.json to Snowflake stage
[2026-07-15T03:53:50.993+0000] {logging_mixin.py:188} INFO - Uploaded /tmp/minio_downloads/1784067301.json to Snowflake stage
[2026-07-15T03:53:51.440+0000] {logging_mixin.py:188} INFO - Uploaded /tmp/minio_downloads/1784067308.json to Snowflake stage
[2026-07-15T03:53:51.899+0000] {logging_mixin.py:188} INFO - Uploaded /tmp/minio_downloads/1784067316.json to Snowflake stage
[2026-07-15T03:53:52.289+0000] {logging_mixin.py:188} INFO - Uploaded /tmp/minio_downloads/1784067323.json to Snowflake stage
[2026-07-15T03:53:52.751+0000] {logging_mixin.py:188} INFO - Uploaded /tmp/minio_downloads/1784067330.json to Snowflake stage
[2026-07-15T03:53:53.187+0000] {logging_mixin.py:188} INFO - Uploaded /tmp/minio_downloads/1784067336.json to Snowflake stage
[2026-07-15T03:53:53.577+0000] {logging_mixin.py:188} INFO - Uploaded /tmp/minio_downloads/1784067343.json to Snowflake stage
[2026-07-15T03:53:54.025+0000] {logging_mixin.py:188} INFO - Uploaded /tmp/minio_downloads/1784067350.json to Snowflake stage
[2026-07-15T03:53:54.464+0000] {logging_mixin.py:188} INFO - Uploaded /tmp/minio_downloads/1784067952.json to Snowflake stage
[2026-07-15T03:53:54.881+0000] {logging_mixin.py:188} INFO - Uploaded /tmp/minio_downloads/1784067959.json to Snowflake stage
[2026-07-15T03:53:55.293+0000] {logging_mixin.py:188} INFO - Uploaded /tmp/minio_downloads/1784067966.json to Snowflake stage
[2026-07-15T03:53:55.693+0000] {logging_mixin.py:188} INFO - Uploaded /tmp/minio_downloads/1784067972.json to Snowflake stage
[2026-07-15T03:53:56.118+0000] {logging_mixin.py:188} INFO - Uploaded /tmp/minio_downloads/1784067979.json to Snowflake stage
[2026-07-15T03:53:56.526+0000] {logging_mixin.py:188} INFO - Uploaded /tmp/minio_downloads/1784067986.json to Snowflake stage
[2026-07-15T03:53:57.013+0000] {logging_mixin.py:188} INFO - Uploaded /tmp/minio_downloads/1784067993.json to Snowflake stage
[2026-07-15T03:53:57.413+0000] {logging_mixin.py:188} INFO - Uploaded /tmp/minio_downloads/1784068000.json to Snowflake stage
[2026-07-15T03:53:57.859+0000] {logging_mixin.py:188} INFO - Uploaded /tmp/minio_downloads/1784068007.json to Snowflake stage
[2026-07-15T03:53:58.240+0000] {logging_mixin.py:188} INFO - Uploaded /tmp/minio_downloads/1784068014.json to Snowflake stage
[2026-07-15T03:53:58.658+0000] {logging_mixin.py:188} INFO - Uploaded /tmp/minio_downloads/1784068021.json to Snowflake stage
[2026-07-15T03:53:59.089+0000] {logging_mixin.py:188} INFO - Uploaded /tmp/minio_downloads/1784068028.json to Snowflake stage
[2026-07-15T03:53:59.539+0000] {logging_mixin.py:188} INFO - Uploaded /tmp/minio_downloads/1784068035.json to Snowflake stage
[2026-07-15T03:53:59.932+0000] {logging_mixin.py:188} INFO - Uploaded /tmp/minio_downloads/1784068041.json to Snowflake stage
[2026-07-15T03:54:00.354+0000] {logging_mixin.py:188} INFO - Uploaded /tmp/minio_downloads/1784068048.json to Snowflake stage
[2026-07-15T03:54:00.749+0000] {logging_mixin.py:188} INFO - Uploaded /tmp/minio_downloads/1784068055.json to Snowflake stage
[2026-07-15T03:54:01.144+0000] {logging_mixin.py:188} INFO - Uploaded /tmp/minio_downloads/1784068062.json to Snowflake stage
[2026-07-15T03:54:01.557+0000] {logging_mixin.py:188} INFO - Uploaded /tmp/minio_downloads/1784068069.json to Snowflake stage
[2026-07-15T03:54:02.009+0000] {logging_mixin.py:188} INFO - Uploaded /tmp/minio_downloads/1784068076.json to Snowflake stage
[2026-07-15T03:54:02.467+0000] {logging_mixin.py:188} INFO - Uploaded /tmp/minio_downloads/1784068083.json to Snowflake stage
[2026-07-15T03:54:02.886+0000] {logging_mixin.py:188} INFO - Uploaded /tmp/minio_downloads/1784068090.json to Snowflake stage
[2026-07-15T03:54:03.295+0000] {logging_mixin.py:188} INFO - Uploaded /tmp/minio_downloads/1784068097.json to Snowflake stage
[2026-07-15T03:54:03.758+0000] {logging_mixin.py:188} INFO - Uploaded /tmp/minio_downloads/1784068104.json to Snowflake stage
[2026-07-15T03:54:04.158+0000] {logging_mixin.py:188} INFO - Uploaded /tmp/minio_downloads/1784068111.json to Snowflake stage
[2026-07-15T03:54:04.577+0000] {logging_mixin.py:188} INFO - Uploaded /tmp/minio_downloads/1784068118.json to Snowflake stage
[2026-07-15T03:54:05.052+0000] {logging_mixin.py:188} INFO - Uploaded /tmp/minio_downloads/1784068124.json to Snowflake stage
[2026-07-15T03:54:05.484+0000] {logging_mixin.py:188} INFO - Uploaded /tmp/minio_downloads/1784068131.json to Snowflake stage
[2026-07-15T03:54:05.972+0000] {logging_mixin.py:188} INFO - Uploaded /tmp/minio_downloads/1784068138.json to Snowflake stage
[2026-07-15T03:54:06.373+0000] {logging_mixin.py:188} INFO - Uploaded /tmp/minio_downloads/1784068145.json to Snowflake stage
[2026-07-15T03:54:06.782+0000] {logging_mixin.py:188} INFO - Uploaded /tmp/minio_downloads/1784068152.json to Snowflake stage
[2026-07-15T03:54:07.210+0000] {logging_mixin.py:188} INFO - Uploaded /tmp/minio_downloads/1784068159.json to Snowflake stage
[2026-07-15T03:54:07.628+0000] {logging_mixin.py:188} INFO - Uploaded /tmp/minio_downloads/1784068166.json to Snowflake stage
[2026-07-15T03:54:08.056+0000] {logging_mixin.py:188} INFO - Uploaded /tmp/minio_downloads/1784068173.json to Snowflake stage
[2026-07-15T03:54:08.742+0000] {logging_mixin.py:188} INFO - Uploaded /tmp/minio_downloads/1784068180.json to Snowflake stage
[2026-07-15T03:54:09.178+0000] {logging_mixin.py:188} INFO - Uploaded /tmp/minio_downloads/1784068187.json to Snowflake stage
[2026-07-15T03:54:09.598+0000] {logging_mixin.py:188} INFO - Uploaded /tmp/minio_downloads/1784068194.json to Snowflake stage
[2026-07-15T03:54:10.006+0000] {logging_mixin.py:188} INFO - Uploaded /tmp/minio_downloads/1784068200.json to Snowflake stage
[2026-07-15T03:54:10.415+0000] {logging_mixin.py:188} INFO - Uploaded /tmp/minio_downloads/1784068207.json to Snowflake stage
[2026-07-15T03:54:10.839+0000] {logging_mixin.py:188} INFO - Uploaded /tmp/minio_downloads/1784068214.json to Snowflake stage
[2026-07-15T03:54:11.244+0000] {logging_mixin.py:188} INFO - Uploaded /tmp/minio_downloads/1784068221.json to Snowflake stage
[2026-07-15T03:54:11.695+0000] {logging_mixin.py:188} INFO - Uploaded /tmp/minio_downloads/1784068228.json to Snowflake stage
[2026-07-15T03:54:12.115+0000] {logging_mixin.py:188} INFO - Uploaded /tmp/minio_downloads/1784068235.json to Snowflake stage
[2026-07-15T03:54:12.533+0000] {logging_mixin.py:188} INFO - Uploaded /tmp/minio_downloads/1784068242.json to Snowflake stage
[2026-07-15T03:54:12.980+0000] {logging_mixin.py:188} INFO - Uploaded /tmp/minio_downloads/1784068249.json to Snowflake stage
[2026-07-15T03:54:13.502+0000] {logging_mixin.py:188} INFO - Uploaded /tmp/minio_downloads/1784068256.json to Snowflake stage
[2026-07-15T03:54:13.962+0000] {logging_mixin.py:188} INFO - Uploaded /tmp/minio_downloads/1784068263.json to Snowflake stage
[2026-07-15T03:54:14.376+0000] {logging_mixin.py:188} INFO - Uploaded /tmp/minio_downloads/1784068270.json to Snowflake stage
[2026-07-15T03:54:14.894+0000] {logging_mixin.py:188} INFO - Uploaded /tmp/minio_downloads/1784068276.json to Snowflake stage
[2026-07-15T03:54:15.309+0000] {logging_mixin.py:188} INFO - Uploaded /tmp/minio_downloads/1784068283.json to Snowflake stage
[2026-07-15T03:54:15.769+0000] {logging_mixin.py:188} INFO - Uploaded /tmp/minio_downloads/1784068290.json to Snowflake stage
[2026-07-15T03:54:16.178+0000] {logging_mixin.py:188} INFO - Uploaded /tmp/minio_downloads/1784068297.json to Snowflake stage
[2026-07-15T03:54:16.585+0000] {logging_mixin.py:188} INFO - Uploaded /tmp/minio_downloads/1784068304.json to Snowflake stage
[2026-07-15T03:54:17.029+0000] {logging_mixin.py:188} INFO - Uploaded /tmp/minio_downloads/1784068311.json to Snowflake stage
[2026-07-15T03:54:17.432+0000] {logging_mixin.py:188} INFO - Uploaded /tmp/minio_downloads/1784068318.json to Snowflake stage
[2026-07-15T03:54:17.839+0000] {logging_mixin.py:188} INFO - Uploaded /tmp/minio_downloads/1784068325.json to Snowflake stage
[2026-07-15T03:54:18.283+0000] {logging_mixin.py:188} INFO - Uploaded /tmp/minio_downloads/1784068332.json to Snowflake stage
[2026-07-15T03:54:18.683+0000] {logging_mixin.py:188} INFO - Uploaded /tmp/minio_downloads/1784068339.json to Snowflake stage
[2026-07-15T03:54:19.102+0000] {logging_mixin.py:188} INFO - Uploaded /tmp/minio_downloads/1784068346.json to Snowflake stage
[2026-07-15T03:54:19.517+0000] {logging_mixin.py:188} INFO - Uploaded /tmp/minio_downloads/1784068353.json to Snowflake stage
[2026-07-15T03:54:19.924+0000] {logging_mixin.py:188} INFO - Uploaded /tmp/minio_downloads/1784068359.json to Snowflake stage
[2026-07-15T03:54:20.375+0000] {logging_mixin.py:188} INFO - Uploaded /tmp/minio_downloads/1784068366.json to Snowflake stage
[2026-07-15T03:54:20.806+0000] {logging_mixin.py:188} INFO - Uploaded /tmp/minio_downloads/1784068373.json to Snowflake stage
[2026-07-15T03:54:21.235+0000] {logging_mixin.py:188} INFO - Uploaded /tmp/minio_downloads/1784068380.json to Snowflake stage
[2026-07-15T03:54:21.671+0000] {logging_mixin.py:188} INFO - Uploaded /tmp/minio_downloads/1784068387.json to Snowflake stage
[2026-07-15T03:54:22.152+0000] {logging_mixin.py:188} INFO - Uploaded /tmp/minio_downloads/1784068394.json to Snowflake stage
[2026-07-15T03:54:22.581+0000] {logging_mixin.py:188} INFO - Uploaded /tmp/minio_downloads/1784068401.json to Snowflake stage
[2026-07-15T03:54:22.971+0000] {logging_mixin.py:188} INFO - Uploaded /tmp/minio_downloads/1784068408.json to Snowflake stage
[2026-07-15T03:54:23.408+0000] {logging_mixin.py:188} INFO - Uploaded /tmp/minio_downloads/1784068415.json to Snowflake stage
[2026-07-15T03:54:23.825+0000] {logging_mixin.py:188} INFO - Uploaded /tmp/minio_downloads/1784068422.json to Snowflake stage
[2026-07-15T03:54:24.247+0000] {logging_mixin.py:188} INFO - Uploaded /tmp/minio_downloads/1784068429.json to Snowflake stage
[2026-07-15T03:54:24.688+0000] {logging_mixin.py:188} INFO - Uploaded /tmp/minio_downloads/1784068436.json to Snowflake stage
[2026-07-15T03:54:25.107+0000] {logging_mixin.py:188} INFO - Uploaded /tmp/minio_downloads/1784068443.json to Snowflake stage
[2026-07-15T03:54:25.512+0000] {logging_mixin.py:188} INFO - Uploaded /tmp/minio_downloads/1784068450.json to Snowflake stage
[2026-07-15T03:54:25.943+0000] {logging_mixin.py:188} INFO - Uploaded /tmp/minio_downloads/1784068457.json to Snowflake stage
[2026-07-15T03:54:26.361+0000] {logging_mixin.py:188} INFO - Uploaded /tmp/minio_downloads/1784068464.json to Snowflake stage
[2026-07-15T03:54:26.773+0000] {logging_mixin.py:188} INFO - Uploaded /tmp/minio_downloads/1784068471.json to Snowflake stage
[2026-07-15T03:54:27.180+0000] {logging_mixin.py:188} INFO - Uploaded /tmp/minio_downloads/1784068478.json to Snowflake stage
[2026-07-15T03:54:27.592+0000] {logging_mixin.py:188} INFO - Uploaded /tmp/minio_downloads/1784068484.json to Snowflake stage
[2026-07-15T03:54:28.014+0000] {logging_mixin.py:188} INFO - Uploaded /tmp/minio_downloads/1784068491.json to Snowflake stage
[2026-07-15T03:54:28.427+0000] {logging_mixin.py:188} INFO - Uploaded /tmp/minio_downloads/1784068498.json to Snowflake stage
[2026-07-15T03:54:28.846+0000] {logging_mixin.py:188} INFO - Uploaded /tmp/minio_downloads/1784068505.json to Snowflake stage
[2026-07-15T03:54:29.247+0000] {logging_mixin.py:188} INFO - Uploaded /tmp/minio_downloads/1784068512.json to Snowflake stage
[2026-07-15T03:54:29.659+0000] {logging_mixin.py:188} INFO - Uploaded /tmp/minio_downloads/1784068519.json to Snowflake stage
[2026-07-15T03:54:30.325+0000] {logging_mixin.py:188} INFO - Uploaded /tmp/minio_downloads/1784068526.json to Snowflake stage
[2026-07-15T03:54:30.745+0000] {logging_mixin.py:188} INFO - Uploaded /tmp/minio_downloads/1784068533.json to Snowflake stage
[2026-07-15T03:54:31.193+0000] {logging_mixin.py:188} INFO - Uploaded /tmp/minio_downloads/1784068540.json to Snowflake stage
[2026-07-15T03:54:31.605+0000] {logging_mixin.py:188} INFO - Uploaded /tmp/minio_downloads/1784068547.json to Snowflake stage
[2026-07-15T03:54:32.020+0000] {logging_mixin.py:188} INFO - Uploaded /tmp/minio_downloads/1784068554.json to Snowflake stage
[2026-07-15T03:54:32.414+0000] {logging_mixin.py:188} INFO - Uploaded /tmp/minio_downloads/1784068560.json to Snowflake stage
[2026-07-15T03:54:32.817+0000] {logging_mixin.py:188} INFO - Uploaded /tmp/minio_downloads/1784068567.json to Snowflake stage
[2026-07-15T03:54:33.267+0000] {logging_mixin.py:188} INFO - Uploaded /tmp/minio_downloads/1784068574.json to Snowflake stage
[2026-07-15T03:54:33.690+0000] {logging_mixin.py:188} INFO - Uploaded /tmp/minio_downloads/1784068581.json to Snowflake stage
[2026-07-15T03:54:34.124+0000] {logging_mixin.py:188} INFO - Uploaded /tmp/minio_downloads/1784068588.json to Snowflake stage
[2026-07-15T03:54:34.597+0000] {logging_mixin.py:188} INFO - Uploaded /tmp/minio_downloads/1784068595.json to Snowflake stage
[2026-07-15T03:54:35.121+0000] {logging_mixin.py:188} INFO - Uploaded /tmp/minio_downloads/1784068602.json to Snowflake stage
[2026-07-15T03:54:35.596+0000] {logging_mixin.py:188} INFO - Uploaded /tmp/minio_downloads/1784068609.json to Snowflake stage
[2026-07-15T03:54:36.003+0000] {logging_mixin.py:188} INFO - Uploaded /tmp/minio_downloads/1784068616.json to Snowflake stage
[2026-07-15T03:54:36.446+0000] {logging_mixin.py:188} INFO - Uploaded /tmp/minio_downloads/1784068623.json to Snowflake stage
[2026-07-15T03:54:36.846+0000] {logging_mixin.py:188} INFO - Uploaded /tmp/minio_downloads/1784068630.json to Snowflake stage
[2026-07-15T03:54:37.273+0000] {logging_mixin.py:188} INFO - Uploaded /tmp/minio_downloads/1784068637.json to Snowflake stage
[2026-07-15T03:54:37.696+0000] {logging_mixin.py:188} INFO - Uploaded /tmp/minio_downloads/1784068644.json to Snowflake stage
[2026-07-15T03:54:38.115+0000] {logging_mixin.py:188} INFO - Uploaded /tmp/minio_downloads/1784068650.json to Snowflake stage
[2026-07-15T03:54:38.517+0000] {logging_mixin.py:188} INFO - Uploaded /tmp/minio_downloads/1784068657.json to Snowflake stage
[2026-07-15T03:54:38.913+0000] {logging_mixin.py:188} INFO - Uploaded /tmp/minio_downloads/1784068664.json to Snowflake stage
[2026-07-15T03:54:39.367+0000] {logging_mixin.py:188} INFO - Uploaded /tmp/minio_downloads/1784068671.json to Snowflake stage
[2026-07-15T03:54:39.777+0000] {logging_mixin.py:188} INFO - Uploaded /tmp/minio_downloads/1784068678.json to Snowflake stage
[2026-07-15T03:54:40.183+0000] {logging_mixin.py:188} INFO - Uploaded /tmp/minio_downloads/1784068685.json to Snowflake stage
[2026-07-15T03:54:40.593+0000] {logging_mixin.py:188} INFO - Uploaded /tmp/minio_downloads/1784068692.json to Snowflake stage
[2026-07-15T03:54:40.991+0000] {logging_mixin.py:188} INFO - Uploaded /tmp/minio_downloads/1784068699.json to Snowflake stage
[2026-07-15T03:54:41.406+0000] {logging_mixin.py:188} INFO - Uploaded /tmp/minio_downloads/1784068705.json to Snowflake stage
[2026-07-15T03:54:41.830+0000] {logging_mixin.py:188} INFO - Uploaded /tmp/minio_downloads/1784068712.json to Snowflake stage
[2026-07-15T03:54:42.490+0000] {logging_mixin.py:188} INFO - Uploaded /tmp/minio_downloads/1784068719.json to Snowflake stage
[2026-07-15T03:54:42.916+0000] {logging_mixin.py:188} INFO - Uploaded /tmp/minio_downloads/1784068726.json to Snowflake stage
[2026-07-15T03:54:43.313+0000] {logging_mixin.py:188} INFO - Uploaded /tmp/minio_downloads/1784071996.json to Snowflake stage
[2026-07-15T03:54:43.721+0000] {logging_mixin.py:188} INFO - Uploaded /tmp/minio_downloads/1784072003.json to Snowflake stage
[2026-07-15T03:54:44.194+0000] {logging_mixin.py:188} INFO - Uploaded /tmp/minio_downloads/1784072010.json to Snowflake stage
[2026-07-15T03:54:44.672+0000] {logging_mixin.py:188} INFO - Uploaded /tmp/minio_downloads/1784072017.json to Snowflake stage
[2026-07-15T03:54:45.101+0000] {logging_mixin.py:188} INFO - Uploaded /tmp/minio_downloads/1784072024.json to Snowflake stage
[2026-07-15T03:54:45.518+0000] {logging_mixin.py:188} INFO - Uploaded /tmp/minio_downloads/1784072031.json to Snowflake stage
[2026-07-15T03:54:45.934+0000] {logging_mixin.py:188} INFO - Uploaded /tmp/minio_downloads/1784072038.json to Snowflake stage
[2026-07-15T03:54:46.345+0000] {logging_mixin.py:188} INFO - Uploaded /tmp/minio_downloads/1784072045.json to Snowflake stage
[2026-07-15T03:54:46.785+0000] {logging_mixin.py:188} INFO - Uploaded /tmp/minio_downloads/1784072051.json to Snowflake stage
[2026-07-15T03:54:47.186+0000] {logging_mixin.py:188} INFO - Uploaded /tmp/minio_downloads/1784072059.json to Snowflake stage
[2026-07-15T03:54:47.592+0000] {logging_mixin.py:188} INFO - Uploaded /tmp/minio_downloads/1784072065.json to Snowflake stage
[2026-07-15T03:54:48.026+0000] {logging_mixin.py:188} INFO - Uploaded /tmp/minio_downloads/1784072072.json to Snowflake stage
[2026-07-15T03:54:48.451+0000] {logging_mixin.py:188} INFO - Uploaded /tmp/minio_downloads/1784072079.json to Snowflake stage
[2026-07-15T03:54:48.894+0000] {logging_mixin.py:188} INFO - Uploaded /tmp/minio_downloads/1784072086.json to Snowflake stage
[2026-07-15T03:54:49.290+0000] {logging_mixin.py:188} INFO - Uploaded /tmp/minio_downloads/1784072093.json to Snowflake stage
[2026-07-15T03:54:49.706+0000] {logging_mixin.py:188} INFO - Uploaded /tmp/minio_downloads/1784072100.json to Snowflake stage
[2026-07-15T03:54:50.111+0000] {logging_mixin.py:188} INFO - Uploaded /tmp/minio_downloads/1784072106.json to Snowflake stage
[2026-07-15T03:54:50.566+0000] {logging_mixin.py:188} INFO - Uploaded /tmp/minio_downloads/1784072113.json to Snowflake stage
[2026-07-15T03:54:50.953+0000] {logging_mixin.py:188} INFO - Uploaded /tmp/minio_downloads/1784072120.json to Snowflake stage
[2026-07-15T03:54:51.359+0000] {logging_mixin.py:188} INFO - Uploaded /tmp/minio_downloads/1784072127.json to Snowflake stage
[2026-07-15T03:54:52.054+0000] {logging_mixin.py:188} INFO - Uploaded /tmp/minio_downloads/1784072134.json to Snowflake stage
[2026-07-15T03:54:52.473+0000] {logging_mixin.py:188} INFO - Uploaded /tmp/minio_downloads/1784072141.json to Snowflake stage
[2026-07-15T03:54:52.893+0000] {logging_mixin.py:188} INFO - Uploaded /tmp/minio_downloads/1784072148.json to Snowflake stage
[2026-07-15T03:54:53.314+0000] {logging_mixin.py:188} INFO - Uploaded /tmp/minio_downloads/1784072155.json to Snowflake stage
[2026-07-15T03:54:53.741+0000] {logging_mixin.py:188} INFO - Uploaded /tmp/minio_downloads/1784072161.json to Snowflake stage
[2026-07-15T03:54:54.203+0000] {logging_mixin.py:188} INFO - Uploaded /tmp/minio_downloads/1784072168.json to Snowflake stage
[2026-07-15T03:54:54.604+0000] {logging_mixin.py:188} INFO - Uploaded /tmp/minio_downloads/1784072175.json to Snowflake stage
[2026-07-15T03:54:55.020+0000] {logging_mixin.py:188} INFO - Uploaded /tmp/minio_downloads/1784072182.json to Snowflake stage
[2026-07-15T03:54:55.440+0000] {logging_mixin.py:188} INFO - Uploaded /tmp/minio_downloads/1784072189.json to Snowflake stage
[2026-07-15T03:54:55.883+0000] {logging_mixin.py:188} INFO - Uploaded /tmp/minio_downloads/1784072196.json to Snowflake stage
[2026-07-15T03:54:56.323+0000] {logging_mixin.py:188} INFO - Uploaded /tmp/minio_downloads/1784072203.json to Snowflake stage
[2026-07-15T03:54:56.740+0000] {logging_mixin.py:188} INFO - Uploaded /tmp/minio_downloads/1784072210.json to Snowflake stage
[2026-07-15T03:54:57.198+0000] {logging_mixin.py:188} INFO - Uploaded /tmp/minio_downloads/1784072217.json to Snowflake stage
[2026-07-15T03:54:57.619+0000] {logging_mixin.py:188} INFO - Uploaded /tmp/minio_downloads/1784072224.json to Snowflake stage
[2026-07-15T03:54:58.042+0000] {logging_mixin.py:188} INFO - Uploaded /tmp/minio_downloads/1784072231.json to Snowflake stage
[2026-07-15T03:54:58.470+0000] {logging_mixin.py:188} INFO - Uploaded /tmp/minio_downloads/1784072238.json to Snowflake stage
[2026-07-15T03:54:58.929+0000] {logging_mixin.py:188} INFO - Uploaded /tmp/minio_downloads/1784072245.json to Snowflake stage
[2026-07-15T03:54:59.373+0000] {logging_mixin.py:188} INFO - Uploaded /tmp/minio_downloads/1784072251.json to Snowflake stage
[2026-07-15T03:54:59.774+0000] {logging_mixin.py:188} INFO - Uploaded /tmp/minio_downloads/1784072259.json to Snowflake stage
[2026-07-15T03:55:00.182+0000] {logging_mixin.py:188} INFO - Uploaded /tmp/minio_downloads/1784072266.json to Snowflake stage
[2026-07-15T03:55:00.635+0000] {logging_mixin.py:188} INFO - Uploaded /tmp/minio_downloads/1784072273.json to Snowflake stage
[2026-07-15T03:55:01.036+0000] {logging_mixin.py:188} INFO - Uploaded /tmp/minio_downloads/1784072280.json to Snowflake stage
[2026-07-15T03:55:01.451+0000] {logging_mixin.py:188} INFO - Uploaded /tmp/minio_downloads/1784072286.json to Snowflake stage
[2026-07-15T03:55:01.887+0000] {logging_mixin.py:188} INFO - Uploaded /tmp/minio_downloads/1784072293.json to Snowflake stage
[2026-07-15T03:55:02.381+0000] {logging_mixin.py:188} INFO - Uploaded /tmp/minio_downloads/1784072300.json to Snowflake stage
[2026-07-15T03:55:02.806+0000] {logging_mixin.py:188} INFO - Uploaded /tmp/minio_downloads/1784072307.json to Snowflake stage
[2026-07-15T03:55:03.226+0000] {logging_mixin.py:188} INFO - Uploaded /tmp/minio_downloads/1784072314.json to Snowflake stage
[2026-07-15T03:55:03.661+0000] {logging_mixin.py:188} INFO - Uploaded /tmp/minio_downloads/1784072321.json to Snowflake stage
[2026-07-15T03:55:04.080+0000] {logging_mixin.py:188} INFO - Uploaded /tmp/minio_downloads/1784072328.json to Snowflake stage
[2026-07-15T03:55:04.500+0000] {logging_mixin.py:188} INFO - Uploaded /tmp/minio_downloads/1784072334.json to Snowflake stage
[2026-07-15T03:55:04.908+0000] {logging_mixin.py:188} INFO - Uploaded /tmp/minio_downloads/1784072341.json to Snowflake stage
[2026-07-15T03:55:05.353+0000] {logging_mixin.py:188} INFO - Uploaded /tmp/minio_downloads/1784072348.json to Snowflake stage
[2026-07-15T03:55:05.776+0000] {logging_mixin.py:188} INFO - Uploaded /tmp/minio_downloads/1784072355.json to Snowflake stage
[2026-07-15T03:55:06.215+0000] {logging_mixin.py:188} INFO - Uploaded /tmp/minio_downloads/1784072362.json to Snowflake stage
[2026-07-15T03:55:06.623+0000] {logging_mixin.py:188} INFO - Uploaded /tmp/minio_downloads/1784072369.json to Snowflake stage
[2026-07-15T03:55:07.068+0000] {logging_mixin.py:188} INFO - Uploaded /tmp/minio_downloads/1784072376.json to Snowflake stage
[2026-07-15T03:55:07.482+0000] {logging_mixin.py:188} INFO - Uploaded /tmp/minio_downloads/1784072383.json to Snowflake stage
[2026-07-15T03:55:07.942+0000] {logging_mixin.py:188} INFO - Uploaded /tmp/minio_downloads/1784072390.json to Snowflake stage
[2026-07-15T03:55:08.357+0000] {logging_mixin.py:188} INFO - Uploaded /tmp/minio_downloads/1784072396.json to Snowflake stage
[2026-07-15T03:55:08.849+0000] {logging_mixin.py:188} INFO - Uploaded /tmp/minio_downloads/1784072403.json to Snowflake stage
[2026-07-15T03:55:09.306+0000] {logging_mixin.py:188} INFO - Uploaded /tmp/minio_downloads/1784072410.json to Snowflake stage
[2026-07-15T03:55:09.721+0000] {logging_mixin.py:188} INFO - Uploaded /tmp/minio_downloads/1784072417.json to Snowflake stage
[2026-07-15T03:55:10.133+0000] {logging_mixin.py:188} INFO - Uploaded /tmp/minio_downloads/1784072424.json to Snowflake stage
[2026-07-15T03:55:10.542+0000] {logging_mixin.py:188} INFO - Uploaded /tmp/minio_downloads/1784072431.json to Snowflake stage
[2026-07-15T03:55:10.971+0000] {logging_mixin.py:188} INFO - Uploaded /tmp/minio_downloads/1784072438.json to Snowflake stage
[2026-07-15T03:55:11.366+0000] {logging_mixin.py:188} INFO - Uploaded /tmp/minio_downloads/1784072445.json to Snowflake stage
[2026-07-15T03:55:11.777+0000] {logging_mixin.py:188} INFO - Uploaded /tmp/minio_downloads/1784072452.json to Snowflake stage
[2026-07-15T03:55:12.173+0000] {logging_mixin.py:188} INFO - Uploaded /tmp/minio_downloads/1784072459.json to Snowflake stage
[2026-07-15T03:55:12.588+0000] {logging_mixin.py:188} INFO - Uploaded /tmp/minio_downloads/1784072466.json to Snowflake stage
[2026-07-15T03:55:13.007+0000] {logging_mixin.py:188} INFO - Uploaded /tmp/minio_downloads/1784072473.json to Snowflake stage
[2026-07-15T03:55:13.708+0000] {logging_mixin.py:188} INFO - Uploaded /tmp/minio_downloads/1784072480.json to Snowflake stage
[2026-07-15T03:55:14.117+0000] {logging_mixin.py:188} INFO - Uploaded /tmp/minio_downloads/1784072486.json to Snowflake stage
[2026-07-15T03:55:14.532+0000] {logging_mixin.py:188} INFO - Uploaded /tmp/minio_downloads/1784072493.json to Snowflake stage
[2026-07-15T03:55:14.941+0000] {logging_mixin.py:188} INFO - Uploaded /tmp/minio_downloads/1784072500.json to Snowflake stage
[2026-07-15T03:55:15.342+0000] {logging_mixin.py:188} INFO - Uploaded /tmp/minio_downloads/1784072507.json to Snowflake stage
[2026-07-15T03:55:15.782+0000] {logging_mixin.py:188} INFO - Uploaded /tmp/minio_downloads/1784072514.json to Snowflake stage
[2026-07-15T03:55:16.243+0000] {logging_mixin.py:188} INFO - Uploaded /tmp/minio_downloads/1784072521.json to Snowflake stage
[2026-07-15T03:55:16.658+0000] {logging_mixin.py:188} INFO - Uploaded /tmp/minio_downloads/1784072528.json to Snowflake stage
[2026-07-15T03:55:17.079+0000] {logging_mixin.py:188} INFO - Uploaded /tmp/minio_downloads/1784072535.json to Snowflake stage
[2026-07-15T03:55:17.488+0000] {logging_mixin.py:188} INFO - Uploaded /tmp/minio_downloads/1784072542.json to Snowflake stage
[2026-07-15T03:55:17.903+0000] {logging_mixin.py:188} INFO - Uploaded /tmp/minio_downloads/1784072549.json to Snowflake stage
[2026-07-15T03:55:18.303+0000] {logging_mixin.py:188} INFO - Uploaded /tmp/minio_downloads/1784072556.json to Snowflake stage
[2026-07-15T03:55:18.712+0000] {logging_mixin.py:188} INFO - Uploaded /tmp/minio_downloads/1784072563.json to Snowflake stage
[2026-07-15T03:55:19.105+0000] {logging_mixin.py:188} INFO - Uploaded /tmp/minio_downloads/1784072569.json to Snowflake stage
[2026-07-15T03:55:19.553+0000] {logging_mixin.py:188} INFO - Uploaded /tmp/minio_downloads/1784072576.json to Snowflake stage
[2026-07-15T03:55:20.097+0000] {logging_mixin.py:188} INFO - Uploaded /tmp/minio_downloads/1784072583.json to Snowflake stage
[2026-07-15T03:55:20.519+0000] {logging_mixin.py:188} INFO - Uploaded /tmp/minio_downloads/1784072590.json to Snowflake stage
[2026-07-15T03:55:20.920+0000] {logging_mixin.py:188} INFO - Uploaded /tmp/minio_downloads/1784072597.json to Snowflake stage
[2026-07-15T03:55:21.348+0000] {logging_mixin.py:188} INFO - Uploaded /tmp/minio_downloads/1784072604.json to Snowflake stage
[2026-07-15T03:55:21.772+0000] {logging_mixin.py:188} INFO - Uploaded /tmp/minio_downloads/1784072611.json to Snowflake stage
[2026-07-15T03:55:22.183+0000] {logging_mixin.py:188} INFO - Uploaded /tmp/minio_downloads/1784072618.json to Snowflake stage
[2026-07-15T03:55:22.601+0000] {logging_mixin.py:188} INFO - Uploaded /tmp/minio_downloads/1784072624.json to Snowflake stage
[2026-07-15T03:55:23.034+0000] {logging_mixin.py:188} INFO - Uploaded /tmp/minio_downloads/1784072631.json to Snowflake stage
[2026-07-15T03:55:23.434+0000] {logging_mixin.py:188} INFO - Uploaded /tmp/minio_downloads/1784072638.json to Snowflake stage
[2026-07-15T03:55:23.876+0000] {logging_mixin.py:188} INFO - Uploaded /tmp/minio_downloads/1784072645.json to Snowflake stage
[2026-07-15T03:55:24.320+0000] {logging_mixin.py:188} INFO - Uploaded /tmp/minio_downloads/1784072652.json to Snowflake stage
[2026-07-15T03:55:24.790+0000] {logging_mixin.py:188} INFO - Uploaded /tmp/minio_downloads/1784072659.json to Snowflake stage
[2026-07-15T03:55:25.193+0000] {logging_mixin.py:188} INFO - Uploaded /tmp/minio_downloads/1784072666.json to Snowflake stage
[2026-07-15T03:55:25.633+0000] {logging_mixin.py:188} INFO - Uploaded /tmp/minio_downloads/1784072673.json to Snowflake stage
[2026-07-15T03:55:26.083+0000] {logging_mixin.py:188} INFO - Uploaded /tmp/minio_downloads/1784072680.json to Snowflake stage
[2026-07-15T03:55:26.515+0000] {logging_mixin.py:188} INFO - Uploaded /tmp/minio_downloads/1784072687.json to Snowflake stage
[2026-07-15T03:55:26.910+0000] {logging_mixin.py:188} INFO - Uploaded /tmp/minio_downloads/1784072694.json to Snowflake stage
[2026-07-15T03:55:27.338+0000] {logging_mixin.py:188} INFO - Uploaded /tmp/minio_downloads/1784072700.json to Snowflake stage
[2026-07-15T03:55:27.732+0000] {logging_mixin.py:188} INFO - Uploaded /tmp/minio_downloads/1784072707.json to Snowflake stage
[2026-07-15T03:55:28.135+0000] {logging_mixin.py:188} INFO - Uploaded /tmp/minio_downloads/1784072714.json to Snowflake stage
[2026-07-15T03:55:28.541+0000] {logging_mixin.py:188} INFO - Uploaded /tmp/minio_downloads/1784072721.json to Snowflake stage
[2026-07-15T03:55:29.160+0000] {logging_mixin.py:188} INFO - Uploaded /tmp/minio_downloads/1784072728.json to Snowflake stage
[2026-07-15T03:55:29.561+0000] {logging_mixin.py:188} INFO - Uploaded /tmp/minio_downloads/1784072735.json to Snowflake stage
[2026-07-15T03:55:29.972+0000] {logging_mixin.py:188} INFO - Uploaded /tmp/minio_downloads/1784072742.json to Snowflake stage
[2026-07-15T03:55:30.408+0000] {logging_mixin.py:188} INFO - Uploaded /tmp/minio_downloads/1784072749.json to Snowflake stage
[2026-07-15T03:55:30.790+0000] {logging_mixin.py:188} INFO - Uploaded /tmp/minio_downloads/1784072756.json to Snowflake stage
[2026-07-15T03:55:31.188+0000] {logging_mixin.py:188} INFO - Uploaded /tmp/minio_downloads/1784072763.json to Snowflake stage
[2026-07-15T03:55:31.598+0000] {logging_mixin.py:188} INFO - Uploaded /tmp/minio_downloads/1784072769.json to Snowflake stage
[2026-07-15T03:55:32.011+0000] {logging_mixin.py:188} INFO - Uploaded /tmp/minio_downloads/1784072776.json to Snowflake stage
[2026-07-15T03:55:32.411+0000] {logging_mixin.py:188} INFO - Uploaded /tmp/minio_downloads/1784072783.json to Snowflake stage
[2026-07-15T03:55:32.824+0000] {logging_mixin.py:188} INFO - Uploaded /tmp/minio_downloads/1784072791.json to Snowflake stage
[2026-07-15T03:55:33.245+0000] {logging_mixin.py:188} INFO - Uploaded /tmp/minio_downloads/1784072798.json to Snowflake stage
[2026-07-15T03:55:33.655+0000] {logging_mixin.py:188} INFO - Uploaded /tmp/minio_downloads/1784072804.json to Snowflake stage
[2026-07-15T03:55:34.077+0000] {logging_mixin.py:188} INFO - Uploaded /tmp/minio_downloads/1784072811.json to Snowflake stage
[2026-07-15T03:55:34.488+0000] {logging_mixin.py:188} INFO - Uploaded /tmp/minio_downloads/1784072890.json to Snowflake stage
[2026-07-15T03:55:35.190+0000] {logging_mixin.py:188} INFO - Uploaded /tmp/minio_downloads/1784072897.json to Snowflake stage
[2026-07-15T03:55:35.979+0000] {logging_mixin.py:188} INFO - Uploaded /tmp/minio_downloads/1784072904.json to Snowflake stage
[2026-07-15T03:55:36.392+0000] {logging_mixin.py:188} INFO - Uploaded /tmp/minio_downloads/1784072910.json to Snowflake stage
[2026-07-15T03:55:36.810+0000] {logging_mixin.py:188} INFO - Uploaded /tmp/minio_downloads/1784072917.json to Snowflake stage
[2026-07-15T03:55:37.230+0000] {logging_mixin.py:188} INFO - Uploaded /tmp/minio_downloads/1784072924.json to Snowflake stage
[2026-07-15T03:55:37.685+0000] {logging_mixin.py:188} INFO - Uploaded /tmp/minio_downloads/1784072931.json to Snowflake stage
[2026-07-15T03:55:38.092+0000] {logging_mixin.py:188} INFO - Uploaded /tmp/minio_downloads/1784072938.json to Snowflake stage
[2026-07-15T03:55:38.520+0000] {logging_mixin.py:188} INFO - Uploaded /tmp/minio_downloads/1784072945.json to Snowflake stage
[2026-07-15T03:55:38.984+0000] {logging_mixin.py:188} INFO - Uploaded /tmp/minio_downloads/1784072952.json to Snowflake stage
[2026-07-15T03:55:39.403+0000] {logging_mixin.py:188} INFO - Uploaded /tmp/minio_downloads/1784072959.json to Snowflake stage
[2026-07-15T03:55:39.813+0000] {logging_mixin.py:188} INFO - Uploaded /tmp/minio_downloads/1784072966.json to Snowflake stage
[2026-07-15T03:55:40.213+0000] {logging_mixin.py:188} INFO - Uploaded /tmp/minio_downloads/1784072973.json to Snowflake stage
[2026-07-15T03:55:40.614+0000] {logging_mixin.py:188} INFO - Uploaded /tmp/minio_downloads/1784072980.json to Snowflake stage
[2026-07-15T03:55:41.052+0000] {logging_mixin.py:188} INFO - Uploaded /tmp/minio_downloads/1784072987.json to Snowflake stage
[2026-07-15T03:55:41.446+0000] {logging_mixin.py:188} INFO - Uploaded /tmp/minio_downloads/1784072994.json to Snowflake stage
[2026-07-15T03:55:41.859+0000] {logging_mixin.py:188} INFO - Uploaded /tmp/minio_downloads/1784073000.json to Snowflake stage
[2026-07-15T03:55:42.265+0000] {logging_mixin.py:188} INFO - Uploaded /tmp/minio_downloads/1784073007.json to Snowflake stage
[2026-07-15T03:55:42.670+0000] {logging_mixin.py:188} INFO - Uploaded /tmp/minio_downloads/1784073014.json to Snowflake stage
[2026-07-15T03:55:43.073+0000] {logging_mixin.py:188} INFO - Uploaded /tmp/minio_downloads/1784073021.json to Snowflake stage
[2026-07-15T03:55:43.486+0000] {logging_mixin.py:188} INFO - Uploaded /tmp/minio_downloads/1784073028.json to Snowflake stage
[2026-07-15T03:55:43.918+0000] {logging_mixin.py:188} INFO - Uploaded /tmp/minio_downloads/1784073035.json to Snowflake stage
[2026-07-15T03:55:44.307+0000] {logging_mixin.py:188} INFO - Uploaded /tmp/minio_downloads/1784073042.json to Snowflake stage
[2026-07-15T03:55:44.701+0000] {logging_mixin.py:188} INFO - Uploaded /tmp/minio_downloads/1784073049.json to Snowflake stage
[2026-07-15T03:55:45.191+0000] {logging_mixin.py:188} INFO - Uploaded /tmp/minio_downloads/1784073056.json to Snowflake stage
[2026-07-15T03:55:45.648+0000] {logging_mixin.py:188} INFO - Uploaded /tmp/minio_downloads/1784073062.json to Snowflake stage
[2026-07-15T03:55:46.061+0000] {logging_mixin.py:188} INFO - Uploaded /tmp/minio_downloads/1784073069.json to Snowflake stage
[2026-07-15T03:55:46.486+0000] {logging_mixin.py:188} INFO - Uploaded /tmp/minio_downloads/1784073076.json to Snowflake stage
[2026-07-15T03:55:46.899+0000] {logging_mixin.py:188} INFO - Uploaded /tmp/minio_downloads/1784073083.json to Snowflake stage
[2026-07-15T03:55:47.292+0000] {logging_mixin.py:188} INFO - Uploaded /tmp/minio_downloads/1784073090.json to Snowflake stage
[2026-07-15T03:55:47.697+0000] {logging_mixin.py:188} INFO - Uploaded /tmp/minio_downloads/1784073097.json to Snowflake stage
[2026-07-15T03:55:48.140+0000] {logging_mixin.py:188} INFO - Uploaded /tmp/minio_downloads/1784073104.json to Snowflake stage
[2026-07-15T03:55:48.617+0000] {logging_mixin.py:188} INFO - Uploaded /tmp/minio_downloads/1784073111.json to Snowflake stage
[2026-07-15T03:55:49.042+0000] {logging_mixin.py:188} INFO - Uploaded /tmp/minio_downloads/1784073118.json to Snowflake stage
[2026-07-15T03:55:49.487+0000] {logging_mixin.py:188} INFO - Uploaded /tmp/minio_downloads/1784073124.json to Snowflake stage
[2026-07-15T03:55:49.943+0000] {logging_mixin.py:188} INFO - Uploaded /tmp/minio_downloads/1784073131.json to Snowflake stage
[2026-07-15T03:55:50.401+0000] {logging_mixin.py:188} INFO - Uploaded /tmp/minio_downloads/1784073138.json to Snowflake stage
[2026-07-15T03:55:50.799+0000] {logging_mixin.py:188} INFO - Uploaded /tmp/minio_downloads/1784073145.json to Snowflake stage
[2026-07-15T03:55:51.193+0000] {logging_mixin.py:188} INFO - Uploaded /tmp/minio_downloads/1784073152.json to Snowflake stage
[2026-07-15T03:55:51.606+0000] {logging_mixin.py:188} INFO - Uploaded /tmp/minio_downloads/1784073159.json to Snowflake stage
[2026-07-15T03:55:52.034+0000] {logging_mixin.py:188} INFO - Uploaded /tmp/minio_downloads/1784073166.json to Snowflake stage
[2026-07-15T03:55:52.472+0000] {logging_mixin.py:188} INFO - Uploaded /tmp/minio_downloads/1784073173.json to Snowflake stage
[2026-07-15T03:55:52.880+0000] {logging_mixin.py:188} INFO - Uploaded /tmp/minio_downloads/1784073180.json to Snowflake stage
[2026-07-15T03:55:53.309+0000] {logging_mixin.py:188} INFO - Uploaded /tmp/minio_downloads/1784073186.json to Snowflake stage
[2026-07-15T03:55:53.770+0000] {logging_mixin.py:188} INFO - Uploaded /tmp/minio_downloads/1784073193.json to Snowflake stage
[2026-07-15T03:55:54.194+0000] {logging_mixin.py:188} INFO - Uploaded /tmp/minio_downloads/1784073200.json to Snowflake stage
[2026-07-15T03:55:54.613+0000] {logging_mixin.py:188} INFO - Uploaded /tmp/minio_downloads/1784073207.json to Snowflake stage
[2026-07-15T03:55:55.006+0000] {logging_mixin.py:188} INFO - Uploaded /tmp/minio_downloads/1784073214.json to Snowflake stage
[2026-07-15T03:55:55.402+0000] {logging_mixin.py:188} INFO - Uploaded /tmp/minio_downloads/1784073221.json to Snowflake stage
[2026-07-15T03:55:55.844+0000] {logging_mixin.py:188} INFO - Uploaded /tmp/minio_downloads/1784073228.json to Snowflake stage
[2026-07-15T03:55:56.265+0000] {logging_mixin.py:188} INFO - Uploaded /tmp/minio_downloads/1784073235.json to Snowflake stage
[2026-07-15T03:55:56.970+0000] {logging_mixin.py:188} INFO - Uploaded /tmp/minio_downloads/1784073241.json to Snowflake stage
[2026-07-15T03:55:57.399+0000] {logging_mixin.py:188} INFO - Uploaded /tmp/minio_downloads/1784073248.json to Snowflake stage
[2026-07-15T03:55:57.813+0000] {logging_mixin.py:188} INFO - Uploaded /tmp/minio_downloads/1784073255.json to Snowflake stage
[2026-07-15T03:55:58.240+0000] {logging_mixin.py:188} INFO - Uploaded /tmp/minio_downloads/1784073262.json to Snowflake stage
[2026-07-15T03:55:58.658+0000] {logging_mixin.py:188} INFO - Uploaded /tmp/minio_downloads/1784073269.json to Snowflake stage
[2026-07-15T03:55:59.086+0000] {logging_mixin.py:188} INFO - Uploaded /tmp/minio_downloads/1784073276.json to Snowflake stage
[2026-07-15T03:55:59.513+0000] {logging_mixin.py:188} INFO - Uploaded /tmp/minio_downloads/1784073283.json to Snowflake stage
[2026-07-15T03:55:59.969+0000] {logging_mixin.py:188} INFO - Uploaded /tmp/minio_downloads/1784073290.json to Snowflake stage
[2026-07-15T03:56:00.423+0000] {logging_mixin.py:188} INFO - Uploaded /tmp/minio_downloads/1784073297.json to Snowflake stage
[2026-07-15T03:56:00.842+0000] {logging_mixin.py:188} INFO - Uploaded /tmp/minio_downloads/1784073304.json to Snowflake stage
[2026-07-15T03:56:01.247+0000] {logging_mixin.py:188} INFO - Uploaded /tmp/minio_downloads/1784073311.json to Snowflake stage
[2026-07-15T03:56:01.679+0000] {logging_mixin.py:188} INFO - Uploaded /tmp/minio_downloads/1784073318.json to Snowflake stage
[2026-07-15T03:56:02.078+0000] {logging_mixin.py:188} INFO - Uploaded /tmp/minio_downloads/1784073325.json to Snowflake stage
[2026-07-15T03:56:02.492+0000] {logging_mixin.py:188} INFO - Uploaded /tmp/minio_downloads/1784073332.json to Snowflake stage
[2026-07-15T03:56:02.908+0000] {logging_mixin.py:188} INFO - Uploaded /tmp/minio_downloads/1783903076.json to Snowflake stage
[2026-07-15T03:56:03.345+0000] {logging_mixin.py:188} INFO - Uploaded /tmp/minio_downloads/1783903083.json to Snowflake stage
[2026-07-15T03:56:03.748+0000] {logging_mixin.py:188} INFO - Uploaded /tmp/minio_downloads/1784067254.json to Snowflake stage
[2026-07-15T03:56:04.154+0000] {logging_mixin.py:188} INFO - Uploaded /tmp/minio_downloads/1784067261.json to Snowflake stage
[2026-07-15T03:56:04.569+0000] {logging_mixin.py:188} INFO - Uploaded /tmp/minio_downloads/1784067267.json to Snowflake stage
[2026-07-15T03:56:04.982+0000] {logging_mixin.py:188} INFO - Uploaded /tmp/minio_downloads/1784067274.json to Snowflake stage
[2026-07-15T03:56:05.432+0000] {logging_mixin.py:188} INFO - Uploaded /tmp/minio_downloads/1784067281.json to Snowflake stage
[2026-07-15T03:56:05.890+0000] {logging_mixin.py:188} INFO - Uploaded /tmp/minio_downloads/1784067288.json to Snowflake stage
[2026-07-15T03:56:06.314+0000] {logging_mixin.py:188} INFO - Uploaded /tmp/minio_downloads/1784067295.json to Snowflake stage
[2026-07-15T03:56:06.752+0000] {logging_mixin.py:188} INFO - Uploaded /tmp/minio_downloads/1784067302.json to Snowflake stage
[2026-07-15T03:56:07.170+0000] {logging_mixin.py:188} INFO - Uploaded /tmp/minio_downloads/1784067309.json to Snowflake stage
[2026-07-15T03:56:07.785+0000] {logging_mixin.py:188} INFO - Uploaded /tmp/minio_downloads/1784067316.json to Snowflake stage
[2026-07-15T03:56:08.202+0000] {logging_mixin.py:188} INFO - Uploaded /tmp/minio_downloads/1784067323.json to Snowflake stage
[2026-07-15T03:56:08.603+0000] {logging_mixin.py:188} INFO - Uploaded /tmp/minio_downloads/1784067330.json to Snowflake stage
[2026-07-15T03:56:09.015+0000] {logging_mixin.py:188} INFO - Uploaded /tmp/minio_downloads/1784067337.json to Snowflake stage
[2026-07-15T03:56:09.420+0000] {logging_mixin.py:188} INFO - Uploaded /tmp/minio_downloads/1784067344.json to Snowflake stage
[2026-07-15T03:56:09.840+0000] {logging_mixin.py:188} INFO - Uploaded /tmp/minio_downloads/1784067351.json to Snowflake stage
[2026-07-15T03:56:10.273+0000] {logging_mixin.py:188} INFO - Uploaded /tmp/minio_downloads/1784067953.json to Snowflake stage
[2026-07-15T03:56:10.682+0000] {logging_mixin.py:188} INFO - Uploaded /tmp/minio_downloads/1784067959.json to Snowflake stage
[2026-07-15T03:56:11.090+0000] {logging_mixin.py:188} INFO - Uploaded /tmp/minio_downloads/1784067966.json to Snowflake stage
[2026-07-15T03:56:11.519+0000] {logging_mixin.py:188} INFO - Uploaded /tmp/minio_downloads/1784067973.json to Snowflake stage
[2026-07-15T03:56:11.976+0000] {logging_mixin.py:188} INFO - Uploaded /tmp/minio_downloads/1784067980.json to Snowflake stage
[2026-07-15T03:56:12.383+0000] {logging_mixin.py:188} INFO - Uploaded /tmp/minio_downloads/1784067987.json to Snowflake stage
[2026-07-15T03:56:12.816+0000] {logging_mixin.py:188} INFO - Uploaded /tmp/minio_downloads/1784067994.json to Snowflake stage
[2026-07-15T03:56:13.229+0000] {logging_mixin.py:188} INFO - Uploaded /tmp/minio_downloads/1784068001.json to Snowflake stage
[2026-07-15T03:56:13.642+0000] {logging_mixin.py:188} INFO - Uploaded /tmp/minio_downloads/1784068008.json to Snowflake stage
[2026-07-15T03:56:14.042+0000] {logging_mixin.py:188} INFO - Uploaded /tmp/minio_downloads/1784068014.json to Snowflake stage
[2026-07-15T03:56:14.441+0000] {logging_mixin.py:188} INFO - Uploaded /tmp/minio_downloads/1784068021.json to Snowflake stage
[2026-07-15T03:56:14.855+0000] {logging_mixin.py:188} INFO - Uploaded /tmp/minio_downloads/1784068028.json to Snowflake stage
[2026-07-15T03:56:15.336+0000] {logging_mixin.py:188} INFO - Uploaded /tmp/minio_downloads/1784068035.json to Snowflake stage
[2026-07-15T03:56:15.738+0000] {logging_mixin.py:188} INFO - Uploaded /tmp/minio_downloads/1784068042.json to Snowflake stage
[2026-07-15T03:56:16.137+0000] {logging_mixin.py:188} INFO - Uploaded /tmp/minio_downloads/1784068049.json to Snowflake stage
[2026-07-15T03:56:16.547+0000] {logging_mixin.py:188} INFO - Uploaded /tmp/minio_downloads/1784068056.json to Snowflake stage
[2026-07-15T03:56:16.949+0000] {logging_mixin.py:188} INFO - Uploaded /tmp/minio_downloads/1784068063.json to Snowflake stage
[2026-07-15T03:56:17.409+0000] {logging_mixin.py:188} INFO - Uploaded /tmp/minio_downloads/1784068070.json to Snowflake stage
[2026-07-15T03:56:17.828+0000] {logging_mixin.py:188} INFO - Uploaded /tmp/minio_downloads/1784068077.json to Snowflake stage
[2026-07-15T03:56:18.530+0000] {logging_mixin.py:188} INFO - Uploaded /tmp/minio_downloads/1784068084.json to Snowflake stage
[2026-07-15T03:56:18.929+0000] {logging_mixin.py:188} INFO - Uploaded /tmp/minio_downloads/1784068091.json to Snowflake stage
[2026-07-15T03:56:19.367+0000] {logging_mixin.py:188} INFO - Uploaded /tmp/minio_downloads/1784068098.json to Snowflake stage
[2026-07-15T03:56:19.761+0000] {logging_mixin.py:188} INFO - Uploaded /tmp/minio_downloads/1784068105.json to Snowflake stage
[2026-07-15T03:56:20.176+0000] {logging_mixin.py:188} INFO - Uploaded /tmp/minio_downloads/1784068111.json to Snowflake stage
[2026-07-15T03:56:20.621+0000] {logging_mixin.py:188} INFO - Uploaded /tmp/minio_downloads/1784068118.json to Snowflake stage
[2026-07-15T03:56:21.083+0000] {logging_mixin.py:188} INFO - Uploaded /tmp/minio_downloads/1784068125.json to Snowflake stage
[2026-07-15T03:56:21.488+0000] {logging_mixin.py:188} INFO - Uploaded /tmp/minio_downloads/1784068132.json to Snowflake stage
[2026-07-15T03:56:21.887+0000] {logging_mixin.py:188} INFO - Uploaded /tmp/minio_downloads/1784068139.json to Snowflake stage
[2026-07-15T03:56:22.317+0000] {logging_mixin.py:188} INFO - Uploaded /tmp/minio_downloads/1784068146.json to Snowflake stage
[2026-07-15T03:56:22.709+0000] {logging_mixin.py:188} INFO - Uploaded /tmp/minio_downloads/1784068153.json to Snowflake stage
[2026-07-15T03:56:23.127+0000] {logging_mixin.py:188} INFO - Uploaded /tmp/minio_downloads/1784068160.json to Snowflake stage
[2026-07-15T03:56:23.525+0000] {logging_mixin.py:188} INFO - Uploaded /tmp/minio_downloads/1784068167.json to Snowflake stage
[2026-07-15T03:56:23.945+0000] {logging_mixin.py:188} INFO - Uploaded /tmp/minio_downloads/1784068174.json to Snowflake stage
[2026-07-15T03:56:24.350+0000] {logging_mixin.py:188} INFO - Uploaded /tmp/minio_downloads/1784068180.json to Snowflake stage
[2026-07-15T03:56:24.748+0000] {logging_mixin.py:188} INFO - Uploaded /tmp/minio_downloads/1784068187.json to Snowflake stage
[2026-07-15T03:56:25.175+0000] {logging_mixin.py:188} INFO - Uploaded /tmp/minio_downloads/1784068194.json to Snowflake stage
[2026-07-15T03:56:25.583+0000] {logging_mixin.py:188} INFO - Uploaded /tmp/minio_downloads/1784068201.json to Snowflake stage
[2026-07-15T03:56:26.016+0000] {logging_mixin.py:188} INFO - Uploaded /tmp/minio_downloads/1784068208.json to Snowflake stage
[2026-07-15T03:56:26.457+0000] {logging_mixin.py:188} INFO - Uploaded /tmp/minio_downloads/1784068215.json to Snowflake stage
[2026-07-15T03:56:26.862+0000] {logging_mixin.py:188} INFO - Uploaded /tmp/minio_downloads/1784068222.json to Snowflake stage
[2026-07-15T03:56:27.286+0000] {logging_mixin.py:188} INFO - Uploaded /tmp/minio_downloads/1784068229.json to Snowflake stage
[2026-07-15T03:56:27.699+0000] {logging_mixin.py:188} INFO - Uploaded /tmp/minio_downloads/1784068236.json to Snowflake stage
[2026-07-15T03:56:28.134+0000] {logging_mixin.py:188} INFO - Uploaded /tmp/minio_downloads/1784068243.json to Snowflake stage
[2026-07-15T03:56:28.624+0000] {logging_mixin.py:188} INFO - Uploaded /tmp/minio_downloads/1784068249.json to Snowflake stage
[2026-07-15T03:56:29.055+0000] {logging_mixin.py:188} INFO - Uploaded /tmp/minio_downloads/1784068256.json to Snowflake stage
[2026-07-15T03:56:29.472+0000] {logging_mixin.py:188} INFO - Uploaded /tmp/minio_downloads/1784068263.json to Snowflake stage
[2026-07-15T03:56:29.889+0000] {logging_mixin.py:188} INFO - Uploaded /tmp/minio_downloads/1784068270.json to Snowflake stage
[2026-07-15T03:56:30.293+0000] {logging_mixin.py:188} INFO - Uploaded /tmp/minio_downloads/1784068277.json to Snowflake stage
[2026-07-15T03:56:30.702+0000] {logging_mixin.py:188} INFO - Uploaded /tmp/minio_downloads/1784068284.json to Snowflake stage
[2026-07-15T03:56:31.136+0000] {logging_mixin.py:188} INFO - Uploaded /tmp/minio_downloads/1784068291.json to Snowflake stage
[2026-07-15T03:56:32.178+0000] {logging_mixin.py:188} INFO - Uploaded /tmp/minio_downloads/1784068298.json to Snowflake stage
[2026-07-15T03:56:32.576+0000] {logging_mixin.py:188} INFO - Uploaded /tmp/minio_downloads/1784068305.json to Snowflake stage
[2026-07-15T03:56:33.049+0000] {logging_mixin.py:188} INFO - Uploaded /tmp/minio_downloads/1784068312.json to Snowflake stage
[2026-07-15T03:56:33.538+0000] {logging_mixin.py:188} INFO - Uploaded /tmp/minio_downloads/1784068319.json to Snowflake stage
[2026-07-15T03:56:33.974+0000] {logging_mixin.py:188} INFO - Uploaded /tmp/minio_downloads/1784068326.json to Snowflake stage
[2026-07-15T03:56:34.377+0000] {logging_mixin.py:188} INFO - Uploaded /tmp/minio_downloads/1784068333.json to Snowflake stage
[2026-07-15T03:56:34.835+0000] {logging_mixin.py:188} INFO - Uploaded /tmp/minio_downloads/1784068339.json to Snowflake stage
[2026-07-15T03:56:35.251+0000] {logging_mixin.py:188} INFO - Uploaded /tmp/minio_downloads/1784068346.json to Snowflake stage
[2026-07-15T03:56:35.688+0000] {logging_mixin.py:188} INFO - Uploaded /tmp/minio_downloads/1784068353.json to Snowflake stage
[2026-07-15T03:56:36.118+0000] {logging_mixin.py:188} INFO - Uploaded /tmp/minio_downloads/1784068360.json to Snowflake stage
[2026-07-15T03:56:36.730+0000] {logging_mixin.py:188} INFO - Uploaded /tmp/minio_downloads/1784068367.json to Snowflake stage
[2026-07-15T03:56:37.175+0000] {logging_mixin.py:188} INFO - Uploaded /tmp/minio_downloads/1784068374.json to Snowflake stage
[2026-07-15T03:56:37.603+0000] {logging_mixin.py:188} INFO - Uploaded /tmp/minio_downloads/1784068381.json to Snowflake stage
[2026-07-15T03:56:38.045+0000] {logging_mixin.py:188} INFO - Uploaded /tmp/minio_downloads/1784068388.json to Snowflake stage
[2026-07-15T03:56:38.450+0000] {logging_mixin.py:188} INFO - Uploaded /tmp/minio_downloads/1784068395.json to Snowflake stage
[2026-07-15T03:56:38.856+0000] {logging_mixin.py:188} INFO - Uploaded /tmp/minio_downloads/1784068402.json to Snowflake stage
[2026-07-15T03:56:39.256+0000] {logging_mixin.py:188} INFO - Uploaded /tmp/minio_downloads/1784068409.json to Snowflake stage
[2026-07-15T03:56:39.662+0000] {logging_mixin.py:188} INFO - Uploaded /tmp/minio_downloads/1784068416.json to Snowflake stage
[2026-07-15T03:56:40.074+0000] {logging_mixin.py:188} INFO - Uploaded /tmp/minio_downloads/1784068423.json to Snowflake stage
[2026-07-15T03:56:40.813+0000] {logging_mixin.py:188} INFO - Uploaded /tmp/minio_downloads/1784068430.json to Snowflake stage
[2026-07-15T03:56:41.269+0000] {logging_mixin.py:188} INFO - Uploaded /tmp/minio_downloads/1784068437.json to Snowflake stage
[2026-07-15T03:56:41.777+0000] {logging_mixin.py:188} INFO - Uploaded /tmp/minio_downloads/1784068444.json to Snowflake stage
[2026-07-15T03:56:42.217+0000] {logging_mixin.py:188} INFO - Uploaded /tmp/minio_downloads/1784068450.json to Snowflake stage
[2026-07-15T03:56:42.637+0000] {logging_mixin.py:188} INFO - Uploaded /tmp/minio_downloads/1784068457.json to Snowflake stage
[2026-07-15T03:56:43.053+0000] {logging_mixin.py:188} INFO - Uploaded /tmp/minio_downloads/1784068464.json to Snowflake stage
[2026-07-15T03:56:43.494+0000] {logging_mixin.py:188} INFO - Uploaded /tmp/minio_downloads/1784068471.json to Snowflake stage
[2026-07-15T03:56:43.935+0000] {logging_mixin.py:188} INFO - Uploaded /tmp/minio_downloads/1784068478.json to Snowflake stage
[2026-07-15T03:56:44.365+0000] {logging_mixin.py:188} INFO - Uploaded /tmp/minio_downloads/1784068485.json to Snowflake stage
[2026-07-15T03:56:44.793+0000] {logging_mixin.py:188} INFO - Uploaded /tmp/minio_downloads/1784068492.json to Snowflake stage
[2026-07-15T03:56:45.227+0000] {logging_mixin.py:188} INFO - Uploaded /tmp/minio_downloads/1784068499.json to Snowflake stage
[2026-07-15T03:56:45.665+0000] {logging_mixin.py:188} INFO - Uploaded /tmp/minio_downloads/1784068506.json to Snowflake stage
[2026-07-15T03:56:46.094+0000] {logging_mixin.py:188} INFO - Uploaded /tmp/minio_downloads/1784068513.json to Snowflake stage
[2026-07-15T03:56:46.932+0000] {logging_mixin.py:188} INFO - Uploaded /tmp/minio_downloads/1784068520.json to Snowflake stage
[2026-07-15T03:56:47.354+0000] {logging_mixin.py:188} INFO - Uploaded /tmp/minio_downloads/1784068527.json to Snowflake stage
[2026-07-15T03:56:47.790+0000] {logging_mixin.py:188} INFO - Uploaded /tmp/minio_downloads/1784068533.json to Snowflake stage
[2026-07-15T03:56:48.206+0000] {logging_mixin.py:188} INFO - Uploaded /tmp/minio_downloads/1784068540.json to Snowflake stage
[2026-07-15T03:56:48.632+0000] {logging_mixin.py:188} INFO - Uploaded /tmp/minio_downloads/1784068547.json to Snowflake stage
[2026-07-15T03:56:49.077+0000] {logging_mixin.py:188} INFO - Uploaded /tmp/minio_downloads/1784068554.json to Snowflake stage
[2026-07-15T03:56:49.523+0000] {logging_mixin.py:188} INFO - Uploaded /tmp/minio_downloads/1784068561.json to Snowflake stage
[2026-07-15T03:56:49.965+0000] {logging_mixin.py:188} INFO - Uploaded /tmp/minio_downloads/1784068568.json to Snowflake stage
[2026-07-15T03:56:50.392+0000] {logging_mixin.py:188} INFO - Uploaded /tmp/minio_downloads/1784068575.json to Snowflake stage
[2026-07-15T03:56:50.803+0000] {logging_mixin.py:188} INFO - Uploaded /tmp/minio_downloads/1784068582.json to Snowflake stage
[2026-07-15T03:56:51.233+0000] {logging_mixin.py:188} INFO - Uploaded /tmp/minio_downloads/1784068589.json to Snowflake stage
[2026-07-15T03:56:51.659+0000] {logging_mixin.py:188} INFO - Uploaded /tmp/minio_downloads/1784068596.json to Snowflake stage
[2026-07-15T03:56:52.119+0000] {logging_mixin.py:188} INFO - Uploaded /tmp/minio_downloads/1784068603.json to Snowflake stage
[2026-07-15T03:56:52.575+0000] {logging_mixin.py:188} INFO - Uploaded /tmp/minio_downloads/1784068610.json to Snowflake stage
[2026-07-15T03:56:52.996+0000] {logging_mixin.py:188} INFO - Uploaded /tmp/minio_downloads/1784068617.json to Snowflake stage
[2026-07-15T03:56:53.423+0000] {logging_mixin.py:188} INFO - Uploaded /tmp/minio_downloads/1784068623.json to Snowflake stage
[2026-07-15T03:56:53.869+0000] {logging_mixin.py:188} INFO - Uploaded /tmp/minio_downloads/1784068630.json to Snowflake stage
[2026-07-15T03:56:54.294+0000] {logging_mixin.py:188} INFO - Uploaded /tmp/minio_downloads/1784068637.json to Snowflake stage
[2026-07-15T03:56:54.717+0000] {logging_mixin.py:188} INFO - Uploaded /tmp/minio_downloads/1784068644.json to Snowflake stage
[2026-07-15T03:56:55.189+0000] {logging_mixin.py:188} INFO - Uploaded /tmp/minio_downloads/1784068651.json to Snowflake stage
[2026-07-15T03:56:55.618+0000] {logging_mixin.py:188} INFO - Uploaded /tmp/minio_downloads/1784068658.json to Snowflake stage
[2026-07-15T03:56:56.063+0000] {logging_mixin.py:188} INFO - Uploaded /tmp/minio_downloads/1784068665.json to Snowflake stage
[2026-07-15T03:56:56.493+0000] {logging_mixin.py:188} INFO - Uploaded /tmp/minio_downloads/1784068672.json to Snowflake stage
[2026-07-15T03:56:56.924+0000] {logging_mixin.py:188} INFO - Uploaded /tmp/minio_downloads/1784068679.json to Snowflake stage
[2026-07-15T03:56:57.377+0000] {logging_mixin.py:188} INFO - Uploaded /tmp/minio_downloads/1784068685.json to Snowflake stage
[2026-07-15T03:56:57.822+0000] {logging_mixin.py:188} INFO - Uploaded /tmp/minio_downloads/1784068692.json to Snowflake stage
[2026-07-15T03:56:58.287+0000] {logging_mixin.py:188} INFO - Uploaded /tmp/minio_downloads/1784068699.json to Snowflake stage
[2026-07-15T03:56:58.699+0000] {logging_mixin.py:188} INFO - Uploaded /tmp/minio_downloads/1784068706.json to Snowflake stage
[2026-07-15T03:56:59.121+0000] {logging_mixin.py:188} INFO - Uploaded /tmp/minio_downloads/1784068713.json to Snowflake stage
[2026-07-15T03:56:59.548+0000] {logging_mixin.py:188} INFO - Uploaded /tmp/minio_downloads/1784068720.json to Snowflake stage
[2026-07-15T03:56:59.958+0000] {logging_mixin.py:188} INFO - Uploaded /tmp/minio_downloads/1784068727.json to Snowflake stage
[2026-07-15T03:57:00.402+0000] {logging_mixin.py:188} INFO - Uploaded /tmp/minio_downloads/1784071997.json to Snowflake stage
[2026-07-15T03:57:00.835+0000] {logging_mixin.py:188} INFO - Uploaded /tmp/minio_downloads/1784072004.json to Snowflake stage
[2026-07-15T03:57:01.269+0000] {logging_mixin.py:188} INFO - Uploaded /tmp/minio_downloads/1784072011.json to Snowflake stage
[2026-07-15T03:57:01.713+0000] {logging_mixin.py:188} INFO - Uploaded /tmp/minio_downloads/1784072018.json to Snowflake stage
[2026-07-15T03:57:02.141+0000] {logging_mixin.py:188} INFO - Uploaded /tmp/minio_downloads/1784072025.json to Snowflake stage
[2026-07-15T03:57:02.588+0000] {logging_mixin.py:188} INFO - Uploaded /tmp/minio_downloads/1784072032.json to Snowflake stage
[2026-07-15T03:57:03.332+0000] {logging_mixin.py:188} INFO - Uploaded /tmp/minio_downloads/1784072038.json to Snowflake stage
[2026-07-15T03:57:03.744+0000] {logging_mixin.py:188} INFO - Uploaded /tmp/minio_downloads/1784072045.json to Snowflake stage
[2026-07-15T03:57:04.221+0000] {logging_mixin.py:188} INFO - Uploaded /tmp/minio_downloads/1784072052.json to Snowflake stage
[2026-07-15T03:57:05.100+0000] {logging_mixin.py:188} INFO - Uploaded /tmp/minio_downloads/1784072059.json to Snowflake stage
[2026-07-15T03:57:05.652+0000] {logging_mixin.py:188} INFO - Uploaded /tmp/minio_downloads/1784072066.json to Snowflake stage
[2026-07-15T03:57:06.171+0000] {logging_mixin.py:188} INFO - Uploaded /tmp/minio_downloads/1784072073.json to Snowflake stage
[2026-07-15T03:57:06.648+0000] {logging_mixin.py:188} INFO - Uploaded /tmp/minio_downloads/1784072080.json to Snowflake stage
[2026-07-15T03:57:07.132+0000] {logging_mixin.py:188} INFO - Uploaded /tmp/minio_downloads/1784072087.json to Snowflake stage
[2026-07-15T03:57:07.622+0000] {logging_mixin.py:188} INFO - Uploaded /tmp/minio_downloads/1784072093.json to Snowflake stage
[2026-07-15T03:57:08.060+0000] {logging_mixin.py:188} INFO - Uploaded /tmp/minio_downloads/1784072100.json to Snowflake stage
[2026-07-15T03:57:08.509+0000] {logging_mixin.py:188} INFO - Uploaded /tmp/minio_downloads/1784072107.json to Snowflake stage
[2026-07-15T03:57:08.993+0000] {logging_mixin.py:188} INFO - Uploaded /tmp/minio_downloads/1784072114.json to Snowflake stage
[2026-07-15T03:57:09.426+0000] {logging_mixin.py:188} INFO - Uploaded /tmp/minio_downloads/1784072121.json to Snowflake stage
[2026-07-15T03:57:09.869+0000] {logging_mixin.py:188} INFO - Uploaded /tmp/minio_downloads/1784072128.json to Snowflake stage
[2026-07-15T03:57:10.301+0000] {logging_mixin.py:188} INFO - Uploaded /tmp/minio_downloads/1784072135.json to Snowflake stage
[2026-07-15T03:57:11.202+0000] {logging_mixin.py:188} INFO - Uploaded /tmp/minio_downloads/1784072142.json to Snowflake stage
[2026-07-15T03:57:12.116+0000] {logging_mixin.py:188} INFO - Uploaded /tmp/minio_downloads/1784072148.json to Snowflake stage
[2026-07-15T03:57:12.785+0000] {logging_mixin.py:188} INFO - Uploaded /tmp/minio_downloads/1784072155.json to Snowflake stage
[2026-07-15T03:57:13.246+0000] {logging_mixin.py:188} INFO - Uploaded /tmp/minio_downloads/1784072162.json to Snowflake stage
[2026-07-15T03:57:13.752+0000] {logging_mixin.py:188} INFO - Uploaded /tmp/minio_downloads/1784072169.json to Snowflake stage
[2026-07-15T03:57:14.273+0000] {logging_mixin.py:188} INFO - Uploaded /tmp/minio_downloads/1784072176.json to Snowflake stage
[2026-07-15T03:57:14.800+0000] {logging_mixin.py:188} INFO - Uploaded /tmp/minio_downloads/1784072183.json to Snowflake stage
[2026-07-15T03:57:15.342+0000] {logging_mixin.py:188} INFO - Uploaded /tmp/minio_downloads/1784072190.json to Snowflake stage
[2026-07-15T03:57:15.906+0000] {logging_mixin.py:188} INFO - Uploaded /tmp/minio_downloads/1784072197.json to Snowflake stage
[2026-07-15T03:57:16.433+0000] {logging_mixin.py:188} INFO - Uploaded /tmp/minio_downloads/1784072204.json to Snowflake stage
[2026-07-15T03:57:16.982+0000] {logging_mixin.py:188} INFO - Uploaded /tmp/minio_downloads/1784072211.json to Snowflake stage
[2026-07-15T03:57:17.302+0000] {local_task_job_runner.py:124} ERROR - Received SIGTERM. Terminating subprocesses
[2026-07-15T03:57:17.315+0000] {process_utils.py:132} INFO - Sending 15 to group 8272. PIDs of all processes in the group: [8272]
[2026-07-15T03:57:17.316+0000] {process_utils.py:87} INFO - Sending the signal 15 to group 8272
[2026-07-15T03:57:17.318+0000] {taskinstance.py:2611} ERROR - Received SIGTERM. Terminating subprocesses.
[2026-07-15T03:57:17.319+0000] {taskinstance.py:441} INFO - ::group::Post task execution logs
[2026-07-15T03:57:18.124+0000] {standard_task_runner.py:110} ERROR - Failed to execute job 57 for task load_snowflake ((psycopg2.OperationalError) could not translate host name "postgres" to address: Name or service not known

(Background on this error at: https://sqlalche.me/e/14/e3q8); 8272)
[2026-07-15T03:57:18.138+0000] {process_utils.py:80} INFO - Process psutil.Process(pid=8272, status='terminated', exitcode=1, started='03:53:44') (8272) terminated with exit code 1
[2026-07-15T03:57:18.140+0000] {local_task_job_runner.py:243} INFO - Task exited with return code 143
[2026-07-15T03:57:18.150+0000] {taskinstance.py:3509} WARNING - Skipping mini scheduling run due to exception: None
Traceback (most recent call last):
  File "/home/airflow/.local/lib/python3.12/site-packages/sqlalchemy/engine/base.py", line 3371, in _wrap_pool_connect
    return fn()
           ^^^^
  File "/home/airflow/.local/lib/python3.12/site-packages/sqlalchemy/pool/base.py", line 327, in connect
    return _ConnectionFairy._checkout(self)
           ^^^^^^^^^^^^^^^^^^^^^^^^^^^^^^^^
  File "/home/airflow/.local/lib/python3.12/site-packages/sqlalchemy/pool/base.py", line 894, in _checkout
    fairy = _ConnectionRecord.checkout(pool)
            ^^^^^^^^^^^^^^^^^^^^^^^^^^^^^^^^
  File "/home/airflow/.local/lib/python3.12/site-packages/sqlalchemy/pool/base.py", line 493, in checkout
    rec = pool._do_get()
          ^^^^^^^^^^^^^^
  File "/home/airflow/.local/lib/python3.12/site-packages/sqlalchemy/pool/impl.py", line 256, in _do_get
    return self._create_connection()
           ^^^^^^^^^^^^^^^^^^^^^^^^^
  File "/home/airflow/.local/lib/python3.12/site-packages/sqlalchemy/pool/base.py", line 273, in _create_connection
    return _ConnectionRecord(self)
           ^^^^^^^^^^^^^^^^^^^^^^^
  File "/home/airflow/.local/lib/python3.12/site-packages/sqlalchemy/pool/base.py", line 388, in __init__
    self.__connect()
  File "/home/airflow/.local/lib/python3.12/site-packages/sqlalchemy/pool/base.py", line 690, in __connect
    with util.safe_reraise():
  File "/home/airflow/.local/lib/python3.12/site-packages/sqlalchemy/util/langhelpers.py", line 70, in __exit__
    compat.raise_(
  File "/home/airflow/.local/lib/python3.12/site-packages/sqlalchemy/util/compat.py", line 211, in raise_
    raise exception
  File "/home/airflow/.local/lib/python3.12/site-packages/sqlalchemy/pool/base.py", line 686, in __connect
    self.dbapi_connection = connection = pool._invoke_creator(self)
                                         ^^^^^^^^^^^^^^^^^^^^^^^^^^
  File "/home/airflow/.local/lib/python3.12/site-packages/sqlalchemy/engine/create.py", line 574, in connect
    return dialect.connect(*cargs, **cparams)
           ^^^^^^^^^^^^^^^^^^^^^^^^^^^^^^^^^^
  File "/home/airflow/.local/lib/python3.12/site-packages/sqlalchemy/engine/default.py", line 598, in connect
    return self.dbapi.connect(*cargs, **cparams)
           ^^^^^^^^^^^^^^^^^^^^^^^^^^^^^^^^^^^^^
  File "/home/airflow/.local/lib/python3.12/site-packages/psycopg2/__init__.py", line 122, in connect
    conn = _connect(dsn, connection_factory=connection_factory, **kwasync)
           ^^^^^^^^^^^^^^^^^^^^^^^^^^^^^^^^^^^^^^^^^^^^^^^^^^^^^^^^^^^^^^^
psycopg2.OperationalError: could not translate host name "postgres" to address: Name or service not known


The above exception was the direct cause of the following exception:

Traceback (most recent call last):
  File "/home/airflow/.local/lib/python3.12/site-packages/airflow/models/taskinstance.py", line 3458, in _schedule_downstream_tasks
    ).one_or_none()
      ^^^^^^^^^^^^^
  File "/home/airflow/.local/lib/python3.12/site-packages/sqlalchemy/orm/query.py", line 2850, in one_or_none
    return self._iter().one_or_none()
           ^^^^^^^^^^^^
  File "/home/airflow/.local/lib/python3.12/site-packages/sqlalchemy/orm/query.py", line 2916, in _iter
    result = self.session.execute(
             ^^^^^^^^^^^^^^^^^^^^^
  File "/home/airflow/.local/lib/python3.12/site-packages/sqlalchemy/orm/session.py", line 1716, in execute
    conn = self._connection_for_bind(bind)
           ^^^^^^^^^^^^^^^^^^^^^^^^^^^^^^^
  File "/home/airflow/.local/lib/python3.12/site-packages/sqlalchemy/orm/session.py", line 1555, in _connection_for_bind
    return self._transaction._connection_for_bind(
           ^^^^^^^^^^^^^^^^^^^^^^^^^^^^^^^^^^^^^^^
  File "/home/airflow/.local/lib/python3.12/site-packages/sqlalchemy/orm/session.py", line 750, in _connection_for_bind
    conn = bind.connect()
           ^^^^^^^^^^^^^^
  File "/home/airflow/.local/lib/python3.12/site-packages/sqlalchemy/future/engine.py", line 412, in connect
    return super(Engine, self).connect()
           ^^^^^^^^^^^^^^^^^^^^^^^^^^^^^
  File "/home/airflow/.local/lib/python3.12/site-packages/sqlalchemy/engine/base.py", line 3325, in connect
    return self._connection_cls(self, close_with_result=close_with_result)
           ^^^^^^^^^^^^^^^^^^^^^^^^^^^^^^^^^^^^^^^^^^^^^^^^^^^^^^^^^^^^^^^
  File "/home/airflow/.local/lib/python3.12/site-packages/sqlalchemy/engine/base.py", line 96, in __init__
    else engine.raw_connection()
         ^^^^^^^^^^^^^^^^^^^^^^^
  File "/home/airflow/.local/lib/python3.12/site-packages/sqlalchemy/engine/base.py", line 3404, in raw_connection
    return self._wrap_pool_connect(self.pool.connect, _connection)
           ^^^^^^^^^^^^^^^^^^^^^^^^^^^^^^^^^^^^^^^^^^^^^^^^^^^^^^^
  File "/home/airflow/.local/lib/python3.12/site-packages/sqlalchemy/engine/base.py", line 3374, in _wrap_pool_connect
    Connection._handle_dbapi_exception_noconnection(
  File "/home/airflow/.local/lib/python3.12/site-packages/sqlalchemy/engine/base.py", line 2208, in _handle_dbapi_exception_noconnection
    util.raise_(
  File "/home/airflow/.local/lib/python3.12/site-packages/sqlalchemy/util/compat.py", line 211, in raise_
    raise exception
  File "/home/airflow/.local/lib/python3.12/site-packages/sqlalchemy/engine/base.py", line 3371, in _wrap_pool_connect
    return fn()
           ^^^^
  File "/home/airflow/.local/lib/python3.12/site-packages/sqlalchemy/pool/base.py", line 327, in connect
    return _ConnectionFairy._checkout(self)
           ^^^^^^^^^^^^^^^^^^^^^^^^^^^^^^^^
  File "/home/airflow/.local/lib/python3.12/site-packages/sqlalchemy/pool/base.py", line 894, in _checkout
    fairy = _ConnectionRecord.checkout(pool)
            ^^^^^^^^^^^^^^^^^^^^^^^^^^^^^^^^
  File "/home/airflow/.local/lib/python3.12/site-packages/sqlalchemy/pool/base.py", line 493, in checkout
    rec = pool._do_get()
          ^^^^^^^^^^^^^^
  File "/home/airflow/.local/lib/python3.12/site-packages/sqlalchemy/pool/impl.py", line 256, in _do_get
    return self._create_connection()
           ^^^^^^^^^^^^^^^^^^^^^^^^^
  File "/home/airflow/.local/lib/python3.12/site-packages/sqlalchemy/pool/base.py", line 273, in _create_connection
    return _ConnectionRecord(self)
           ^^^^^^^^^^^^^^^^^^^^^^^
  File "/home/airflow/.local/lib/python3.12/site-packages/sqlalchemy/pool/base.py", line 388, in __init__
    self.__connect()
  File "/home/airflow/.local/lib/python3.12/site-packages/sqlalchemy/pool/base.py", line 690, in __connect
    with util.safe_reraise():
  File "/home/airflow/.local/lib/python3.12/site-packages/sqlalchemy/util/langhelpers.py", line 70, in __exit__
    compat.raise_(
  File "/home/airflow/.local/lib/python3.12/site-packages/sqlalchemy/util/compat.py", line 211, in raise_
    raise exception
  File "/home/airflow/.local/lib/python3.12/site-packages/sqlalchemy/pool/base.py", line 686, in __connect
    self.dbapi_connection = connection = pool._invoke_creator(self)
                                         ^^^^^^^^^^^^^^^^^^^^^^^^^^
  File "/home/airflow/.local/lib/python3.12/site-packages/sqlalchemy/engine/create.py", line 574, in connect
    return dialect.connect(*cargs, **cparams)
           ^^^^^^^^^^^^^^^^^^^^^^^^^^^^^^^^^^
  File "/home/airflow/.local/lib/python3.12/site-packages/sqlalchemy/engine/default.py", line 598, in connect
    return self.dbapi.connect(*cargs, **cparams)
           ^^^^^^^^^^^^^^^^^^^^^^^^^^^^^^^^^^^^^
  File "/home/airflow/.local/lib/python3.12/site-packages/psycopg2/__init__.py", line 122, in connect
    conn = _connect(dsn, connection_factory=connection_factory, **kwasync)
           ^^^^^^^^^^^^^^^^^^^^^^^^^^^^^^^^^^^^^^^^^^^^^^^^^^^^^^^^^^^^^^^
sqlalchemy.exc.OperationalError: (psycopg2.OperationalError) could not translate host name "postgres" to address: Name or service not known

(Background on this error at: https://sqlalche.me/e/14/e3q8)
