[2026-07-16T06:27:59.488+0000] {local_task_job_runner.py:120} INFO - ::group::Pre task execution logs
[2026-07-16T06:27:59.532+0000] {taskinstance.py:2076} INFO - Dependencies all met for dep_context=non-requeueable deps ti=<TaskInstance: minio_to_snowflake.download_minio scheduled__2026-07-16T06:26:00+00:00 [queued]>
[2026-07-16T06:27:59.538+0000] {taskinstance.py:2076} INFO - Dependencies all met for dep_context=requeueable deps ti=<TaskInstance: minio_to_snowflake.download_minio scheduled__2026-07-16T06:26:00+00:00 [queued]>
[2026-07-16T06:27:59.538+0000] {taskinstance.py:2306} INFO - Starting attempt 1 of 2
[2026-07-16T06:27:59.548+0000] {taskinstance.py:2330} INFO - Executing <Task(PythonOperator): download_minio> on 2026-07-16 06:26:00+00:00
[2026-07-16T06:27:59.555+0000] {logging_mixin.py:188} WARNING - /home/***/.local/lib/python3.12/site-packages/***/task/task_runner/standard_task_runner.py:62 DeprecationWarning: This process (pid=26625) is multi-threaded, use of fork() may lead to deadlocks in the child.
[2026-07-16T06:27:59.553+0000] {standard_task_runner.py:90} INFO - Running: ['***', 'tasks', 'run', 'minio_to_snowflake', 'download_minio', 'scheduled__2026-07-16T06:26:00+00:00', '--job-id', '363', '--raw', '--subdir', 'DAGS_FOLDER/minio_to_snowflake.py', '--cfg-path', '/tmp/tmpfm10cf5n']
[2026-07-16T06:27:59.555+0000] {standard_task_runner.py:64} INFO - Started process 26639 to run task
[2026-07-16T06:27:59.556+0000] {standard_task_runner.py:91} INFO - Job 363: Subtask download_minio
[2026-07-16T06:27:59.593+0000] {task_command.py:426} INFO - Running <TaskInstance: minio_to_snowflake.download_minio scheduled__2026-07-16T06:26:00+00:00 [running]> on host 1b3af0dde868
[2026-07-16T06:27:59.658+0000] {taskinstance.py:2648} INFO - Exporting env vars: AIRFLOW_CTX_DAG_OWNER='***' AIRFLOW_CTX_DAG_ID='minio_to_snowflake' AIRFLOW_CTX_TASK_ID='download_minio' AIRFLOW_CTX_EXECUTION_DATE='2026-07-16T06:26:00+00:00' AIRFLOW_CTX_TRY_NUMBER='1' AIRFLOW_CTX_DAG_RUN_ID='scheduled__2026-07-16T06:26:00+00:00'
[2026-07-16T06:27:59.659+0000] {taskinstance.py:430} INFO - ::endgroup::
[2026-07-16T06:27:59.996+0000] {logging_mixin.py:188} INFO - Downloaded AAPL/1783903075.json -> /tmp/minio_downloads/1783903075.json
[2026-07-16T06:28:00.002+0000] {logging_mixin.py:188} INFO - Downloaded AAPL/1783903082.json -> /tmp/minio_downloads/1783903082.json
[2026-07-16T06:28:00.006+0000] {logging_mixin.py:188} INFO - Downloaded AAPL/1784067253.json -> /tmp/minio_downloads/1784067253.json
[2026-07-16T06:28:00.011+0000] {logging_mixin.py:188} INFO - Downloaded AAPL/1784067260.json -> /tmp/minio_downloads/1784067260.json
[2026-07-16T06:28:00.015+0000] {logging_mixin.py:188} INFO - Downloaded AAPL/1784067267.json -> /tmp/minio_downloads/1784067267.json
[2026-07-16T06:28:00.019+0000] {logging_mixin.py:188} INFO - Downloaded AAPL/1784067274.json -> /tmp/minio_downloads/1784067274.json
[2026-07-16T06:28:00.024+0000] {logging_mixin.py:188} INFO - Downloaded AAPL/1784067281.json -> /tmp/minio_downloads/1784067281.json
[2026-07-16T06:28:00.028+0000] {logging_mixin.py:188} INFO - Downloaded AAPL/1784067287.json -> /tmp/minio_downloads/1784067287.json
[2026-07-16T06:28:00.032+0000] {logging_mixin.py:188} INFO - Downloaded AAPL/1784067294.json -> /tmp/minio_downloads/1784067294.json
[2026-07-16T06:28:00.036+0000] {logging_mixin.py:188} INFO - Downloaded AAPL/1784067301.json -> /tmp/minio_downloads/1784067301.json
[2026-07-16T06:28:00.040+0000] {logging_mixin.py:188} INFO - Downloaded AAPL/1784067308.json -> /tmp/minio_downloads/1784067308.json
[2026-07-16T06:28:00.044+0000] {logging_mixin.py:188} INFO - Downloaded AAPL/1784067316.json -> /tmp/minio_downloads/1784067316.json
[2026-07-16T06:28:00.048+0000] {logging_mixin.py:188} INFO - Downloaded AAPL/1784067323.json -> /tmp/minio_downloads/1784067323.json
[2026-07-16T06:28:00.052+0000] {logging_mixin.py:188} INFO - Downloaded AAPL/1784067330.json -> /tmp/minio_downloads/1784067330.json
[2026-07-16T06:28:00.056+0000] {logging_mixin.py:188} INFO - Downloaded AAPL/1784067336.json -> /tmp/minio_downloads/1784067336.json
[2026-07-16T06:28:00.060+0000] {logging_mixin.py:188} INFO - Downloaded AAPL/1784067343.json -> /tmp/minio_downloads/1784067343.json
[2026-07-16T06:28:00.064+0000] {logging_mixin.py:188} INFO - Downloaded AAPL/1784067350.json -> /tmp/minio_downloads/1784067350.json
[2026-07-16T06:28:00.068+0000] {logging_mixin.py:188} INFO - Downloaded AAPL/1784067952.json -> /tmp/minio_downloads/1784067952.json
[2026-07-16T06:28:00.072+0000] {logging_mixin.py:188} INFO - Downloaded AAPL/1784067959.json -> /tmp/minio_downloads/1784067959.json
[2026-07-16T06:28:00.076+0000] {logging_mixin.py:188} INFO - Downloaded AAPL/1784067966.json -> /tmp/minio_downloads/1784067966.json
[2026-07-16T06:28:00.080+0000] {logging_mixin.py:188} INFO - Downloaded AAPL/1784067972.json -> /tmp/minio_downloads/1784067972.json
[2026-07-16T06:28:00.084+0000] {logging_mixin.py:188} INFO - Downloaded AAPL/1784067979.json -> /tmp/minio_downloads/1784067979.json
[2026-07-16T06:28:00.088+0000] {logging_mixin.py:188} INFO - Downloaded AAPL/1784067986.json -> /tmp/minio_downloads/1784067986.json
[2026-07-16T06:28:00.092+0000] {logging_mixin.py:188} INFO - Downloaded AAPL/1784067993.json -> /tmp/minio_downloads/1784067993.json
[2026-07-16T06:28:00.096+0000] {logging_mixin.py:188} INFO - Downloaded AAPL/1784068000.json -> /tmp/minio_downloads/1784068000.json
[2026-07-16T06:28:00.100+0000] {logging_mixin.py:188} INFO - Downloaded AAPL/1784068007.json -> /tmp/minio_downloads/1784068007.json
[2026-07-16T06:28:00.105+0000] {logging_mixin.py:188} INFO - Downloaded AAPL/1784068014.json -> /tmp/minio_downloads/1784068014.json
[2026-07-16T06:28:00.109+0000] {logging_mixin.py:188} INFO - Downloaded AAPL/1784068021.json -> /tmp/minio_downloads/1784068021.json
[2026-07-16T06:28:00.113+0000] {logging_mixin.py:188} INFO - Downloaded AAPL/1784068028.json -> /tmp/minio_downloads/1784068028.json
[2026-07-16T06:28:00.117+0000] {logging_mixin.py:188} INFO - Downloaded AAPL/1784068035.json -> /tmp/minio_downloads/1784068035.json
[2026-07-16T06:28:00.121+0000] {logging_mixin.py:188} INFO - Downloaded AAPL/1784068041.json -> /tmp/minio_downloads/1784068041.json
[2026-07-16T06:28:00.125+0000] {logging_mixin.py:188} INFO - Downloaded AAPL/1784068048.json -> /tmp/minio_downloads/1784068048.json
[2026-07-16T06:28:00.129+0000] {logging_mixin.py:188} INFO - Downloaded AAPL/1784068055.json -> /tmp/minio_downloads/1784068055.json
[2026-07-16T06:28:00.143+0000] {logging_mixin.py:188} INFO - Downloaded AAPL/1784068062.json -> /tmp/minio_downloads/1784068062.json
[2026-07-16T06:28:00.177+0000] {logging_mixin.py:188} INFO - Downloaded AAPL/1784068069.json -> /tmp/minio_downloads/1784068069.json
[2026-07-16T06:28:00.219+0000] {logging_mixin.py:188} INFO - Downloaded AAPL/1784068076.json -> /tmp/minio_downloads/1784068076.json
[2026-07-16T06:28:00.243+0000] {logging_mixin.py:188} INFO - Downloaded AAPL/1784068083.json -> /tmp/minio_downloads/1784068083.json
[2026-07-16T06:28:00.249+0000] {logging_mixin.py:188} INFO - Downloaded AAPL/1784068090.json -> /tmp/minio_downloads/1784068090.json
[2026-07-16T06:28:00.254+0000] {logging_mixin.py:188} INFO - Downloaded AAPL/1784068097.json -> /tmp/minio_downloads/1784068097.json
[2026-07-16T06:28:00.259+0000] {logging_mixin.py:188} INFO - Downloaded AAPL/1784068104.json -> /tmp/minio_downloads/1784068104.json
[2026-07-16T06:28:00.264+0000] {logging_mixin.py:188} INFO - Downloaded AAPL/1784068111.json -> /tmp/minio_downloads/1784068111.json
[2026-07-16T06:28:00.269+0000] {logging_mixin.py:188} INFO - Downloaded AAPL/1784068118.json -> /tmp/minio_downloads/1784068118.json
[2026-07-16T06:28:00.273+0000] {logging_mixin.py:188} INFO - Downloaded AAPL/1784068124.json -> /tmp/minio_downloads/1784068124.json
[2026-07-16T06:28:00.278+0000] {logging_mixin.py:188} INFO - Downloaded AAPL/1784068131.json -> /tmp/minio_downloads/1784068131.json
[2026-07-16T06:28:00.283+0000] {logging_mixin.py:188} INFO - Downloaded AAPL/1784068138.json -> /tmp/minio_downloads/1784068138.json
[2026-07-16T06:28:00.288+0000] {logging_mixin.py:188} INFO - Downloaded AAPL/1784068145.json -> /tmp/minio_downloads/1784068145.json
[2026-07-16T06:28:00.292+0000] {logging_mixin.py:188} INFO - Downloaded AAPL/1784068152.json -> /tmp/minio_downloads/1784068152.json
[2026-07-16T06:28:00.296+0000] {logging_mixin.py:188} INFO - Downloaded AAPL/1784068159.json -> /tmp/minio_downloads/1784068159.json
[2026-07-16T06:28:00.300+0000] {logging_mixin.py:188} INFO - Downloaded AAPL/1784068166.json -> /tmp/minio_downloads/1784068166.json
[2026-07-16T06:28:00.304+0000] {logging_mixin.py:188} INFO - Downloaded AAPL/1784068173.json -> /tmp/minio_downloads/1784068173.json
[2026-07-16T06:28:00.309+0000] {logging_mixin.py:188} INFO - Downloaded AAPL/1784068180.json -> /tmp/minio_downloads/1784068180.json
[2026-07-16T06:28:00.313+0000] {logging_mixin.py:188} INFO - Downloaded AAPL/1784068187.json -> /tmp/minio_downloads/1784068187.json
[2026-07-16T06:28:00.317+0000] {logging_mixin.py:188} INFO - Downloaded AAPL/1784068194.json -> /tmp/minio_downloads/1784068194.json
[2026-07-16T06:28:00.322+0000] {logging_mixin.py:188} INFO - Downloaded AAPL/1784068200.json -> /tmp/minio_downloads/1784068200.json
[2026-07-16T06:28:00.326+0000] {logging_mixin.py:188} INFO - Downloaded AAPL/1784068207.json -> /tmp/minio_downloads/1784068207.json
[2026-07-16T06:28:00.330+0000] {logging_mixin.py:188} INFO - Downloaded AAPL/1784068214.json -> /tmp/minio_downloads/1784068214.json
[2026-07-16T06:28:00.334+0000] {logging_mixin.py:188} INFO - Downloaded AAPL/1784068221.json -> /tmp/minio_downloads/1784068221.json
[2026-07-16T06:28:00.338+0000] {logging_mixin.py:188} INFO - Downloaded AAPL/1784068228.json -> /tmp/minio_downloads/1784068228.json
[2026-07-16T06:28:00.342+0000] {logging_mixin.py:188} INFO - Downloaded AAPL/1784068235.json -> /tmp/minio_downloads/1784068235.json
[2026-07-16T06:28:00.346+0000] {logging_mixin.py:188} INFO - Downloaded AAPL/1784068242.json -> /tmp/minio_downloads/1784068242.json
[2026-07-16T06:28:00.350+0000] {logging_mixin.py:188} INFO - Downloaded AAPL/1784068249.json -> /tmp/minio_downloads/1784068249.json
[2026-07-16T06:28:00.354+0000] {logging_mixin.py:188} INFO - Downloaded AAPL/1784068256.json -> /tmp/minio_downloads/1784068256.json
[2026-07-16T06:28:00.358+0000] {logging_mixin.py:188} INFO - Downloaded AAPL/1784068263.json -> /tmp/minio_downloads/1784068263.json
[2026-07-16T06:28:00.363+0000] {logging_mixin.py:188} INFO - Downloaded AAPL/1784068270.json -> /tmp/minio_downloads/1784068270.json
[2026-07-16T06:28:00.367+0000] {logging_mixin.py:188} INFO - Downloaded AAPL/1784068276.json -> /tmp/minio_downloads/1784068276.json
[2026-07-16T06:28:00.371+0000] {logging_mixin.py:188} INFO - Downloaded AAPL/1784068283.json -> /tmp/minio_downloads/1784068283.json
[2026-07-16T06:28:00.376+0000] {logging_mixin.py:188} INFO - Downloaded AAPL/1784068290.json -> /tmp/minio_downloads/1784068290.json
[2026-07-16T06:28:00.380+0000] {logging_mixin.py:188} INFO - Downloaded AAPL/1784068297.json -> /tmp/minio_downloads/1784068297.json
[2026-07-16T06:28:00.384+0000] {logging_mixin.py:188} INFO - Downloaded AAPL/1784068304.json -> /tmp/minio_downloads/1784068304.json
[2026-07-16T06:28:00.388+0000] {logging_mixin.py:188} INFO - Downloaded AAPL/1784068311.json -> /tmp/minio_downloads/1784068311.json
[2026-07-16T06:28:00.392+0000] {logging_mixin.py:188} INFO - Downloaded AAPL/1784068318.json -> /tmp/minio_downloads/1784068318.json
[2026-07-16T06:28:00.396+0000] {logging_mixin.py:188} INFO - Downloaded AAPL/1784068325.json -> /tmp/minio_downloads/1784068325.json
[2026-07-16T06:28:00.402+0000] {logging_mixin.py:188} INFO - Downloaded AAPL/1784068332.json -> /tmp/minio_downloads/1784068332.json
[2026-07-16T06:28:00.406+0000] {logging_mixin.py:188} INFO - Downloaded AAPL/1784068339.json -> /tmp/minio_downloads/1784068339.json
[2026-07-16T06:28:00.411+0000] {logging_mixin.py:188} INFO - Downloaded AAPL/1784068346.json -> /tmp/minio_downloads/1784068346.json
[2026-07-16T06:28:00.415+0000] {logging_mixin.py:188} INFO - Downloaded AAPL/1784068353.json -> /tmp/minio_downloads/1784068353.json
[2026-07-16T06:28:00.419+0000] {logging_mixin.py:188} INFO - Downloaded AAPL/1784068359.json -> /tmp/minio_downloads/1784068359.json
[2026-07-16T06:28:00.423+0000] {logging_mixin.py:188} INFO - Downloaded AAPL/1784068366.json -> /tmp/minio_downloads/1784068366.json
[2026-07-16T06:28:00.428+0000] {logging_mixin.py:188} INFO - Downloaded AAPL/1784068373.json -> /tmp/minio_downloads/1784068373.json
[2026-07-16T06:28:00.432+0000] {logging_mixin.py:188} INFO - Downloaded AAPL/1784068380.json -> /tmp/minio_downloads/1784068380.json
[2026-07-16T06:28:00.436+0000] {logging_mixin.py:188} INFO - Downloaded AAPL/1784068387.json -> /tmp/minio_downloads/1784068387.json
[2026-07-16T06:28:00.440+0000] {logging_mixin.py:188} INFO - Downloaded AAPL/1784068394.json -> /tmp/minio_downloads/1784068394.json
[2026-07-16T06:28:00.445+0000] {logging_mixin.py:188} INFO - Downloaded AAPL/1784068401.json -> /tmp/minio_downloads/1784068401.json
[2026-07-16T06:28:00.449+0000] {logging_mixin.py:188} INFO - Downloaded AAPL/1784068408.json -> /tmp/minio_downloads/1784068408.json
[2026-07-16T06:28:00.453+0000] {logging_mixin.py:188} INFO - Downloaded AAPL/1784068415.json -> /tmp/minio_downloads/1784068415.json
[2026-07-16T06:28:00.458+0000] {logging_mixin.py:188} INFO - Downloaded AAPL/1784068422.json -> /tmp/minio_downloads/1784068422.json
[2026-07-16T06:28:00.461+0000] {logging_mixin.py:188} INFO - Downloaded AAPL/1784068429.json -> /tmp/minio_downloads/1784068429.json
[2026-07-16T06:28:00.466+0000] {logging_mixin.py:188} INFO - Downloaded AAPL/1784068436.json -> /tmp/minio_downloads/1784068436.json
[2026-07-16T06:28:00.470+0000] {logging_mixin.py:188} INFO - Downloaded AAPL/1784068443.json -> /tmp/minio_downloads/1784068443.json
[2026-07-16T06:28:00.474+0000] {logging_mixin.py:188} INFO - Downloaded AAPL/1784068450.json -> /tmp/minio_downloads/1784068450.json
[2026-07-16T06:28:00.479+0000] {logging_mixin.py:188} INFO - Downloaded AAPL/1784068457.json -> /tmp/minio_downloads/1784068457.json
[2026-07-16T06:28:00.483+0000] {logging_mixin.py:188} INFO - Downloaded AAPL/1784068464.json -> /tmp/minio_downloads/1784068464.json
[2026-07-16T06:28:00.488+0000] {logging_mixin.py:188} INFO - Downloaded AAPL/1784068471.json -> /tmp/minio_downloads/1784068471.json
[2026-07-16T06:28:00.492+0000] {logging_mixin.py:188} INFO - Downloaded AAPL/1784068478.json -> /tmp/minio_downloads/1784068478.json
[2026-07-16T06:28:00.496+0000] {logging_mixin.py:188} INFO - Downloaded AAPL/1784068484.json -> /tmp/minio_downloads/1784068484.json
[2026-07-16T06:28:00.500+0000] {logging_mixin.py:188} INFO - Downloaded AAPL/1784068491.json -> /tmp/minio_downloads/1784068491.json
[2026-07-16T06:28:00.504+0000] {logging_mixin.py:188} INFO - Downloaded AAPL/1784068498.json -> /tmp/minio_downloads/1784068498.json
[2026-07-16T06:28:00.508+0000] {logging_mixin.py:188} INFO - Downloaded AAPL/1784068505.json -> /tmp/minio_downloads/1784068505.json
[2026-07-16T06:28:00.513+0000] {logging_mixin.py:188} INFO - Downloaded AAPL/1784068512.json -> /tmp/minio_downloads/1784068512.json
[2026-07-16T06:28:00.518+0000] {logging_mixin.py:188} INFO - Downloaded AAPL/1784068519.json -> /tmp/minio_downloads/1784068519.json
[2026-07-16T06:28:00.522+0000] {logging_mixin.py:188} INFO - Downloaded AAPL/1784068526.json -> /tmp/minio_downloads/1784068526.json
[2026-07-16T06:28:00.526+0000] {logging_mixin.py:188} INFO - Downloaded AAPL/1784068533.json -> /tmp/minio_downloads/1784068533.json
[2026-07-16T06:28:00.530+0000] {logging_mixin.py:188} INFO - Downloaded AAPL/1784068540.json -> /tmp/minio_downloads/1784068540.json
[2026-07-16T06:28:00.534+0000] {logging_mixin.py:188} INFO - Downloaded AAPL/1784068547.json -> /tmp/minio_downloads/1784068547.json
[2026-07-16T06:28:00.539+0000] {logging_mixin.py:188} INFO - Downloaded AAPL/1784068554.json -> /tmp/minio_downloads/1784068554.json
[2026-07-16T06:28:00.543+0000] {logging_mixin.py:188} INFO - Downloaded AAPL/1784068560.json -> /tmp/minio_downloads/1784068560.json
[2026-07-16T06:28:00.547+0000] {logging_mixin.py:188} INFO - Downloaded AAPL/1784068567.json -> /tmp/minio_downloads/1784068567.json
[2026-07-16T06:28:00.552+0000] {logging_mixin.py:188} INFO - Downloaded AAPL/1784068574.json -> /tmp/minio_downloads/1784068574.json
[2026-07-16T06:28:00.556+0000] {logging_mixin.py:188} INFO - Downloaded AAPL/1784068581.json -> /tmp/minio_downloads/1784068581.json
[2026-07-16T06:28:00.561+0000] {logging_mixin.py:188} INFO - Downloaded AAPL/1784068588.json -> /tmp/minio_downloads/1784068588.json
[2026-07-16T06:28:00.565+0000] {logging_mixin.py:188} INFO - Downloaded AAPL/1784068595.json -> /tmp/minio_downloads/1784068595.json
[2026-07-16T06:28:00.569+0000] {logging_mixin.py:188} INFO - Downloaded AAPL/1784068602.json -> /tmp/minio_downloads/1784068602.json
[2026-07-16T06:28:00.574+0000] {logging_mixin.py:188} INFO - Downloaded AAPL/1784068609.json -> /tmp/minio_downloads/1784068609.json
[2026-07-16T06:28:00.578+0000] {logging_mixin.py:188} INFO - Downloaded AAPL/1784068616.json -> /tmp/minio_downloads/1784068616.json
[2026-07-16T06:28:00.584+0000] {logging_mixin.py:188} INFO - Downloaded AAPL/1784068623.json -> /tmp/minio_downloads/1784068623.json
[2026-07-16T06:28:00.592+0000] {logging_mixin.py:188} INFO - Downloaded AAPL/1784068630.json -> /tmp/minio_downloads/1784068630.json
[2026-07-16T06:28:00.598+0000] {logging_mixin.py:188} INFO - Downloaded AAPL/1784068637.json -> /tmp/minio_downloads/1784068637.json
[2026-07-16T06:28:00.604+0000] {logging_mixin.py:188} INFO - Downloaded AAPL/1784068644.json -> /tmp/minio_downloads/1784068644.json
[2026-07-16T06:28:00.610+0000] {logging_mixin.py:188} INFO - Downloaded AAPL/1784068650.json -> /tmp/minio_downloads/1784068650.json
[2026-07-16T06:28:00.616+0000] {logging_mixin.py:188} INFO - Downloaded AAPL/1784068657.json -> /tmp/minio_downloads/1784068657.json
[2026-07-16T06:28:00.621+0000] {logging_mixin.py:188} INFO - Downloaded AAPL/1784068664.json -> /tmp/minio_downloads/1784068664.json
[2026-07-16T06:28:00.626+0000] {logging_mixin.py:188} INFO - Downloaded AAPL/1784068671.json -> /tmp/minio_downloads/1784068671.json
[2026-07-16T06:28:00.632+0000] {logging_mixin.py:188} INFO - Downloaded AAPL/1784068678.json -> /tmp/minio_downloads/1784068678.json
[2026-07-16T06:28:00.637+0000] {logging_mixin.py:188} INFO - Downloaded AAPL/1784068685.json -> /tmp/minio_downloads/1784068685.json
[2026-07-16T06:28:00.643+0000] {logging_mixin.py:188} INFO - Downloaded AAPL/1784068692.json -> /tmp/minio_downloads/1784068692.json
[2026-07-16T06:28:00.656+0000] {logging_mixin.py:188} INFO - Downloaded AAPL/1784068699.json -> /tmp/minio_downloads/1784068699.json
[2026-07-16T06:28:00.665+0000] {logging_mixin.py:188} INFO - Downloaded AAPL/1784068705.json -> /tmp/minio_downloads/1784068705.json
[2026-07-16T06:28:00.669+0000] {logging_mixin.py:188} INFO - Downloaded AAPL/1784068712.json -> /tmp/minio_downloads/1784068712.json
[2026-07-16T06:28:00.674+0000] {logging_mixin.py:188} INFO - Downloaded AAPL/1784068719.json -> /tmp/minio_downloads/1784068719.json
[2026-07-16T06:28:00.679+0000] {logging_mixin.py:188} INFO - Downloaded AAPL/1784068726.json -> /tmp/minio_downloads/1784068726.json
[2026-07-16T06:28:00.683+0000] {logging_mixin.py:188} INFO - Downloaded AAPL/1784071996.json -> /tmp/minio_downloads/1784071996.json
[2026-07-16T06:28:00.688+0000] {logging_mixin.py:188} INFO - Downloaded AAPL/1784072003.json -> /tmp/minio_downloads/1784072003.json
[2026-07-16T06:28:00.692+0000] {logging_mixin.py:188} INFO - Downloaded AAPL/1784072010.json -> /tmp/minio_downloads/1784072010.json
[2026-07-16T06:28:00.696+0000] {logging_mixin.py:188} INFO - Downloaded AAPL/1784072017.json -> /tmp/minio_downloads/1784072017.json
[2026-07-16T06:28:00.700+0000] {logging_mixin.py:188} INFO - Downloaded AAPL/1784072024.json -> /tmp/minio_downloads/1784072024.json
[2026-07-16T06:28:00.705+0000] {logging_mixin.py:188} INFO - Downloaded AAPL/1784072031.json -> /tmp/minio_downloads/1784072031.json
[2026-07-16T06:28:00.709+0000] {logging_mixin.py:188} INFO - Downloaded AAPL/1784072038.json -> /tmp/minio_downloads/1784072038.json
[2026-07-16T06:28:00.713+0000] {logging_mixin.py:188} INFO - Downloaded AAPL/1784072045.json -> /tmp/minio_downloads/1784072045.json
[2026-07-16T06:28:00.718+0000] {logging_mixin.py:188} INFO - Downloaded AAPL/1784072051.json -> /tmp/minio_downloads/1784072051.json
[2026-07-16T06:28:00.722+0000] {logging_mixin.py:188} INFO - Downloaded AAPL/1784072059.json -> /tmp/minio_downloads/1784072059.json
[2026-07-16T06:28:00.726+0000] {logging_mixin.py:188} INFO - Downloaded AAPL/1784072065.json -> /tmp/minio_downloads/1784072065.json
[2026-07-16T06:28:00.731+0000] {logging_mixin.py:188} INFO - Downloaded AAPL/1784072072.json -> /tmp/minio_downloads/1784072072.json
[2026-07-16T06:28:00.735+0000] {logging_mixin.py:188} INFO - Downloaded AAPL/1784072079.json -> /tmp/minio_downloads/1784072079.json
[2026-07-16T06:28:00.739+0000] {logging_mixin.py:188} INFO - Downloaded AAPL/1784072086.json -> /tmp/minio_downloads/1784072086.json
[2026-07-16T06:28:00.743+0000] {logging_mixin.py:188} INFO - Downloaded AAPL/1784072093.json -> /tmp/minio_downloads/1784072093.json
[2026-07-16T06:28:00.747+0000] {logging_mixin.py:188} INFO - Downloaded AAPL/1784072100.json -> /tmp/minio_downloads/1784072100.json
[2026-07-16T06:28:00.751+0000] {logging_mixin.py:188} INFO - Downloaded AAPL/1784072106.json -> /tmp/minio_downloads/1784072106.json
[2026-07-16T06:28:00.756+0000] {logging_mixin.py:188} INFO - Downloaded AAPL/1784072113.json -> /tmp/minio_downloads/1784072113.json
[2026-07-16T06:28:00.760+0000] {logging_mixin.py:188} INFO - Downloaded AAPL/1784072120.json -> /tmp/minio_downloads/1784072120.json
[2026-07-16T06:28:00.764+0000] {logging_mixin.py:188} INFO - Downloaded AAPL/1784072127.json -> /tmp/minio_downloads/1784072127.json
[2026-07-16T06:28:00.768+0000] {logging_mixin.py:188} INFO - Downloaded AAPL/1784072134.json -> /tmp/minio_downloads/1784072134.json
[2026-07-16T06:28:00.772+0000] {logging_mixin.py:188} INFO - Downloaded AAPL/1784072141.json -> /tmp/minio_downloads/1784072141.json
[2026-07-16T06:28:00.776+0000] {logging_mixin.py:188} INFO - Downloaded AAPL/1784072148.json -> /tmp/minio_downloads/1784072148.json
[2026-07-16T06:28:00.780+0000] {logging_mixin.py:188} INFO - Downloaded AAPL/1784072155.json -> /tmp/minio_downloads/1784072155.json
[2026-07-16T06:28:00.785+0000] {logging_mixin.py:188} INFO - Downloaded AAPL/1784072161.json -> /tmp/minio_downloads/1784072161.json
[2026-07-16T06:28:00.790+0000] {logging_mixin.py:188} INFO - Downloaded AAPL/1784072168.json -> /tmp/minio_downloads/1784072168.json
[2026-07-16T06:28:00.795+0000] {logging_mixin.py:188} INFO - Downloaded AAPL/1784072175.json -> /tmp/minio_downloads/1784072175.json
[2026-07-16T06:28:00.799+0000] {logging_mixin.py:188} INFO - Downloaded AAPL/1784072182.json -> /tmp/minio_downloads/1784072182.json
[2026-07-16T06:28:00.804+0000] {logging_mixin.py:188} INFO - Downloaded AAPL/1784072189.json -> /tmp/minio_downloads/1784072189.json
[2026-07-16T06:28:00.809+0000] {logging_mixin.py:188} INFO - Downloaded AAPL/1784072196.json -> /tmp/minio_downloads/1784072196.json
[2026-07-16T06:28:00.814+0000] {logging_mixin.py:188} INFO - Downloaded AAPL/1784072203.json -> /tmp/minio_downloads/1784072203.json
[2026-07-16T06:28:00.819+0000] {logging_mixin.py:188} INFO - Downloaded AAPL/1784072210.json -> /tmp/minio_downloads/1784072210.json
[2026-07-16T06:28:00.824+0000] {logging_mixin.py:188} INFO - Downloaded AAPL/1784072217.json -> /tmp/minio_downloads/1784072217.json
[2026-07-16T06:28:00.829+0000] {logging_mixin.py:188} INFO - Downloaded AAPL/1784072224.json -> /tmp/minio_downloads/1784072224.json
[2026-07-16T06:28:00.834+0000] {logging_mixin.py:188} INFO - Downloaded AAPL/1784072231.json -> /tmp/minio_downloads/1784072231.json
[2026-07-16T06:28:00.839+0000] {logging_mixin.py:188} INFO - Downloaded AAPL/1784072238.json -> /tmp/minio_downloads/1784072238.json
[2026-07-16T06:28:00.843+0000] {logging_mixin.py:188} INFO - Downloaded AAPL/1784072245.json -> /tmp/minio_downloads/1784072245.json
[2026-07-16T06:28:00.848+0000] {logging_mixin.py:188} INFO - Downloaded AAPL/1784072251.json -> /tmp/minio_downloads/1784072251.json
[2026-07-16T06:28:00.853+0000] {logging_mixin.py:188} INFO - Downloaded AAPL/1784072259.json -> /tmp/minio_downloads/1784072259.json
[2026-07-16T06:28:00.858+0000] {logging_mixin.py:188} INFO - Downloaded AAPL/1784072266.json -> /tmp/minio_downloads/1784072266.json
[2026-07-16T06:28:00.863+0000] {logging_mixin.py:188} INFO - Downloaded AAPL/1784072273.json -> /tmp/minio_downloads/1784072273.json
[2026-07-16T06:28:00.868+0000] {logging_mixin.py:188} INFO - Downloaded AAPL/1784072280.json -> /tmp/minio_downloads/1784072280.json
[2026-07-16T06:28:00.873+0000] {logging_mixin.py:188} INFO - Downloaded AAPL/1784072286.json -> /tmp/minio_downloads/1784072286.json
[2026-07-16T06:28:00.878+0000] {logging_mixin.py:188} INFO - Downloaded AAPL/1784072293.json -> /tmp/minio_downloads/1784072293.json
[2026-07-16T06:28:00.882+0000] {logging_mixin.py:188} INFO - Downloaded AAPL/1784072300.json -> /tmp/minio_downloads/1784072300.json
[2026-07-16T06:28:00.886+0000] {logging_mixin.py:188} INFO - Downloaded AAPL/1784072307.json -> /tmp/minio_downloads/1784072307.json
[2026-07-16T06:28:00.891+0000] {logging_mixin.py:188} INFO - Downloaded AAPL/1784072314.json -> /tmp/minio_downloads/1784072314.json
[2026-07-16T06:28:00.896+0000] {logging_mixin.py:188} INFO - Downloaded AAPL/1784072321.json -> /tmp/minio_downloads/1784072321.json
[2026-07-16T06:28:00.901+0000] {logging_mixin.py:188} INFO - Downloaded AAPL/1784072328.json -> /tmp/minio_downloads/1784072328.json
[2026-07-16T06:28:00.906+0000] {logging_mixin.py:188} INFO - Downloaded AAPL/1784072334.json -> /tmp/minio_downloads/1784072334.json
[2026-07-16T06:28:00.911+0000] {logging_mixin.py:188} INFO - Downloaded AAPL/1784072341.json -> /tmp/minio_downloads/1784072341.json
[2026-07-16T06:28:00.915+0000] {logging_mixin.py:188} INFO - Downloaded AAPL/1784072348.json -> /tmp/minio_downloads/1784072348.json
[2026-07-16T06:28:00.920+0000] {logging_mixin.py:188} INFO - Downloaded AAPL/1784072355.json -> /tmp/minio_downloads/1784072355.json
[2026-07-16T06:28:00.924+0000] {logging_mixin.py:188} INFO - Downloaded AAPL/1784072362.json -> /tmp/minio_downloads/1784072362.json
[2026-07-16T06:28:00.928+0000] {logging_mixin.py:188} INFO - Downloaded AAPL/1784072369.json -> /tmp/minio_downloads/1784072369.json
[2026-07-16T06:28:00.933+0000] {logging_mixin.py:188} INFO - Downloaded AAPL/1784072376.json -> /tmp/minio_downloads/1784072376.json
[2026-07-16T06:28:00.938+0000] {logging_mixin.py:188} INFO - Downloaded AAPL/1784072383.json -> /tmp/minio_downloads/1784072383.json
[2026-07-16T06:28:00.942+0000] {logging_mixin.py:188} INFO - Downloaded AAPL/1784072390.json -> /tmp/minio_downloads/1784072390.json
[2026-07-16T06:28:00.947+0000] {logging_mixin.py:188} INFO - Downloaded AAPL/1784072396.json -> /tmp/minio_downloads/1784072396.json
[2026-07-16T06:28:00.951+0000] {logging_mixin.py:188} INFO - Downloaded AAPL/1784072403.json -> /tmp/minio_downloads/1784072403.json
[2026-07-16T06:28:00.955+0000] {logging_mixin.py:188} INFO - Downloaded AAPL/1784072410.json -> /tmp/minio_downloads/1784072410.json
[2026-07-16T06:28:00.960+0000] {logging_mixin.py:188} INFO - Downloaded AAPL/1784072417.json -> /tmp/minio_downloads/1784072417.json
[2026-07-16T06:28:00.964+0000] {logging_mixin.py:188} INFO - Downloaded AAPL/1784072424.json -> /tmp/minio_downloads/1784072424.json
[2026-07-16T06:28:00.969+0000] {logging_mixin.py:188} INFO - Downloaded AAPL/1784072431.json -> /tmp/minio_downloads/1784072431.json
[2026-07-16T06:28:00.974+0000] {logging_mixin.py:188} INFO - Downloaded AAPL/1784072438.json -> /tmp/minio_downloads/1784072438.json
[2026-07-16T06:28:00.978+0000] {logging_mixin.py:188} INFO - Downloaded AAPL/1784072445.json -> /tmp/minio_downloads/1784072445.json
[2026-07-16T06:28:00.983+0000] {logging_mixin.py:188} INFO - Downloaded AAPL/1784072452.json -> /tmp/minio_downloads/1784072452.json
[2026-07-16T06:28:00.987+0000] {logging_mixin.py:188} INFO - Downloaded AAPL/1784072459.json -> /tmp/minio_downloads/1784072459.json
[2026-07-16T06:28:00.992+0000] {logging_mixin.py:188} INFO - Downloaded AAPL/1784072466.json -> /tmp/minio_downloads/1784072466.json
[2026-07-16T06:28:00.997+0000] {logging_mixin.py:188} INFO - Downloaded AAPL/1784072473.json -> /tmp/minio_downloads/1784072473.json
[2026-07-16T06:28:01.002+0000] {logging_mixin.py:188} INFO - Downloaded AAPL/1784072480.json -> /tmp/minio_downloads/1784072480.json
[2026-07-16T06:28:01.006+0000] {logging_mixin.py:188} INFO - Downloaded AAPL/1784072486.json -> /tmp/minio_downloads/1784072486.json
[2026-07-16T06:28:01.011+0000] {logging_mixin.py:188} INFO - Downloaded AAPL/1784072493.json -> /tmp/minio_downloads/1784072493.json
[2026-07-16T06:28:01.015+0000] {logging_mixin.py:188} INFO - Downloaded AAPL/1784072500.json -> /tmp/minio_downloads/1784072500.json
[2026-07-16T06:28:01.020+0000] {logging_mixin.py:188} INFO - Downloaded AAPL/1784072507.json -> /tmp/minio_downloads/1784072507.json
[2026-07-16T06:28:01.024+0000] {logging_mixin.py:188} INFO - Downloaded AAPL/1784072514.json -> /tmp/minio_downloads/1784072514.json
[2026-07-16T06:28:01.029+0000] {logging_mixin.py:188} INFO - Downloaded AAPL/1784072521.json -> /tmp/minio_downloads/1784072521.json
[2026-07-16T06:28:01.033+0000] {logging_mixin.py:188} INFO - Downloaded AAPL/1784072528.json -> /tmp/minio_downloads/1784072528.json
[2026-07-16T06:28:01.038+0000] {logging_mixin.py:188} INFO - Downloaded AAPL/1784072535.json -> /tmp/minio_downloads/1784072535.json
[2026-07-16T06:28:01.042+0000] {logging_mixin.py:188} INFO - Downloaded AAPL/1784072542.json -> /tmp/minio_downloads/1784072542.json
[2026-07-16T06:28:01.047+0000] {logging_mixin.py:188} INFO - Downloaded AAPL/1784072549.json -> /tmp/minio_downloads/1784072549.json
[2026-07-16T06:28:01.052+0000] {logging_mixin.py:188} INFO - Downloaded AAPL/1784072556.json -> /tmp/minio_downloads/1784072556.json
[2026-07-16T06:28:01.056+0000] {logging_mixin.py:188} INFO - Downloaded AAPL/1784072563.json -> /tmp/minio_downloads/1784072563.json
[2026-07-16T06:28:01.061+0000] {logging_mixin.py:188} INFO - Downloaded AAPL/1784072569.json -> /tmp/minio_downloads/1784072569.json
[2026-07-16T06:28:01.065+0000] {logging_mixin.py:188} INFO - Downloaded AAPL/1784072576.json -> /tmp/minio_downloads/1784072576.json
[2026-07-16T06:28:01.070+0000] {logging_mixin.py:188} INFO - Downloaded AAPL/1784072583.json -> /tmp/minio_downloads/1784072583.json
[2026-07-16T06:28:01.074+0000] {logging_mixin.py:188} INFO - Downloaded AAPL/1784072590.json -> /tmp/minio_downloads/1784072590.json
[2026-07-16T06:28:01.079+0000] {logging_mixin.py:188} INFO - Downloaded AAPL/1784072597.json -> /tmp/minio_downloads/1784072597.json
[2026-07-16T06:28:01.084+0000] {logging_mixin.py:188} INFO - Downloaded AAPL/1784072604.json -> /tmp/minio_downloads/1784072604.json
[2026-07-16T06:28:01.089+0000] {logging_mixin.py:188} INFO - Downloaded AAPL/1784072611.json -> /tmp/minio_downloads/1784072611.json
[2026-07-16T06:28:01.093+0000] {logging_mixin.py:188} INFO - Downloaded AAPL/1784072618.json -> /tmp/minio_downloads/1784072618.json
[2026-07-16T06:28:01.098+0000] {logging_mixin.py:188} INFO - Downloaded AAPL/1784072624.json -> /tmp/minio_downloads/1784072624.json
[2026-07-16T06:28:01.103+0000] {logging_mixin.py:188} INFO - Downloaded AAPL/1784072631.json -> /tmp/minio_downloads/1784072631.json
[2026-07-16T06:28:01.107+0000] {logging_mixin.py:188} INFO - Downloaded AAPL/1784072638.json -> /tmp/minio_downloads/1784072638.json
[2026-07-16T06:28:01.112+0000] {logging_mixin.py:188} INFO - Downloaded AAPL/1784072645.json -> /tmp/minio_downloads/1784072645.json
[2026-07-16T06:28:01.116+0000] {logging_mixin.py:188} INFO - Downloaded AAPL/1784072652.json -> /tmp/minio_downloads/1784072652.json
[2026-07-16T06:28:01.121+0000] {logging_mixin.py:188} INFO - Downloaded AAPL/1784072659.json -> /tmp/minio_downloads/1784072659.json
[2026-07-16T06:28:01.126+0000] {logging_mixin.py:188} INFO - Downloaded AAPL/1784072666.json -> /tmp/minio_downloads/1784072666.json
[2026-07-16T06:28:01.130+0000] {logging_mixin.py:188} INFO - Downloaded AAPL/1784072673.json -> /tmp/minio_downloads/1784072673.json
[2026-07-16T06:28:01.135+0000] {logging_mixin.py:188} INFO - Downloaded AAPL/1784072680.json -> /tmp/minio_downloads/1784072680.json
[2026-07-16T06:28:01.139+0000] {logging_mixin.py:188} INFO - Downloaded AAPL/1784072687.json -> /tmp/minio_downloads/1784072687.json
[2026-07-16T06:28:01.143+0000] {logging_mixin.py:188} INFO - Downloaded AAPL/1784072694.json -> /tmp/minio_downloads/1784072694.json
[2026-07-16T06:28:01.148+0000] {logging_mixin.py:188} INFO - Downloaded AAPL/1784072700.json -> /tmp/minio_downloads/1784072700.json
[2026-07-16T06:28:01.152+0000] {logging_mixin.py:188} INFO - Downloaded AAPL/1784072707.json -> /tmp/minio_downloads/1784072707.json
[2026-07-16T06:28:01.157+0000] {logging_mixin.py:188} INFO - Downloaded AAPL/1784072714.json -> /tmp/minio_downloads/1784072714.json
[2026-07-16T06:28:01.162+0000] {logging_mixin.py:188} INFO - Downloaded AAPL/1784072721.json -> /tmp/minio_downloads/1784072721.json
[2026-07-16T06:28:01.167+0000] {logging_mixin.py:188} INFO - Downloaded AAPL/1784072728.json -> /tmp/minio_downloads/1784072728.json
[2026-07-16T06:28:01.171+0000] {logging_mixin.py:188} INFO - Downloaded AAPL/1784072735.json -> /tmp/minio_downloads/1784072735.json
[2026-07-16T06:28:01.176+0000] {logging_mixin.py:188} INFO - Downloaded AAPL/1784072742.json -> /tmp/minio_downloads/1784072742.json
[2026-07-16T06:28:01.180+0000] {logging_mixin.py:188} INFO - Downloaded AAPL/1784072749.json -> /tmp/minio_downloads/1784072749.json
[2026-07-16T06:28:01.185+0000] {logging_mixin.py:188} INFO - Downloaded AAPL/1784072756.json -> /tmp/minio_downloads/1784072756.json
[2026-07-16T06:28:01.189+0000] {logging_mixin.py:188} INFO - Downloaded AAPL/1784072763.json -> /tmp/minio_downloads/1784072763.json
[2026-07-16T06:28:01.194+0000] {logging_mixin.py:188} INFO - Downloaded AAPL/1784072769.json -> /tmp/minio_downloads/1784072769.json
[2026-07-16T06:28:01.199+0000] {logging_mixin.py:188} INFO - Downloaded AAPL/1784072776.json -> /tmp/minio_downloads/1784072776.json
[2026-07-16T06:28:01.203+0000] {logging_mixin.py:188} INFO - Downloaded AAPL/1784072783.json -> /tmp/minio_downloads/1784072783.json
[2026-07-16T06:28:01.208+0000] {logging_mixin.py:188} INFO - Downloaded AAPL/1784072791.json -> /tmp/minio_downloads/1784072791.json
[2026-07-16T06:28:01.212+0000] {logging_mixin.py:188} INFO - Downloaded AAPL/1784072798.json -> /tmp/minio_downloads/1784072798.json
[2026-07-16T06:28:01.216+0000] {logging_mixin.py:188} INFO - Downloaded AAPL/1784072804.json -> /tmp/minio_downloads/1784072804.json
[2026-07-16T06:28:01.221+0000] {logging_mixin.py:188} INFO - Downloaded AAPL/1784072811.json -> /tmp/minio_downloads/1784072811.json
[2026-07-16T06:28:01.225+0000] {logging_mixin.py:188} INFO - Downloaded AAPL/1784072890.json -> /tmp/minio_downloads/1784072890.json
[2026-07-16T06:28:01.230+0000] {logging_mixin.py:188} INFO - Downloaded AAPL/1784072897.json -> /tmp/minio_downloads/1784072897.json
[2026-07-16T06:28:01.235+0000] {logging_mixin.py:188} INFO - Downloaded AAPL/1784072904.json -> /tmp/minio_downloads/1784072904.json
[2026-07-16T06:28:01.240+0000] {logging_mixin.py:188} INFO - Downloaded AAPL/1784072910.json -> /tmp/minio_downloads/1784072910.json
[2026-07-16T06:28:01.244+0000] {logging_mixin.py:188} INFO - Downloaded AAPL/1784072917.json -> /tmp/minio_downloads/1784072917.json
[2026-07-16T06:28:01.249+0000] {logging_mixin.py:188} INFO - Downloaded AAPL/1784072924.json -> /tmp/minio_downloads/1784072924.json
[2026-07-16T06:28:01.254+0000] {logging_mixin.py:188} INFO - Downloaded AAPL/1784072931.json -> /tmp/minio_downloads/1784072931.json
[2026-07-16T06:28:01.258+0000] {logging_mixin.py:188} INFO - Downloaded AAPL/1784072938.json -> /tmp/minio_downloads/1784072938.json
[2026-07-16T06:28:01.263+0000] {logging_mixin.py:188} INFO - Downloaded AAPL/1784072945.json -> /tmp/minio_downloads/1784072945.json
[2026-07-16T06:28:01.268+0000] {logging_mixin.py:188} INFO - Downloaded AAPL/1784072952.json -> /tmp/minio_downloads/1784072952.json
[2026-07-16T06:28:01.273+0000] {logging_mixin.py:188} INFO - Downloaded AAPL/1784072959.json -> /tmp/minio_downloads/1784072959.json
[2026-07-16T06:28:01.278+0000] {logging_mixin.py:188} INFO - Downloaded AAPL/1784072966.json -> /tmp/minio_downloads/1784072966.json
[2026-07-16T06:28:01.282+0000] {logging_mixin.py:188} INFO - Downloaded AAPL/1784072973.json -> /tmp/minio_downloads/1784072973.json
[2026-07-16T06:28:01.287+0000] {logging_mixin.py:188} INFO - Downloaded AAPL/1784072980.json -> /tmp/minio_downloads/1784072980.json
[2026-07-16T06:28:01.292+0000] {logging_mixin.py:188} INFO - Downloaded AAPL/1784072987.json -> /tmp/minio_downloads/1784072987.json
[2026-07-16T06:28:01.296+0000] {logging_mixin.py:188} INFO - Downloaded AAPL/1784072994.json -> /tmp/minio_downloads/1784072994.json
[2026-07-16T06:28:01.301+0000] {logging_mixin.py:188} INFO - Downloaded AAPL/1784073000.json -> /tmp/minio_downloads/1784073000.json
[2026-07-16T06:28:01.306+0000] {logging_mixin.py:188} INFO - Downloaded AAPL/1784073007.json -> /tmp/minio_downloads/1784073007.json
[2026-07-16T06:28:01.310+0000] {logging_mixin.py:188} INFO - Downloaded AAPL/1784073014.json -> /tmp/minio_downloads/1784073014.json
[2026-07-16T06:28:01.315+0000] {logging_mixin.py:188} INFO - Downloaded AAPL/1784073021.json -> /tmp/minio_downloads/1784073021.json
[2026-07-16T06:28:01.319+0000] {logging_mixin.py:188} INFO - Downloaded AAPL/1784073028.json -> /tmp/minio_downloads/1784073028.json
[2026-07-16T06:28:01.324+0000] {logging_mixin.py:188} INFO - Downloaded AAPL/1784073035.json -> /tmp/minio_downloads/1784073035.json
[2026-07-16T06:28:01.328+0000] {logging_mixin.py:188} INFO - Downloaded AAPL/1784073042.json -> /tmp/minio_downloads/1784073042.json
[2026-07-16T06:28:01.333+0000] {logging_mixin.py:188} INFO - Downloaded AAPL/1784073049.json -> /tmp/minio_downloads/1784073049.json
[2026-07-16T06:28:01.338+0000] {logging_mixin.py:188} INFO - Downloaded AAPL/1784073056.json -> /tmp/minio_downloads/1784073056.json
[2026-07-16T06:28:01.342+0000] {logging_mixin.py:188} INFO - Downloaded AAPL/1784073062.json -> /tmp/minio_downloads/1784073062.json
[2026-07-16T06:28:01.347+0000] {logging_mixin.py:188} INFO - Downloaded AAPL/1784073069.json -> /tmp/minio_downloads/1784073069.json
[2026-07-16T06:28:01.351+0000] {logging_mixin.py:188} INFO - Downloaded AAPL/1784073076.json -> /tmp/minio_downloads/1784073076.json
[2026-07-16T06:28:01.356+0000] {logging_mixin.py:188} INFO - Downloaded AAPL/1784073083.json -> /tmp/minio_downloads/1784073083.json
[2026-07-16T06:28:01.360+0000] {logging_mixin.py:188} INFO - Downloaded AAPL/1784073090.json -> /tmp/minio_downloads/1784073090.json
[2026-07-16T06:28:01.365+0000] {logging_mixin.py:188} INFO - Downloaded AAPL/1784073097.json -> /tmp/minio_downloads/1784073097.json
[2026-07-16T06:28:01.369+0000] {logging_mixin.py:188} INFO - Downloaded AAPL/1784073104.json -> /tmp/minio_downloads/1784073104.json
[2026-07-16T06:28:01.374+0000] {logging_mixin.py:188} INFO - Downloaded AAPL/1784073111.json -> /tmp/minio_downloads/1784073111.json
[2026-07-16T06:28:01.379+0000] {logging_mixin.py:188} INFO - Downloaded AAPL/1784073118.json -> /tmp/minio_downloads/1784073118.json
[2026-07-16T06:28:01.383+0000] {logging_mixin.py:188} INFO - Downloaded AAPL/1784073124.json -> /tmp/minio_downloads/1784073124.json
[2026-07-16T06:28:01.388+0000] {logging_mixin.py:188} INFO - Downloaded AAPL/1784073131.json -> /tmp/minio_downloads/1784073131.json
[2026-07-16T06:28:01.392+0000] {logging_mixin.py:188} INFO - Downloaded AAPL/1784073138.json -> /tmp/minio_downloads/1784073138.json
[2026-07-16T06:28:01.397+0000] {logging_mixin.py:188} INFO - Downloaded AAPL/1784073145.json -> /tmp/minio_downloads/1784073145.json
[2026-07-16T06:28:01.401+0000] {logging_mixin.py:188} INFO - Downloaded AAPL/1784073152.json -> /tmp/minio_downloads/1784073152.json
[2026-07-16T06:28:01.406+0000] {logging_mixin.py:188} INFO - Downloaded AAPL/1784073159.json -> /tmp/minio_downloads/1784073159.json
[2026-07-16T06:28:01.410+0000] {logging_mixin.py:188} INFO - Downloaded AAPL/1784073166.json -> /tmp/minio_downloads/1784073166.json
[2026-07-16T06:28:01.415+0000] {logging_mixin.py:188} INFO - Downloaded AAPL/1784073173.json -> /tmp/minio_downloads/1784073173.json
[2026-07-16T06:28:01.420+0000] {logging_mixin.py:188} INFO - Downloaded AAPL/1784073180.json -> /tmp/minio_downloads/1784073180.json
[2026-07-16T06:28:01.424+0000] {logging_mixin.py:188} INFO - Downloaded AAPL/1784073186.json -> /tmp/minio_downloads/1784073186.json
[2026-07-16T06:28:01.429+0000] {logging_mixin.py:188} INFO - Downloaded AAPL/1784073193.json -> /tmp/minio_downloads/1784073193.json
[2026-07-16T06:28:01.434+0000] {logging_mixin.py:188} INFO - Downloaded AAPL/1784073200.json -> /tmp/minio_downloads/1784073200.json
[2026-07-16T06:28:01.439+0000] {logging_mixin.py:188} INFO - Downloaded AAPL/1784073207.json -> /tmp/minio_downloads/1784073207.json
[2026-07-16T06:28:01.444+0000] {logging_mixin.py:188} INFO - Downloaded AAPL/1784073214.json -> /tmp/minio_downloads/1784073214.json
[2026-07-16T06:28:01.449+0000] {logging_mixin.py:188} INFO - Downloaded AAPL/1784073221.json -> /tmp/minio_downloads/1784073221.json
[2026-07-16T06:28:01.454+0000] {logging_mixin.py:188} INFO - Downloaded AAPL/1784073228.json -> /tmp/minio_downloads/1784073228.json
[2026-07-16T06:28:01.458+0000] {logging_mixin.py:188} INFO - Downloaded AAPL/1784073235.json -> /tmp/minio_downloads/1784073235.json
[2026-07-16T06:28:01.463+0000] {logging_mixin.py:188} INFO - Downloaded AAPL/1784073241.json -> /tmp/minio_downloads/1784073241.json
[2026-07-16T06:28:01.468+0000] {logging_mixin.py:188} INFO - Downloaded AAPL/1784073248.json -> /tmp/minio_downloads/1784073248.json
[2026-07-16T06:28:01.473+0000] {logging_mixin.py:188} INFO - Downloaded AAPL/1784073255.json -> /tmp/minio_downloads/1784073255.json
[2026-07-16T06:28:01.477+0000] {logging_mixin.py:188} INFO - Downloaded AAPL/1784073262.json -> /tmp/minio_downloads/1784073262.json
[2026-07-16T06:28:01.482+0000] {logging_mixin.py:188} INFO - Downloaded AAPL/1784073269.json -> /tmp/minio_downloads/1784073269.json
[2026-07-16T06:28:01.487+0000] {logging_mixin.py:188} INFO - Downloaded AAPL/1784073276.json -> /tmp/minio_downloads/1784073276.json
[2026-07-16T06:28:01.492+0000] {logging_mixin.py:188} INFO - Downloaded AAPL/1784073283.json -> /tmp/minio_downloads/1784073283.json
[2026-07-16T06:28:01.498+0000] {logging_mixin.py:188} INFO - Downloaded AAPL/1784073290.json -> /tmp/minio_downloads/1784073290.json
[2026-07-16T06:28:01.503+0000] {logging_mixin.py:188} INFO - Downloaded AAPL/1784073297.json -> /tmp/minio_downloads/1784073297.json
[2026-07-16T06:28:01.508+0000] {logging_mixin.py:188} INFO - Downloaded AAPL/1784073304.json -> /tmp/minio_downloads/1784073304.json
[2026-07-16T06:28:01.512+0000] {logging_mixin.py:188} INFO - Downloaded AAPL/1784073311.json -> /tmp/minio_downloads/1784073311.json
[2026-07-16T06:28:01.518+0000] {logging_mixin.py:188} INFO - Downloaded AAPL/1784073318.json -> /tmp/minio_downloads/1784073318.json
[2026-07-16T06:28:01.523+0000] {logging_mixin.py:188} INFO - Downloaded AAPL/1784073325.json -> /tmp/minio_downloads/1784073325.json
[2026-07-16T06:28:01.528+0000] {logging_mixin.py:188} INFO - Downloaded AAPL/1784073332.json -> /tmp/minio_downloads/1784073332.json
[2026-07-16T06:28:01.533+0000] {logging_mixin.py:188} INFO - Downloaded AMZN/1783903076.json -> /tmp/minio_downloads/1783903076.json
[2026-07-16T06:28:01.537+0000] {logging_mixin.py:188} INFO - Downloaded AMZN/1783903083.json -> /tmp/minio_downloads/1783903083.json
[2026-07-16T06:28:01.542+0000] {logging_mixin.py:188} INFO - Downloaded AMZN/1784067254.json -> /tmp/minio_downloads/1784067254.json
[2026-07-16T06:28:01.547+0000] {logging_mixin.py:188} INFO - Downloaded AMZN/1784067261.json -> /tmp/minio_downloads/1784067261.json
[2026-07-16T06:28:01.552+0000] {logging_mixin.py:188} INFO - Downloaded AMZN/1784067267.json -> /tmp/minio_downloads/1784067267.json
[2026-07-16T06:28:01.556+0000] {logging_mixin.py:188} INFO - Downloaded AMZN/1784067274.json -> /tmp/minio_downloads/1784067274.json
[2026-07-16T06:28:01.561+0000] {logging_mixin.py:188} INFO - Downloaded AMZN/1784067281.json -> /tmp/minio_downloads/1784067281.json
[2026-07-16T06:28:01.566+0000] {logging_mixin.py:188} INFO - Downloaded AMZN/1784067288.json -> /tmp/minio_downloads/1784067288.json
[2026-07-16T06:28:01.571+0000] {logging_mixin.py:188} INFO - Downloaded AMZN/1784067295.json -> /tmp/minio_downloads/1784067295.json
[2026-07-16T06:28:01.576+0000] {logging_mixin.py:188} INFO - Downloaded AMZN/1784067302.json -> /tmp/minio_downloads/1784067302.json
[2026-07-16T06:28:01.580+0000] {logging_mixin.py:188} INFO - Downloaded AMZN/1784067309.json -> /tmp/minio_downloads/1784067309.json
[2026-07-16T06:28:01.585+0000] {logging_mixin.py:188} INFO - Downloaded AMZN/1784067316.json -> /tmp/minio_downloads/1784067316.json
[2026-07-16T06:28:01.590+0000] {logging_mixin.py:188} INFO - Downloaded AMZN/1784067323.json -> /tmp/minio_downloads/1784067323.json
[2026-07-16T06:28:01.594+0000] {logging_mixin.py:188} INFO - Downloaded AMZN/1784067330.json -> /tmp/minio_downloads/1784067330.json
[2026-07-16T06:28:01.599+0000] {logging_mixin.py:188} INFO - Downloaded AMZN/1784067337.json -> /tmp/minio_downloads/1784067337.json
[2026-07-16T06:28:01.604+0000] {logging_mixin.py:188} INFO - Downloaded AMZN/1784067344.json -> /tmp/minio_downloads/1784067344.json
[2026-07-16T06:28:01.609+0000] {logging_mixin.py:188} INFO - Downloaded AMZN/1784067351.json -> /tmp/minio_downloads/1784067351.json
[2026-07-16T06:28:01.614+0000] {logging_mixin.py:188} INFO - Downloaded AMZN/1784067953.json -> /tmp/minio_downloads/1784067953.json
[2026-07-16T06:28:01.618+0000] {logging_mixin.py:188} INFO - Downloaded AMZN/1784067959.json -> /tmp/minio_downloads/1784067959.json
[2026-07-16T06:28:01.623+0000] {logging_mixin.py:188} INFO - Downloaded AMZN/1784067966.json -> /tmp/minio_downloads/1784067966.json
[2026-07-16T06:28:01.628+0000] {logging_mixin.py:188} INFO - Downloaded AMZN/1784067973.json -> /tmp/minio_downloads/1784067973.json
[2026-07-16T06:28:01.633+0000] {logging_mixin.py:188} INFO - Downloaded AMZN/1784067980.json -> /tmp/minio_downloads/1784067980.json
[2026-07-16T06:28:01.637+0000] {logging_mixin.py:188} INFO - Downloaded AMZN/1784067987.json -> /tmp/minio_downloads/1784067987.json
[2026-07-16T06:28:01.642+0000] {logging_mixin.py:188} INFO - Downloaded AMZN/1784067994.json -> /tmp/minio_downloads/1784067994.json
[2026-07-16T06:28:01.647+0000] {logging_mixin.py:188} INFO - Downloaded AMZN/1784068001.json -> /tmp/minio_downloads/1784068001.json
[2026-07-16T06:28:01.652+0000] {logging_mixin.py:188} INFO - Downloaded AMZN/1784068008.json -> /tmp/minio_downloads/1784068008.json
[2026-07-16T06:28:01.657+0000] {logging_mixin.py:188} INFO - Downloaded AMZN/1784068014.json -> /tmp/minio_downloads/1784068014.json
[2026-07-16T06:28:01.663+0000] {logging_mixin.py:188} INFO - Downloaded AMZN/1784068021.json -> /tmp/minio_downloads/1784068021.json
[2026-07-16T06:28:01.672+0000] {logging_mixin.py:188} INFO - Downloaded AMZN/1784068028.json -> /tmp/minio_downloads/1784068028.json
[2026-07-16T06:28:01.678+0000] {logging_mixin.py:188} INFO - Downloaded AMZN/1784068035.json -> /tmp/minio_downloads/1784068035.json
[2026-07-16T06:28:01.684+0000] {logging_mixin.py:188} INFO - Downloaded AMZN/1784068042.json -> /tmp/minio_downloads/1784068042.json
[2026-07-16T06:28:01.688+0000] {logging_mixin.py:188} INFO - Downloaded AMZN/1784068049.json -> /tmp/minio_downloads/1784068049.json
[2026-07-16T06:28:01.694+0000] {logging_mixin.py:188} INFO - Downloaded AMZN/1784068056.json -> /tmp/minio_downloads/1784068056.json
[2026-07-16T06:28:01.699+0000] {logging_mixin.py:188} INFO - Downloaded AMZN/1784068063.json -> /tmp/minio_downloads/1784068063.json
[2026-07-16T06:28:01.704+0000] {logging_mixin.py:188} INFO - Downloaded AMZN/1784068070.json -> /tmp/minio_downloads/1784068070.json
[2026-07-16T06:28:01.708+0000] {logging_mixin.py:188} INFO - Downloaded AMZN/1784068077.json -> /tmp/minio_downloads/1784068077.json
[2026-07-16T06:28:01.713+0000] {logging_mixin.py:188} INFO - Downloaded AMZN/1784068084.json -> /tmp/minio_downloads/1784068084.json
[2026-07-16T06:28:01.718+0000] {logging_mixin.py:188} INFO - Downloaded AMZN/1784068091.json -> /tmp/minio_downloads/1784068091.json
[2026-07-16T06:28:01.723+0000] {logging_mixin.py:188} INFO - Downloaded AMZN/1784068098.json -> /tmp/minio_downloads/1784068098.json
[2026-07-16T06:28:01.728+0000] {logging_mixin.py:188} INFO - Downloaded AMZN/1784068105.json -> /tmp/minio_downloads/1784068105.json
[2026-07-16T06:28:01.733+0000] {logging_mixin.py:188} INFO - Downloaded AMZN/1784068111.json -> /tmp/minio_downloads/1784068111.json
[2026-07-16T06:28:01.738+0000] {logging_mixin.py:188} INFO - Downloaded AMZN/1784068118.json -> /tmp/minio_downloads/1784068118.json
[2026-07-16T06:28:01.743+0000] {logging_mixin.py:188} INFO - Downloaded AMZN/1784068125.json -> /tmp/minio_downloads/1784068125.json
[2026-07-16T06:28:01.748+0000] {logging_mixin.py:188} INFO - Downloaded AMZN/1784068132.json -> /tmp/minio_downloads/1784068132.json
[2026-07-16T06:28:01.753+0000] {logging_mixin.py:188} INFO - Downloaded AMZN/1784068139.json -> /tmp/minio_downloads/1784068139.json
[2026-07-16T06:28:01.757+0000] {logging_mixin.py:188} INFO - Downloaded AMZN/1784068146.json -> /tmp/minio_downloads/1784068146.json
[2026-07-16T06:28:01.762+0000] {logging_mixin.py:188} INFO - Downloaded AMZN/1784068153.json -> /tmp/minio_downloads/1784068153.json
[2026-07-16T06:28:01.767+0000] {logging_mixin.py:188} INFO - Downloaded AMZN/1784068160.json -> /tmp/minio_downloads/1784068160.json
[2026-07-16T06:28:01.772+0000] {logging_mixin.py:188} INFO - Downloaded AMZN/1784068167.json -> /tmp/minio_downloads/1784068167.json
[2026-07-16T06:28:01.776+0000] {logging_mixin.py:188} INFO - Downloaded AMZN/1784068174.json -> /tmp/minio_downloads/1784068174.json
[2026-07-16T06:28:01.781+0000] {logging_mixin.py:188} INFO - Downloaded AMZN/1784068180.json -> /tmp/minio_downloads/1784068180.json
[2026-07-16T06:28:01.786+0000] {logging_mixin.py:188} INFO - Downloaded AMZN/1784068187.json -> /tmp/minio_downloads/1784068187.json
[2026-07-16T06:28:01.791+0000] {logging_mixin.py:188} INFO - Downloaded AMZN/1784068194.json -> /tmp/minio_downloads/1784068194.json
[2026-07-16T06:28:01.796+0000] {logging_mixin.py:188} INFO - Downloaded AMZN/1784068201.json -> /tmp/minio_downloads/1784068201.json
[2026-07-16T06:28:01.800+0000] {logging_mixin.py:188} INFO - Downloaded AMZN/1784068208.json -> /tmp/minio_downloads/1784068208.json
[2026-07-16T06:28:01.805+0000] {logging_mixin.py:188} INFO - Downloaded AMZN/1784068215.json -> /tmp/minio_downloads/1784068215.json
[2026-07-16T06:28:01.810+0000] {logging_mixin.py:188} INFO - Downloaded AMZN/1784068222.json -> /tmp/minio_downloads/1784068222.json
[2026-07-16T06:28:01.814+0000] {logging_mixin.py:188} INFO - Downloaded AMZN/1784068229.json -> /tmp/minio_downloads/1784068229.json
[2026-07-16T06:28:01.819+0000] {logging_mixin.py:188} INFO - Downloaded AMZN/1784068236.json -> /tmp/minio_downloads/1784068236.json
[2026-07-16T06:28:01.824+0000] {logging_mixin.py:188} INFO - Downloaded AMZN/1784068243.json -> /tmp/minio_downloads/1784068243.json
[2026-07-16T06:28:01.828+0000] {logging_mixin.py:188} INFO - Downloaded AMZN/1784068249.json -> /tmp/minio_downloads/1784068249.json
[2026-07-16T06:28:01.833+0000] {logging_mixin.py:188} INFO - Downloaded AMZN/1784068256.json -> /tmp/minio_downloads/1784068256.json
[2026-07-16T06:28:01.838+0000] {logging_mixin.py:188} INFO - Downloaded AMZN/1784068263.json -> /tmp/minio_downloads/1784068263.json
[2026-07-16T06:28:01.843+0000] {logging_mixin.py:188} INFO - Downloaded AMZN/1784068270.json -> /tmp/minio_downloads/1784068270.json
[2026-07-16T06:28:01.848+0000] {logging_mixin.py:188} INFO - Downloaded AMZN/1784068277.json -> /tmp/minio_downloads/1784068277.json
[2026-07-16T06:28:01.852+0000] {logging_mixin.py:188} INFO - Downloaded AMZN/1784068284.json -> /tmp/minio_downloads/1784068284.json
[2026-07-16T06:28:01.857+0000] {logging_mixin.py:188} INFO - Downloaded AMZN/1784068291.json -> /tmp/minio_downloads/1784068291.json
[2026-07-16T06:28:01.862+0000] {logging_mixin.py:188} INFO - Downloaded AMZN/1784068298.json -> /tmp/minio_downloads/1784068298.json
[2026-07-16T06:28:01.867+0000] {logging_mixin.py:188} INFO - Downloaded AMZN/1784068305.json -> /tmp/minio_downloads/1784068305.json
[2026-07-16T06:28:01.872+0000] {logging_mixin.py:188} INFO - Downloaded AMZN/1784068312.json -> /tmp/minio_downloads/1784068312.json
[2026-07-16T06:28:01.876+0000] {logging_mixin.py:188} INFO - Downloaded AMZN/1784068319.json -> /tmp/minio_downloads/1784068319.json
[2026-07-16T06:28:01.881+0000] {logging_mixin.py:188} INFO - Downloaded AMZN/1784068326.json -> /tmp/minio_downloads/1784068326.json
[2026-07-16T06:28:01.886+0000] {logging_mixin.py:188} INFO - Downloaded AMZN/1784068333.json -> /tmp/minio_downloads/1784068333.json
[2026-07-16T06:28:01.892+0000] {logging_mixin.py:188} INFO - Downloaded AMZN/1784068339.json -> /tmp/minio_downloads/1784068339.json
[2026-07-16T06:28:01.896+0000] {logging_mixin.py:188} INFO - Downloaded AMZN/1784068346.json -> /tmp/minio_downloads/1784068346.json
[2026-07-16T06:28:01.901+0000] {logging_mixin.py:188} INFO - Downloaded AMZN/1784068353.json -> /tmp/minio_downloads/1784068353.json
[2026-07-16T06:28:01.906+0000] {logging_mixin.py:188} INFO - Downloaded AMZN/1784068360.json -> /tmp/minio_downloads/1784068360.json
[2026-07-16T06:28:01.911+0000] {logging_mixin.py:188} INFO - Downloaded AMZN/1784068367.json -> /tmp/minio_downloads/1784068367.json
[2026-07-16T06:28:01.915+0000] {logging_mixin.py:188} INFO - Downloaded AMZN/1784068374.json -> /tmp/minio_downloads/1784068374.json
[2026-07-16T06:28:01.920+0000] {logging_mixin.py:188} INFO - Downloaded AMZN/1784068381.json -> /tmp/minio_downloads/1784068381.json
[2026-07-16T06:28:01.925+0000] {logging_mixin.py:188} INFO - Downloaded AMZN/1784068388.json -> /tmp/minio_downloads/1784068388.json
[2026-07-16T06:28:01.930+0000] {logging_mixin.py:188} INFO - Downloaded AMZN/1784068395.json -> /tmp/minio_downloads/1784068395.json
[2026-07-16T06:28:01.935+0000] {logging_mixin.py:188} INFO - Downloaded AMZN/1784068402.json -> /tmp/minio_downloads/1784068402.json
[2026-07-16T06:28:01.939+0000] {logging_mixin.py:188} INFO - Downloaded AMZN/1784068409.json -> /tmp/minio_downloads/1784068409.json
[2026-07-16T06:28:01.945+0000] {logging_mixin.py:188} INFO - Downloaded AMZN/1784068416.json -> /tmp/minio_downloads/1784068416.json
[2026-07-16T06:28:01.952+0000] {logging_mixin.py:188} INFO - Downloaded AMZN/1784068423.json -> /tmp/minio_downloads/1784068423.json
[2026-07-16T06:28:01.959+0000] {logging_mixin.py:188} INFO - Downloaded AMZN/1784068430.json -> /tmp/minio_downloads/1784068430.json
[2026-07-16T06:28:01.966+0000] {logging_mixin.py:188} INFO - Downloaded AMZN/1784068437.json -> /tmp/minio_downloads/1784068437.json
[2026-07-16T06:28:01.973+0000] {logging_mixin.py:188} INFO - Downloaded AMZN/1784068444.json -> /tmp/minio_downloads/1784068444.json
[2026-07-16T06:28:01.981+0000] {logging_mixin.py:188} INFO - Downloaded AMZN/1784068450.json -> /tmp/minio_downloads/1784068450.json
[2026-07-16T06:28:01.987+0000] {logging_mixin.py:188} INFO - Downloaded AMZN/1784068457.json -> /tmp/minio_downloads/1784068457.json
[2026-07-16T06:28:01.995+0000] {logging_mixin.py:188} INFO - Downloaded AMZN/1784068464.json -> /tmp/minio_downloads/1784068464.json
[2026-07-16T06:28:02.003+0000] {logging_mixin.py:188} INFO - Downloaded AMZN/1784068471.json -> /tmp/minio_downloads/1784068471.json
[2026-07-16T06:28:02.010+0000] {logging_mixin.py:188} INFO - Downloaded AMZN/1784068478.json -> /tmp/minio_downloads/1784068478.json
[2026-07-16T06:28:02.017+0000] {logging_mixin.py:188} INFO - Downloaded AMZN/1784068485.json -> /tmp/minio_downloads/1784068485.json
[2026-07-16T06:28:02.025+0000] {logging_mixin.py:188} INFO - Downloaded AMZN/1784068492.json -> /tmp/minio_downloads/1784068492.json
[2026-07-16T06:28:02.031+0000] {logging_mixin.py:188} INFO - Downloaded AMZN/1784068499.json -> /tmp/minio_downloads/1784068499.json
[2026-07-16T06:28:02.037+0000] {logging_mixin.py:188} INFO - Downloaded AMZN/1784068506.json -> /tmp/minio_downloads/1784068506.json
[2026-07-16T06:28:02.045+0000] {logging_mixin.py:188} INFO - Downloaded AMZN/1784068513.json -> /tmp/minio_downloads/1784068513.json
[2026-07-16T06:28:02.050+0000] {logging_mixin.py:188} INFO - Downloaded AMZN/1784068520.json -> /tmp/minio_downloads/1784068520.json
[2026-07-16T06:28:02.056+0000] {logging_mixin.py:188} INFO - Downloaded AMZN/1784068527.json -> /tmp/minio_downloads/1784068527.json
[2026-07-16T06:28:02.060+0000] {logging_mixin.py:188} INFO - Downloaded AMZN/1784068533.json -> /tmp/minio_downloads/1784068533.json
[2026-07-16T06:28:02.065+0000] {logging_mixin.py:188} INFO - Downloaded AMZN/1784068540.json -> /tmp/minio_downloads/1784068540.json
[2026-07-16T06:28:02.070+0000] {logging_mixin.py:188} INFO - Downloaded AMZN/1784068547.json -> /tmp/minio_downloads/1784068547.json
[2026-07-16T06:28:02.075+0000] {logging_mixin.py:188} INFO - Downloaded AMZN/1784068554.json -> /tmp/minio_downloads/1784068554.json
[2026-07-16T06:28:02.080+0000] {logging_mixin.py:188} INFO - Downloaded AMZN/1784068561.json -> /tmp/minio_downloads/1784068561.json
[2026-07-16T06:28:02.085+0000] {logging_mixin.py:188} INFO - Downloaded AMZN/1784068568.json -> /tmp/minio_downloads/1784068568.json
[2026-07-16T06:28:02.092+0000] {logging_mixin.py:188} INFO - Downloaded AMZN/1784068575.json -> /tmp/minio_downloads/1784068575.json
[2026-07-16T06:28:02.100+0000] {logging_mixin.py:188} INFO - Downloaded AMZN/1784068582.json -> /tmp/minio_downloads/1784068582.json
[2026-07-16T06:28:02.107+0000] {logging_mixin.py:188} INFO - Downloaded AMZN/1784068589.json -> /tmp/minio_downloads/1784068589.json
[2026-07-16T06:28:02.113+0000] {logging_mixin.py:188} INFO - Downloaded AMZN/1784068596.json -> /tmp/minio_downloads/1784068596.json
[2026-07-16T06:28:02.118+0000] {logging_mixin.py:188} INFO - Downloaded AMZN/1784068603.json -> /tmp/minio_downloads/1784068603.json
[2026-07-16T06:28:02.125+0000] {logging_mixin.py:188} INFO - Downloaded AMZN/1784068610.json -> /tmp/minio_downloads/1784068610.json
[2026-07-16T06:28:02.130+0000] {logging_mixin.py:188} INFO - Downloaded AMZN/1784068617.json -> /tmp/minio_downloads/1784068617.json
[2026-07-16T06:28:02.136+0000] {logging_mixin.py:188} INFO - Downloaded AMZN/1784068623.json -> /tmp/minio_downloads/1784068623.json
[2026-07-16T06:28:02.142+0000] {logging_mixin.py:188} INFO - Downloaded AMZN/1784068630.json -> /tmp/minio_downloads/1784068630.json
[2026-07-16T06:28:02.148+0000] {logging_mixin.py:188} INFO - Downloaded AMZN/1784068637.json -> /tmp/minio_downloads/1784068637.json
[2026-07-16T06:28:02.153+0000] {logging_mixin.py:188} INFO - Downloaded AMZN/1784068644.json -> /tmp/minio_downloads/1784068644.json
[2026-07-16T06:28:02.159+0000] {logging_mixin.py:188} INFO - Downloaded AMZN/1784068651.json -> /tmp/minio_downloads/1784068651.json
[2026-07-16T06:28:02.165+0000] {logging_mixin.py:188} INFO - Downloaded AMZN/1784068658.json -> /tmp/minio_downloads/1784068658.json
[2026-07-16T06:28:02.171+0000] {logging_mixin.py:188} INFO - Downloaded AMZN/1784068665.json -> /tmp/minio_downloads/1784068665.json
[2026-07-16T06:28:02.177+0000] {logging_mixin.py:188} INFO - Downloaded AMZN/1784068672.json -> /tmp/minio_downloads/1784068672.json
[2026-07-16T06:28:02.183+0000] {logging_mixin.py:188} INFO - Downloaded AMZN/1784068679.json -> /tmp/minio_downloads/1784068679.json
[2026-07-16T06:28:02.188+0000] {logging_mixin.py:188} INFO - Downloaded AMZN/1784068685.json -> /tmp/minio_downloads/1784068685.json
[2026-07-16T06:28:02.194+0000] {logging_mixin.py:188} INFO - Downloaded AMZN/1784068692.json -> /tmp/minio_downloads/1784068692.json
[2026-07-16T06:28:02.200+0000] {logging_mixin.py:188} INFO - Downloaded AMZN/1784068699.json -> /tmp/minio_downloads/1784068699.json
[2026-07-16T06:28:02.206+0000] {logging_mixin.py:188} INFO - Downloaded AMZN/1784068706.json -> /tmp/minio_downloads/1784068706.json
[2026-07-16T06:28:02.212+0000] {logging_mixin.py:188} INFO - Downloaded AMZN/1784068713.json -> /tmp/minio_downloads/1784068713.json
[2026-07-16T06:28:02.218+0000] {logging_mixin.py:188} INFO - Downloaded AMZN/1784068720.json -> /tmp/minio_downloads/1784068720.json
[2026-07-16T06:28:02.223+0000] {logging_mixin.py:188} INFO - Downloaded AMZN/1784068727.json -> /tmp/minio_downloads/1784068727.json
[2026-07-16T06:28:02.229+0000] {logging_mixin.py:188} INFO - Downloaded AMZN/1784071997.json -> /tmp/minio_downloads/1784071997.json
[2026-07-16T06:28:02.235+0000] {logging_mixin.py:188} INFO - Downloaded AMZN/1784072004.json -> /tmp/minio_downloads/1784072004.json
[2026-07-16T06:28:02.241+0000] {logging_mixin.py:188} INFO - Downloaded AMZN/1784072011.json -> /tmp/minio_downloads/1784072011.json
[2026-07-16T07:09:46.841+0000] {taskinstance.py:441} INFO - ::group::Post task execution logs
[2026-07-16T07:09:46.842+0000] {taskinstance.py:2905} ERROR - Task failed with exception
Traceback (most recent call last):
  File "/home/airflow/.local/lib/python3.12/site-packages/airflow/models/taskinstance.py", line 465, in _execute_task
    result = _execute_callable(context=context, **execute_callable_kwargs)
             ^^^^^^^^^^^^^^^^^^^^^^^^^^^^^^^^^^^^^^^^^^^^^^^^^^^^^^^^^^^^^
  File "/home/airflow/.local/lib/python3.12/site-packages/airflow/models/taskinstance.py", line 432, in _execute_callable
    return execute_callable(context=context, **execute_callable_kwargs)
           ^^^^^^^^^^^^^^^^^^^^^^^^^^^^^^^^^^^^^^^^^^^^^^^^^^^^^^^^^^^^
  File "/home/airflow/.local/lib/python3.12/site-packages/airflow/models/baseoperator.py", line 401, in wrapper
    return func(self, *args, **kwargs)
           ^^^^^^^^^^^^^^^^^^^^^^^^^^^
  File "/home/airflow/.local/lib/python3.12/site-packages/airflow/operators/python.py", line 235, in execute
    return_value = self.execute_callable()
                   ^^^^^^^^^^^^^^^^^^^^^^^
  File "/home/airflow/.local/lib/python3.12/site-packages/airflow/operators/python.py", line 252, in execute_callable
    return self.python_callable(*self.op_args, **self.op_kwargs)
           ^^^^^^^^^^^^^^^^^^^^^^^^^^^^^^^^^^^^^^^^^^^^^^^^^^^^^
  File "/opt/airflow/dags/minio_to_snowflake.py", line 37, in download_from_minio
    s3.download_file(BUCKET, key, local_file)
  File "/home/airflow/.local/lib/python3.12/site-packages/boto3/s3/inject.py", line 192, in download_file
    return transfer.download_file(
           ^^^^^^^^^^^^^^^^^^^^^^^
  File "/home/airflow/.local/lib/python3.12/site-packages/boto3/s3/transfer.py", line 406, in download_file
    future.result()
  File "/home/airflow/.local/lib/python3.12/site-packages/s3transfer/futures.py", line 103, in result
    return self._coordinator.result()
           ^^^^^^^^^^^^^^^^^^^^^^^^^^
  File "/home/airflow/.local/lib/python3.12/site-packages/s3transfer/futures.py", line 266, in result
    raise self._exception
  File "/home/airflow/.local/lib/python3.12/site-packages/s3transfer/tasks.py", line 139, in __call__
    return self._execute_main(kwargs)
           ^^^^^^^^^^^^^^^^^^^^^^^^^^
  File "/home/airflow/.local/lib/python3.12/site-packages/s3transfer/tasks.py", line 162, in _execute_main
    return_value = self._main(**kwargs)
                   ^^^^^^^^^^^^^^^^^^^^
  File "/home/airflow/.local/lib/python3.12/site-packages/s3transfer/download.py", line 569, in _main
    response = client.get_object(
               ^^^^^^^^^^^^^^^^^^
  File "/home/airflow/.local/lib/python3.12/site-packages/botocore/client.py", line 565, in _api_call
    return self._make_api_call(operation_name, kwargs)
           ^^^^^^^^^^^^^^^^^^^^^^^^^^^^^^^^^^^^^^^^^^^
  File "/home/airflow/.local/lib/python3.12/site-packages/botocore/client.py", line 1021, in _make_api_call
    raise error_class(parsed_response, operation_name)
botocore.exceptions.ClientError: An error occurred (RequestTimeTooSkewed) when calling the GetObject operation: The difference between the request time and the server's time is too large.
[2026-07-16T07:09:46.857+0000] {taskinstance.py:1206} INFO - Marking task as UP_FOR_RETRY. dag_id=minio_to_snowflake, task_id=download_minio, run_id=scheduled__2026-07-16T06:26:00+00:00, execution_date=20260716T062600, start_date=20260716T062759, end_date=20260716T070946
[2026-07-16T07:09:46.870+0000] {standard_task_runner.py:110} ERROR - Failed to execute job 363 for task download_minio (An error occurred (RequestTimeTooSkewed) when calling the GetObject operation: The difference between the request time and the server's time is too large.; 26639)
[2026-07-16T07:09:46.903+0000] {local_task_job_runner.py:243} INFO - Task exited with return code 1
[2026-07-16T07:09:46.927+0000] {taskinstance.py:3503} INFO - 0 downstream tasks scheduled from follow-on schedule check
[2026-07-16T07:09:46.929+0000] {local_task_job_runner.py:222} INFO - ::endgroup::
